Device: cuda
Calculated Mean: tensor([0.7715, 0.8988, 0.9856])
Calculated Std: tensor([0.2449, 0.1588, 0.0835])
Dataset: map, Train set: 7350, Val set: 1575
[!] Training from scratch
Epoch 1, Itrs 10/30000, Loss=0.524611
Epoch 1, Itrs 20/30000, Loss=0.095751
Epoch 1, Itrs 30/30000, Loss=0.070310
Epoch 1, Itrs 40/30000, Loss=0.057295
Epoch 1, Itrs 50/30000, Loss=0.049828
Epoch 1, Itrs 60/30000, Loss=0.049120
Epoch 1, Itrs 70/30000, Loss=0.051416
Epoch 1, Itrs 80/30000, Loss=0.047982
Epoch 1, Itrs 90/30000, Loss=0.043566
Epoch 1, Itrs 100/30000, Loss=0.047138
Epoch 1, Itrs 110/30000, Loss=0.041268
Epoch 1, Itrs 120/30000, Loss=0.045628
Epoch 1, Itrs 130/30000, Loss=0.045744
Epoch 1, Itrs 140/30000, Loss=0.042128
Epoch 1, Itrs 150/30000, Loss=0.038269
Epoch 1, Itrs 160/30000, Loss=0.040722
Epoch 1, Itrs 170/30000, Loss=0.041097
Epoch 1, Itrs 180/30000, Loss=0.041214
Epoch 1, Itrs 190/30000, Loss=0.041527
Epoch 1, Itrs 200/30000, Loss=0.043048
Epoch 1, Itrs 210/30000, Loss=0.042446
Epoch 1, Itrs 220/30000, Loss=0.039044
Epoch 1, Itrs 230/30000, Loss=0.038465
Epoch 1, Itrs 240/30000, Loss=0.042224
Epoch 1, Itrs 250/30000, Loss=0.040571
Epoch 1, Itrs 260/30000, Loss=0.038769
Epoch 1, Itrs 270/30000, Loss=0.040510
Epoch 1, Itrs 280/30000, Loss=0.036177
Epoch 1, Itrs 290/30000, Loss=0.039373
Epoch 1, Itrs 300/30000, Loss=0.040001
Epoch 1, Itrs 310/30000, Loss=0.038290
Epoch 1, Itrs 320/30000, Loss=0.039114
Epoch 1, Itrs 330/30000, Loss=0.037127
Epoch 1, Itrs 340/30000, Loss=0.040453
Epoch 1, Itrs 350/30000, Loss=0.040387
Epoch 1, Itrs 360/30000, Loss=0.038434
Epoch 1, Itrs 370/30000, Loss=0.038674
Epoch 1, Itrs 380/30000, Loss=0.037047
Epoch 1, Itrs 390/30000, Loss=0.037590
Epoch 1, Itrs 400/30000, Loss=0.036917
Epoch 1, Itrs 410/30000, Loss=0.033893
Epoch 1, Itrs 420/30000, Loss=0.040349
Epoch 1, Itrs 430/30000, Loss=0.038875
Epoch 1, Itrs 440/30000, Loss=0.038769
Epoch 1, Itrs 450/30000, Loss=0.036560
Epoch 2, Itrs 460/30000, Loss=0.037944
Epoch 2, Itrs 470/30000, Loss=0.038284
Epoch 2, Itrs 480/30000, Loss=0.039118
Epoch 2, Itrs 490/30000, Loss=0.036201
Epoch 2, Itrs 500/30000, Loss=0.036701
Model saved as checkpoints/latest_deeplabv3plus_resnet50_map_os16.pth
validation...

Overall Acc: 0.985010
Mean Acc: 0.641093
FreqW Acc: 0.972309
Mean IoU: 0.606101

Model saved as checkpoints/best_deeplabv3plus_resnet50_map_os16.pth
Epoch 2, Itrs 510/30000, Loss=0.034639
Epoch 2, Itrs 520/30000, Loss=0.037634
Epoch 2, Itrs 530/30000, Loss=0.037102
Epoch 2, Itrs 540/30000, Loss=0.034098
Epoch 2, Itrs 550/30000, Loss=0.036984
Epoch 2, Itrs 560/30000, Loss=0.033701
Epoch 2, Itrs 570/30000, Loss=0.035833
Epoch 2, Itrs 580/30000, Loss=0.035725
Epoch 2, Itrs 590/30000, Loss=0.034955
Epoch 2, Itrs 600/30000, Loss=0.034317
Epoch 2, Itrs 610/30000, Loss=0.033863
Epoch 2, Itrs 620/30000, Loss=0.034581
Epoch 2, Itrs 630/30000, Loss=0.036029
Epoch 2, Itrs 640/30000, Loss=0.035983
Epoch 2, Itrs 650/30000, Loss=0.033568
Epoch 2, Itrs 660/30000, Loss=0.035221
Epoch 2, Itrs 670/30000, Loss=0.037425
Epoch 2, Itrs 680/30000, Loss=0.035335
Epoch 2, Itrs 690/30000, Loss=0.034851
Epoch 2, Itrs 700/30000, Loss=0.031495
Epoch 2, Itrs 710/30000, Loss=0.035807
Epoch 2, Itrs 720/30000, Loss=0.033665
Epoch 2, Itrs 730/30000, Loss=0.033756
Epoch 2, Itrs 740/30000, Loss=0.033770
Epoch 2, Itrs 750/30000, Loss=0.034870
Epoch 2, Itrs 760/30000, Loss=0.033779
Epoch 2, Itrs 770/30000, Loss=0.033489
Epoch 2, Itrs 780/30000, Loss=0.034768
Epoch 2, Itrs 790/30000, Loss=0.035478
Epoch 2, Itrs 800/30000, Loss=0.032314
Epoch 2, Itrs 810/30000, Loss=0.032634
Epoch 2, Itrs 820/30000, Loss=0.034050
Epoch 2, Itrs 830/30000, Loss=0.034599
Epoch 2, Itrs 840/30000, Loss=0.032592
Epoch 2, Itrs 850/30000, Loss=0.034974
Epoch 2, Itrs 860/30000, Loss=0.033110
Epoch 2, Itrs 870/30000, Loss=0.030779
Epoch 2, Itrs 880/30000, Loss=0.032460
Epoch 2, Itrs 890/30000, Loss=0.032126
Epoch 2, Itrs 900/30000, Loss=0.034124
Epoch 2, Itrs 910/30000, Loss=0.034967
Epoch 3, Itrs 920/30000, Loss=0.033117
Epoch 3, Itrs 930/30000, Loss=0.034667
Epoch 3, Itrs 940/30000, Loss=0.030487
Epoch 3, Itrs 950/30000, Loss=0.034907
Epoch 3, Itrs 960/30000, Loss=0.034834
Epoch 3, Itrs 970/30000, Loss=0.032705
Epoch 3, Itrs 980/30000, Loss=0.034095
Epoch 3, Itrs 990/30000, Loss=0.030181
Epoch 3, Itrs 1000/30000, Loss=0.030462
Model saved as checkpoints/latest_deeplabv3plus_resnet50_map_os16.pth
validation...

Overall Acc: 0.985799
Mean Acc: 0.670783
FreqW Acc: 0.973425
Mean IoU: 0.637243

Model saved as checkpoints/best_deeplabv3plus_resnet50_map_os16.pth
Epoch 3, Itrs 1010/30000, Loss=0.034055
Epoch 3, Itrs 1020/30000, Loss=0.032309
Epoch 3, Itrs 1030/30000, Loss=0.033359
Epoch 3, Itrs 1040/30000, Loss=0.032422
Epoch 3, Itrs 1050/30000, Loss=0.031087
Epoch 3, Itrs 1060/30000, Loss=0.035557
Epoch 3, Itrs 1070/30000, Loss=0.031809
Epoch 3, Itrs 1080/30000, Loss=0.033784
Epoch 3, Itrs 1090/30000, Loss=0.033422
Epoch 3, Itrs 1100/30000, Loss=0.034315
Epoch 3, Itrs 1110/30000, Loss=0.032799
Epoch 3, Itrs 1120/30000, Loss=0.035271
Epoch 3, Itrs 1130/30000, Loss=0.032264
Epoch 3, Itrs 1140/30000, Loss=0.031610
Epoch 3, Itrs 1150/30000, Loss=0.033588
Epoch 3, Itrs 1160/30000, Loss=0.035317
Epoch 3, Itrs 1170/30000, Loss=0.032204
Epoch 3, Itrs 1180/30000, Loss=0.033180
Epoch 3, Itrs 1190/30000, Loss=0.031405
Epoch 3, Itrs 1200/30000, Loss=0.031408
Epoch 3, Itrs 1210/30000, Loss=0.028875
Epoch 3, Itrs 1220/30000, Loss=0.033864
Epoch 3, Itrs 1230/30000, Loss=0.034591
Epoch 3, Itrs 1240/30000, Loss=0.030366
Epoch 3, Itrs 1250/30000, Loss=0.032801
Epoch 3, Itrs 1260/30000, Loss=0.033738
Epoch 3, Itrs 1270/30000, Loss=0.029949
Epoch 3, Itrs 1280/30000, Loss=0.031711
Epoch 3, Itrs 1290/30000, Loss=0.033377
Epoch 3, Itrs 1300/30000, Loss=0.030890
Epoch 3, Itrs 1310/30000, Loss=0.030734
Epoch 3, Itrs 1320/30000, Loss=0.032961
Epoch 3, Itrs 1330/30000, Loss=0.029222
Epoch 3, Itrs 1340/30000, Loss=0.032522
Epoch 3, Itrs 1350/30000, Loss=0.029961
Epoch 3, Itrs 1360/30000, Loss=0.030878
Epoch 3, Itrs 1370/30000, Loss=0.030843
Epoch 4, Itrs 1380/30000, Loss=0.030314
Epoch 4, Itrs 1390/30000, Loss=0.032035
Epoch 4, Itrs 1400/30000, Loss=0.030045
Epoch 4, Itrs 1410/30000, Loss=0.031124
Epoch 4, Itrs 1420/30000, Loss=0.031341
Epoch 4, Itrs 1430/30000, Loss=0.031560
Epoch 4, Itrs 1440/30000, Loss=0.033335
Epoch 4, Itrs 1450/30000, Loss=0.028660
Epoch 4, Itrs 1460/30000, Loss=0.029593
Epoch 4, Itrs 1470/30000, Loss=0.031000
Epoch 4, Itrs 1480/30000, Loss=0.032640
Epoch 4, Itrs 1490/30000, Loss=0.032076
Epoch 4, Itrs 1500/30000, Loss=0.032413
Model saved as checkpoints/latest_deeplabv3plus_resnet50_map_os16.pth
validation...

Overall Acc: 0.986107
Mean Acc: 0.705679
FreqW Acc: 0.974518
Mean IoU: 0.664142

Model saved as checkpoints/best_deeplabv3plus_resnet50_map_os16.pth
Epoch 4, Itrs 1510/30000, Loss=0.030023
Epoch 4, Itrs 1520/30000, Loss=0.033464
Epoch 4, Itrs 1530/30000, Loss=0.034073
Epoch 4, Itrs 1540/30000, Loss=0.033850
Epoch 4, Itrs 1550/30000, Loss=0.032092
Epoch 4, Itrs 1560/30000, Loss=0.030999
Epoch 4, Itrs 1570/30000, Loss=0.031263
Epoch 4, Itrs 1580/30000, Loss=0.032002
Epoch 4, Itrs 1590/30000, Loss=0.030597
Epoch 4, Itrs 1600/30000, Loss=0.030452
Epoch 4, Itrs 1610/30000, Loss=0.030479
Epoch 4, Itrs 1620/30000, Loss=0.030490
Epoch 4, Itrs 1630/30000, Loss=0.029121
Epoch 4, Itrs 1640/30000, Loss=0.031129
Epoch 4, Itrs 1650/30000, Loss=0.031034
Epoch 4, Itrs 1660/30000, Loss=0.029898
Epoch 4, Itrs 1670/30000, Loss=0.027977
Epoch 4, Itrs 1680/30000, Loss=0.028751
Epoch 4, Itrs 1690/30000, Loss=0.030518
Epoch 4, Itrs 1700/30000, Loss=0.031387
Epoch 4, Itrs 1710/30000, Loss=0.030581
Epoch 4, Itrs 1720/30000, Loss=0.031016
Epoch 4, Itrs 1730/30000, Loss=0.033468
Epoch 4, Itrs 1740/30000, Loss=0.028793
Epoch 4, Itrs 1750/30000, Loss=0.030560
Epoch 4, Itrs 1760/30000, Loss=0.034388
Epoch 4, Itrs 1770/30000, Loss=0.030345
Epoch 4, Itrs 1780/30000, Loss=0.027855
Epoch 4, Itrs 1790/30000, Loss=0.029423
Epoch 4, Itrs 1800/30000, Loss=0.028836
Epoch 4, Itrs 1810/30000, Loss=0.031513
Epoch 4, Itrs 1820/30000, Loss=0.033227
Epoch 4, Itrs 1830/30000, Loss=0.030961
Epoch 5, Itrs 1840/30000, Loss=0.029500
Epoch 5, Itrs 1850/30000, Loss=0.028305
Epoch 5, Itrs 1860/30000, Loss=0.030481
Epoch 5, Itrs 1870/30000, Loss=0.030170
Epoch 5, Itrs 1880/30000, Loss=0.029052
Epoch 5, Itrs 1890/30000, Loss=0.031039
Epoch 5, Itrs 1900/30000, Loss=0.031567
Epoch 5, Itrs 1910/30000, Loss=0.034116
Epoch 5, Itrs 1920/30000, Loss=0.027324
Epoch 5, Itrs 1930/30000, Loss=0.028793
Epoch 5, Itrs 1940/30000, Loss=0.029108
Epoch 5, Itrs 1950/30000, Loss=0.029795
Epoch 5, Itrs 1960/30000, Loss=0.032250
Epoch 5, Itrs 1970/30000, Loss=0.030731
Epoch 5, Itrs 1980/30000, Loss=0.031609
Epoch 5, Itrs 1990/30000, Loss=0.030148
Epoch 5, Itrs 2000/30000, Loss=0.033767
Model saved as checkpoints/latest_deeplabv3plus_resnet50_map_os16.pth
validation...

Overall Acc: 0.986330
Mean Acc: 0.728517
FreqW Acc: 0.975296
Mean IoU: 0.681661

Model saved as checkpoints/best_deeplabv3plus_resnet50_map_os16.pth
Epoch 5, Itrs 2010/30000, Loss=0.029483
Epoch 5, Itrs 2020/30000, Loss=0.029818
Epoch 5, Itrs 2030/30000, Loss=0.029635
Epoch 5, Itrs 2040/30000, Loss=0.029873
Epoch 5, Itrs 2050/30000, Loss=0.028323
Epoch 5, Itrs 2060/30000, Loss=0.029520
Epoch 5, Itrs 2070/30000, Loss=0.028080
Epoch 5, Itrs 2080/30000, Loss=0.032529
Epoch 5, Itrs 2090/30000, Loss=0.029024
Epoch 5, Itrs 2100/30000, Loss=0.030342
Epoch 5, Itrs 2110/30000, Loss=0.029793
Epoch 5, Itrs 2120/30000, Loss=0.029917
Epoch 5, Itrs 2130/30000, Loss=0.027400
Epoch 5, Itrs 2140/30000, Loss=0.028856
Epoch 5, Itrs 2150/30000, Loss=0.031377
Epoch 5, Itrs 2160/30000, Loss=0.028508
Epoch 5, Itrs 2170/30000, Loss=0.031890
Epoch 5, Itrs 2180/30000, Loss=0.031470
Epoch 5, Itrs 2190/30000, Loss=0.028738
Epoch 5, Itrs 2200/30000, Loss=0.031284
Epoch 5, Itrs 2210/30000, Loss=0.029761
Epoch 5, Itrs 2220/30000, Loss=0.029148
Epoch 5, Itrs 2230/30000, Loss=0.030560
Epoch 5, Itrs 2240/30000, Loss=0.029276
Epoch 5, Itrs 2250/30000, Loss=0.028639
Epoch 5, Itrs 2260/30000, Loss=0.032231
Epoch 5, Itrs 2270/30000, Loss=0.029635
Epoch 5, Itrs 2280/30000, Loss=0.029873
Epoch 5, Itrs 2290/30000, Loss=0.030599
Epoch 6, Itrs 2300/30000, Loss=0.027686
Epoch 6, Itrs 2310/30000, Loss=0.029174
Epoch 6, Itrs 2320/30000, Loss=0.029013
Epoch 6, Itrs 2330/30000, Loss=0.029324
Epoch 6, Itrs 2340/30000, Loss=0.031350
Epoch 6, Itrs 2350/30000, Loss=0.028066
Epoch 6, Itrs 2360/30000, Loss=0.031081
Epoch 6, Itrs 2370/30000, Loss=0.032953
Epoch 6, Itrs 2380/30000, Loss=0.027315
Epoch 6, Itrs 2390/30000, Loss=0.029918
Epoch 6, Itrs 2400/30000, Loss=0.029947
Epoch 6, Itrs 2410/30000, Loss=0.027388
Epoch 6, Itrs 2420/30000, Loss=0.028522
Epoch 6, Itrs 2430/30000, Loss=0.029033
Epoch 6, Itrs 2440/30000, Loss=0.030635
Epoch 6, Itrs 2450/30000, Loss=0.030152
Epoch 6, Itrs 2460/30000, Loss=0.029161
Epoch 6, Itrs 2470/30000, Loss=0.030283
Epoch 6, Itrs 2480/30000, Loss=0.028305
Epoch 6, Itrs 2490/30000, Loss=0.026254
Epoch 6, Itrs 2500/30000, Loss=0.029795
Model saved as checkpoints/latest_deeplabv3plus_resnet50_map_os16.pth
validation...

Overall Acc: 0.986584
Mean Acc: 0.728035
FreqW Acc: 0.975534
Mean IoU: 0.684017

Model saved as checkpoints/best_deeplabv3plus_resnet50_map_os16.pth
Epoch 6, Itrs 2510/30000, Loss=0.027184
Epoch 6, Itrs 2520/30000, Loss=0.031712
Epoch 6, Itrs 2530/30000, Loss=0.028656
Epoch 6, Itrs 2540/30000, Loss=0.032582
Epoch 6, Itrs 2550/30000, Loss=0.026955
Epoch 6, Itrs 2560/30000, Loss=0.027180
Epoch 6, Itrs 2570/30000, Loss=0.030229
Epoch 6, Itrs 2580/30000, Loss=0.028900
Epoch 6, Itrs 2590/30000, Loss=0.028687
Epoch 6, Itrs 2600/30000, Loss=0.028151
Epoch 6, Itrs 2610/30000, Loss=0.029113
Epoch 6, Itrs 2620/30000, Loss=0.028312
Epoch 6, Itrs 2630/30000, Loss=0.029200
Epoch 6, Itrs 2640/30000, Loss=0.029930
Epoch 6, Itrs 2650/30000, Loss=0.028267
Epoch 6, Itrs 2660/30000, Loss=0.028547
Epoch 6, Itrs 2670/30000, Loss=0.028749
Epoch 6, Itrs 2680/30000, Loss=0.029371
Epoch 6, Itrs 2690/30000, Loss=0.028504
Epoch 6, Itrs 2700/30000, Loss=0.027379
Epoch 6, Itrs 2710/30000, Loss=0.031500
Epoch 6, Itrs 2720/30000, Loss=0.028969
Epoch 6, Itrs 2730/30000, Loss=0.028690
Epoch 6, Itrs 2740/30000, Loss=0.028732
Epoch 6, Itrs 2750/30000, Loss=0.027841
Epoch 7, Itrs 2760/30000, Loss=0.029253
Epoch 7, Itrs 2770/30000, Loss=0.029142
Epoch 7, Itrs 2780/30000, Loss=0.028665
Epoch 7, Itrs 2790/30000, Loss=0.027350
Epoch 7, Itrs 2800/30000, Loss=0.030746
Epoch 7, Itrs 2810/30000, Loss=0.029463
Epoch 7, Itrs 2820/30000, Loss=0.027512
Epoch 7, Itrs 2830/30000, Loss=0.027748
Epoch 7, Itrs 2840/30000, Loss=0.029830
Epoch 7, Itrs 2850/30000, Loss=0.028451
Epoch 7, Itrs 2860/30000, Loss=0.026679
Epoch 7, Itrs 2870/30000, Loss=0.028733
Epoch 7, Itrs 2880/30000, Loss=0.026251
Epoch 7, Itrs 2890/30000, Loss=0.030097
Epoch 7, Itrs 2900/30000, Loss=0.029910
Epoch 7, Itrs 2910/30000, Loss=0.029438
Epoch 7, Itrs 2920/30000, Loss=0.031912
Epoch 7, Itrs 2930/30000, Loss=0.028798
Epoch 7, Itrs 2940/30000, Loss=0.028517
Epoch 7, Itrs 2950/30000, Loss=0.028413
Epoch 7, Itrs 2960/30000, Loss=0.028824
Epoch 7, Itrs 2970/30000, Loss=0.029452
Epoch 7, Itrs 2980/30000, Loss=0.029538
Epoch 7, Itrs 2990/30000, Loss=0.027007
Epoch 7, Itrs 3000/30000, Loss=0.029723
Model saved as checkpoints/latest_deeplabv3plus_resnet50_map_os16.pth
validation...

Overall Acc: 0.986742
Mean Acc: 0.749094
FreqW Acc: 0.976191
Mean IoU: 0.697763

Model saved as checkpoints/best_deeplabv3plus_resnet50_map_os16.pth
Epoch 7, Itrs 3010/30000, Loss=0.030662
Epoch 7, Itrs 3020/30000, Loss=0.026647
Epoch 7, Itrs 3030/30000, Loss=0.028181
Epoch 7, Itrs 3040/30000, Loss=0.028885
Epoch 7, Itrs 3050/30000, Loss=0.027199
Epoch 7, Itrs 3060/30000, Loss=0.029106
Epoch 7, Itrs 3070/30000, Loss=0.029029
Epoch 7, Itrs 3080/30000, Loss=0.027058
Epoch 7, Itrs 3090/30000, Loss=0.029396
Epoch 7, Itrs 3100/30000, Loss=0.030525
Epoch 7, Itrs 3110/30000, Loss=0.028528
Epoch 7, Itrs 3120/30000, Loss=0.026283
Epoch 7, Itrs 3130/30000, Loss=0.029241
Epoch 7, Itrs 3140/30000, Loss=0.029497
Epoch 7, Itrs 3150/30000, Loss=0.026510
Epoch 7, Itrs 3160/30000, Loss=0.026332
Epoch 7, Itrs 3170/30000, Loss=0.026911
Epoch 7, Itrs 3180/30000, Loss=0.028515
Epoch 7, Itrs 3190/30000, Loss=0.030702
Epoch 7, Itrs 3200/30000, Loss=0.027117
Epoch 7, Itrs 3210/30000, Loss=0.028221
Epoch 8, Itrs 3220/30000, Loss=0.027982
Epoch 8, Itrs 3230/30000, Loss=0.028670
Epoch 8, Itrs 3240/30000, Loss=0.029146
Epoch 8, Itrs 3250/30000, Loss=0.027768
Epoch 8, Itrs 3260/30000, Loss=0.025278
Epoch 8, Itrs 3270/30000, Loss=0.027539
Epoch 8, Itrs 3280/30000, Loss=0.028411
Epoch 8, Itrs 3290/30000, Loss=0.028301
Epoch 8, Itrs 3300/30000, Loss=0.026105
Epoch 8, Itrs 3310/30000, Loss=0.029268
Epoch 8, Itrs 3320/30000, Loss=0.029823
Epoch 8, Itrs 3330/30000, Loss=0.029910
Epoch 8, Itrs 3340/30000, Loss=0.027900
Epoch 8, Itrs 3350/30000, Loss=0.028466
Epoch 8, Itrs 3360/30000, Loss=0.028322
Epoch 8, Itrs 3370/30000, Loss=0.029078
Epoch 8, Itrs 3380/30000, Loss=0.028625
Epoch 8, Itrs 3390/30000, Loss=0.028989
Epoch 8, Itrs 3400/30000, Loss=0.027530
Epoch 8, Itrs 3410/30000, Loss=0.027893
Epoch 8, Itrs 3420/30000, Loss=0.029531
Epoch 8, Itrs 3430/30000, Loss=0.030389
Epoch 8, Itrs 3440/30000, Loss=0.026940
Epoch 8, Itrs 3450/30000, Loss=0.029272
Epoch 8, Itrs 3460/30000, Loss=0.026750
Epoch 8, Itrs 3470/30000, Loss=0.027313
Epoch 8, Itrs 3480/30000, Loss=0.027869
Epoch 8, Itrs 3490/30000, Loss=0.025549
Epoch 8, Itrs 3500/30000, Loss=0.029051
Model saved as checkpoints/latest_deeplabv3plus_resnet50_map_os16.pth
validation...

Overall Acc: 0.986922
Mean Acc: 0.754035
FreqW Acc: 0.976494
Mean IoU: 0.702271

Model saved as checkpoints/best_deeplabv3plus_resnet50_map_os16.pth
Epoch 8, Itrs 3510/30000, Loss=0.027353
Epoch 8, Itrs 3520/30000, Loss=0.027737
Epoch 8, Itrs 3530/30000, Loss=0.027922
Epoch 8, Itrs 3540/30000, Loss=0.028578
Epoch 8, Itrs 3550/30000, Loss=0.029696
Epoch 8, Itrs 3560/30000, Loss=0.027262
Epoch 8, Itrs 3570/30000, Loss=0.027711
Epoch 8, Itrs 3580/30000, Loss=0.027554
Epoch 8, Itrs 3590/30000, Loss=0.025598
Epoch 8, Itrs 3600/30000, Loss=0.027838
Epoch 8, Itrs 3610/30000, Loss=0.027556
Epoch 8, Itrs 3620/30000, Loss=0.027410
Epoch 8, Itrs 3630/30000, Loss=0.025822
Epoch 8, Itrs 3640/30000, Loss=0.026346
Epoch 8, Itrs 3650/30000, Loss=0.027380
Epoch 8, Itrs 3660/30000, Loss=0.028146
Epoch 8, Itrs 3670/30000, Loss=0.026471
Epoch 9, Itrs 3680/30000, Loss=0.029362
Epoch 9, Itrs 3690/30000, Loss=0.026966
Epoch 9, Itrs 3700/30000, Loss=0.025974
Epoch 9, Itrs 3710/30000, Loss=0.029234
Epoch 9, Itrs 3720/30000, Loss=0.028117
Epoch 9, Itrs 3730/30000, Loss=0.028173
Epoch 9, Itrs 3740/30000, Loss=0.027811
Epoch 9, Itrs 3750/30000, Loss=0.027111
Epoch 9, Itrs 3760/30000, Loss=0.025980
Epoch 9, Itrs 3770/30000, Loss=0.028000
Epoch 9, Itrs 3780/30000, Loss=0.027441
Epoch 9, Itrs 3790/30000, Loss=0.027464
Epoch 9, Itrs 3800/30000, Loss=0.026217
Epoch 9, Itrs 3810/30000, Loss=0.027744
Epoch 9, Itrs 3820/30000, Loss=0.027290
Epoch 9, Itrs 3830/30000, Loss=0.029143
Epoch 9, Itrs 3840/30000, Loss=0.026891
Epoch 9, Itrs 3850/30000, Loss=0.027061
Epoch 9, Itrs 3860/30000, Loss=0.024356
Epoch 9, Itrs 3870/30000, Loss=0.027360
Epoch 9, Itrs 3880/30000, Loss=0.026536
Epoch 9, Itrs 3890/30000, Loss=0.029151
Epoch 9, Itrs 3900/30000, Loss=0.029578
Epoch 9, Itrs 3910/30000, Loss=0.026607
Epoch 9, Itrs 3920/30000, Loss=0.029129
Epoch 9, Itrs 3930/30000, Loss=0.026481
Epoch 9, Itrs 3940/30000, Loss=0.027529
Epoch 9, Itrs 3950/30000, Loss=0.026803
Epoch 9, Itrs 3960/30000, Loss=0.027409
Epoch 9, Itrs 3970/30000, Loss=0.026162
Epoch 9, Itrs 3980/30000, Loss=0.027399
Epoch 9, Itrs 3990/30000, Loss=0.027803
Epoch 9, Itrs 4000/30000, Loss=0.028493
Model saved as checkpoints/latest_deeplabv3plus_resnet50_map_os16.pth
validation...

Overall Acc: 0.987077
Mean Acc: 0.757862
FreqW Acc: 0.976756
Mean IoU: 0.706091

Model saved as checkpoints/best_deeplabv3plus_resnet50_map_os16.pth
Epoch 9, Itrs 4010/30000, Loss=0.027650
Epoch 9, Itrs 4020/30000, Loss=0.028637
Epoch 9, Itrs 4030/30000, Loss=0.030214
Epoch 9, Itrs 4040/30000, Loss=0.025188
Epoch 9, Itrs 4050/30000, Loss=0.028955
Epoch 9, Itrs 4060/30000, Loss=0.029245
Epoch 9, Itrs 4070/30000, Loss=0.026881
Epoch 9, Itrs 4080/30000, Loss=0.024582
Epoch 9, Itrs 4090/30000, Loss=0.026897
Epoch 9, Itrs 4100/30000, Loss=0.027676
Epoch 9, Itrs 4110/30000, Loss=0.026575
Epoch 9, Itrs 4120/30000, Loss=0.027849
Epoch 9, Itrs 4130/30000, Loss=0.028556
Epoch 10, Itrs 4140/30000, Loss=0.026486
Epoch 10, Itrs 4150/30000, Loss=0.026141
Epoch 10, Itrs 4160/30000, Loss=0.028535
Epoch 10, Itrs 4170/30000, Loss=0.026180
Epoch 10, Itrs 4180/30000, Loss=0.027672
Epoch 10, Itrs 4190/30000, Loss=0.025064
Epoch 10, Itrs 4200/30000, Loss=0.026859
Epoch 10, Itrs 4210/30000, Loss=0.027113
Epoch 10, Itrs 4220/30000, Loss=0.026328
Epoch 10, Itrs 4230/30000, Loss=0.027459
Epoch 10, Itrs 4240/30000, Loss=0.029064
Epoch 10, Itrs 4250/30000, Loss=0.023783
Epoch 10, Itrs 4260/30000, Loss=0.027319
Epoch 10, Itrs 4270/30000, Loss=0.025464
Epoch 10, Itrs 4280/30000, Loss=0.026567
Epoch 10, Itrs 4290/30000, Loss=0.026409
Epoch 10, Itrs 4300/30000, Loss=0.027365
Epoch 10, Itrs 4310/30000, Loss=0.027023
Epoch 10, Itrs 4320/30000, Loss=0.027960
Epoch 10, Itrs 4330/30000, Loss=0.026293
Epoch 10, Itrs 4340/30000, Loss=0.028207
Epoch 10, Itrs 4350/30000, Loss=0.026085
Epoch 10, Itrs 4360/30000, Loss=0.027385
Epoch 10, Itrs 4370/30000, Loss=0.025859
Epoch 10, Itrs 4380/30000, Loss=0.027039
Epoch 10, Itrs 4390/30000, Loss=0.027524
Epoch 10, Itrs 4400/30000, Loss=0.029282
Epoch 10, Itrs 4410/30000, Loss=0.026100
Epoch 10, Itrs 4420/30000, Loss=0.029282
Epoch 10, Itrs 4430/30000, Loss=0.027972
Epoch 10, Itrs 4440/30000, Loss=0.027083
Epoch 10, Itrs 4450/30000, Loss=0.027153
Epoch 10, Itrs 4460/30000, Loss=0.025885
Epoch 10, Itrs 4470/30000, Loss=0.029483
Epoch 10, Itrs 4480/30000, Loss=0.027051
Epoch 10, Itrs 4490/30000, Loss=0.026493
Epoch 10, Itrs 4500/30000, Loss=0.026838
Model saved as checkpoints/latest_deeplabv3plus_resnet50_map_os16.pth
validation...

Overall Acc: 0.987195
Mean Acc: 0.755388
FreqW Acc: 0.976883
Mean IoU: 0.707325

Model saved as checkpoints/best_deeplabv3plus_resnet50_map_os16.pth
Epoch 10, Itrs 4510/30000, Loss=0.027828
Epoch 10, Itrs 4520/30000, Loss=0.027361
Epoch 10, Itrs 4530/30000, Loss=0.027052
Epoch 10, Itrs 4540/30000, Loss=0.026553
Epoch 10, Itrs 4550/30000, Loss=0.027635
Epoch 10, Itrs 4560/30000, Loss=0.026610
Epoch 10, Itrs 4570/30000, Loss=0.030264
Epoch 10, Itrs 4580/30000, Loss=0.028396
Epoch 10, Itrs 4590/30000, Loss=0.026062
Epoch 11, Itrs 4600/30000, Loss=0.024251
Epoch 11, Itrs 4610/30000, Loss=0.032203
Epoch 11, Itrs 4620/30000, Loss=0.026267
Epoch 11, Itrs 4630/30000, Loss=0.028176
Epoch 11, Itrs 4640/30000, Loss=0.027702
Epoch 11, Itrs 4650/30000, Loss=0.025042
Epoch 11, Itrs 4660/30000, Loss=0.028189
Epoch 11, Itrs 4670/30000, Loss=0.027066
Epoch 11, Itrs 4680/30000, Loss=0.027414
Epoch 11, Itrs 4690/30000, Loss=0.025061
Epoch 11, Itrs 4700/30000, Loss=0.029110
Epoch 11, Itrs 4710/30000, Loss=0.025104
Epoch 11, Itrs 4720/30000, Loss=0.028007
Epoch 11, Itrs 4730/30000, Loss=0.026503
Epoch 11, Itrs 4740/30000, Loss=0.026092
Epoch 11, Itrs 4750/30000, Loss=0.028349
Epoch 11, Itrs 4760/30000, Loss=0.025371
Epoch 11, Itrs 4770/30000, Loss=0.029105
Epoch 11, Itrs 4780/30000, Loss=0.026581
Epoch 11, Itrs 4790/30000, Loss=0.027114
Epoch 11, Itrs 4800/30000, Loss=0.028983
Epoch 11, Itrs 4810/30000, Loss=0.027572
Epoch 11, Itrs 4820/30000, Loss=0.026903
Epoch 11, Itrs 4830/30000, Loss=0.024864
Epoch 11, Itrs 4840/30000, Loss=0.025354
Epoch 11, Itrs 4850/30000, Loss=0.026085
Epoch 11, Itrs 4860/30000, Loss=0.026354
Epoch 11, Itrs 4870/30000, Loss=0.025779
Epoch 11, Itrs 4880/30000, Loss=0.027721
Epoch 11, Itrs 4890/30000, Loss=0.027106
Epoch 11, Itrs 4900/30000, Loss=0.029689
Epoch 11, Itrs 4910/30000, Loss=0.025649
Epoch 11, Itrs 4920/30000, Loss=0.025431
Epoch 11, Itrs 4930/30000, Loss=0.025372
Epoch 11, Itrs 4940/30000, Loss=0.025902
Epoch 11, Itrs 4950/30000, Loss=0.024863
Epoch 11, Itrs 4960/30000, Loss=0.026635
Epoch 11, Itrs 4970/30000, Loss=0.028658
Epoch 11, Itrs 4980/30000, Loss=0.026802
Epoch 11, Itrs 4990/30000, Loss=0.025941
Epoch 11, Itrs 5000/30000, Loss=0.026145
Model saved as checkpoints/latest_deeplabv3plus_resnet50_map_os16.pth
validation...

Overall Acc: 0.987325
Mean Acc: 0.772202
FreqW Acc: 0.977409
Mean IoU: 0.717828

Model saved as checkpoints/best_deeplabv3plus_resnet50_map_os16.pth
Epoch 11, Itrs 5010/30000, Loss=0.025665
Epoch 11, Itrs 5020/30000, Loss=0.026354
Epoch 11, Itrs 5030/30000, Loss=0.025517
Epoch 11, Itrs 5040/30000, Loss=0.026148
Epoch 12, Itrs 5050/30000, Loss=0.028961
Epoch 12, Itrs 5060/30000, Loss=0.025907
Epoch 12, Itrs 5070/30000, Loss=0.028721
Epoch 12, Itrs 5080/30000, Loss=0.026329
Epoch 12, Itrs 5090/30000, Loss=0.026048
Epoch 12, Itrs 5100/30000, Loss=0.026730
Epoch 12, Itrs 5110/30000, Loss=0.026723
Epoch 12, Itrs 5120/30000, Loss=0.025639
Epoch 12, Itrs 5130/30000, Loss=0.026412
Epoch 12, Itrs 5140/30000, Loss=0.027212
Epoch 12, Itrs 5150/30000, Loss=0.026450
Epoch 12, Itrs 5160/30000, Loss=0.026408
Epoch 12, Itrs 5170/30000, Loss=0.024344
Epoch 12, Itrs 5180/30000, Loss=0.027659
Epoch 12, Itrs 5190/30000, Loss=0.027023
Epoch 12, Itrs 5200/30000, Loss=0.027233
Epoch 12, Itrs 5210/30000, Loss=0.027543
Epoch 12, Itrs 5220/30000, Loss=0.025131
Epoch 12, Itrs 5230/30000, Loss=0.023575
Epoch 12, Itrs 5240/30000, Loss=0.025324
Epoch 12, Itrs 5250/30000, Loss=0.026028
Epoch 12, Itrs 5260/30000, Loss=0.026335
Epoch 12, Itrs 5270/30000, Loss=0.025635
Epoch 12, Itrs 5280/30000, Loss=0.026900
Epoch 12, Itrs 5290/30000, Loss=0.025084
Epoch 12, Itrs 5300/30000, Loss=0.027835
Epoch 12, Itrs 5310/30000, Loss=0.025368
Epoch 12, Itrs 5320/30000, Loss=0.027023
Epoch 12, Itrs 5330/30000, Loss=0.026464
Epoch 12, Itrs 5340/30000, Loss=0.026894
Epoch 12, Itrs 5350/30000, Loss=0.026204
Epoch 12, Itrs 5360/30000, Loss=0.026014
Epoch 12, Itrs 5370/30000, Loss=0.029387
Epoch 12, Itrs 5380/30000, Loss=0.024547
Epoch 12, Itrs 5390/30000, Loss=0.026648
Epoch 12, Itrs 5400/30000, Loss=0.027858
Epoch 12, Itrs 5410/30000, Loss=0.028945
Epoch 12, Itrs 5420/30000, Loss=0.027082
Epoch 12, Itrs 5430/30000, Loss=0.025387
Epoch 12, Itrs 5440/30000, Loss=0.026093
Epoch 12, Itrs 5450/30000, Loss=0.027206
Epoch 12, Itrs 5460/30000, Loss=0.024685
Epoch 12, Itrs 5470/30000, Loss=0.025606
Epoch 12, Itrs 5480/30000, Loss=0.026707
Epoch 12, Itrs 5490/30000, Loss=0.027668
Epoch 12, Itrs 5500/30000, Loss=0.024967
Model saved as checkpoints/latest_deeplabv3plus_resnet50_map_os16.pth
validation...

Overall Acc: 0.987420
Mean Acc: 0.760740
FreqW Acc: 0.977258
Mean IoU: 0.712744

Epoch 13, Itrs 5510/30000, Loss=0.027744
Epoch 13, Itrs 5520/30000, Loss=0.025779
Epoch 13, Itrs 5530/30000, Loss=0.024921
Epoch 13, Itrs 5540/30000, Loss=0.026801
Epoch 13, Itrs 5550/30000, Loss=0.025670
Epoch 13, Itrs 5560/30000, Loss=0.024454
Epoch 13, Itrs 5570/30000, Loss=0.027484
Epoch 13, Itrs 5580/30000, Loss=0.024154
Epoch 13, Itrs 5590/30000, Loss=0.027012
Epoch 13, Itrs 5600/30000, Loss=0.025986
Epoch 13, Itrs 5610/30000, Loss=0.026647
Epoch 13, Itrs 5620/30000, Loss=0.026739
Epoch 13, Itrs 5630/30000, Loss=0.025617
Epoch 13, Itrs 5640/30000, Loss=0.027520
Epoch 13, Itrs 5650/30000, Loss=0.024790
Epoch 13, Itrs 5660/30000, Loss=0.028995
Epoch 13, Itrs 5670/30000, Loss=0.027642
Epoch 13, Itrs 5680/30000, Loss=0.024922
Epoch 13, Itrs 5690/30000, Loss=0.027180
Epoch 13, Itrs 5700/30000, Loss=0.027456
Epoch 13, Itrs 5710/30000, Loss=0.023343
Epoch 13, Itrs 5720/30000, Loss=0.028893
Epoch 13, Itrs 5730/30000, Loss=0.025452
Epoch 13, Itrs 5740/30000, Loss=0.025268
Epoch 13, Itrs 5750/30000, Loss=0.028412
Epoch 13, Itrs 5760/30000, Loss=0.024874
Epoch 13, Itrs 5770/30000, Loss=0.026204
Epoch 13, Itrs 5780/30000, Loss=0.025780
Epoch 13, Itrs 5790/30000, Loss=0.025581
Epoch 13, Itrs 5800/30000, Loss=0.026840
Epoch 13, Itrs 5810/30000, Loss=0.023343
Epoch 13, Itrs 5820/30000, Loss=0.026029
Epoch 13, Itrs 5830/30000, Loss=0.028697
Epoch 13, Itrs 5840/30000, Loss=0.024205
Epoch 13, Itrs 5850/30000, Loss=0.024589
Epoch 13, Itrs 5860/30000, Loss=0.025477
Epoch 13, Itrs 5870/30000, Loss=0.025109
Epoch 13, Itrs 5880/30000, Loss=0.026892
Epoch 13, Itrs 5890/30000, Loss=0.024971
Epoch 13, Itrs 5900/30000, Loss=0.028047
Epoch 13, Itrs 5910/30000, Loss=0.027872
Epoch 13, Itrs 5920/30000, Loss=0.027499
Epoch 13, Itrs 5930/30000, Loss=0.023382
Epoch 13, Itrs 5940/30000, Loss=0.028865
Epoch 13, Itrs 5950/30000, Loss=0.026228
Epoch 13, Itrs 5960/30000, Loss=0.028340
Epoch 14, Itrs 5970/30000, Loss=0.025387
Epoch 14, Itrs 5980/30000, Loss=0.027297
Epoch 14, Itrs 5990/30000, Loss=0.024667
Epoch 14, Itrs 6000/30000, Loss=0.023705
Model saved as checkpoints/latest_deeplabv3plus_resnet50_map_os16.pth
validation...

Overall Acc: 0.987518
Mean Acc: 0.763316
FreqW Acc: 0.977455
Mean IoU: 0.715784

Epoch 14, Itrs 6010/30000, Loss=0.024704
Epoch 14, Itrs 6020/30000, Loss=0.025949
Epoch 14, Itrs 6030/30000, Loss=0.027243
Epoch 14, Itrs 6040/30000, Loss=0.024613
Epoch 14, Itrs 6050/30000, Loss=0.027015
Epoch 14, Itrs 6060/30000, Loss=0.026629
Epoch 14, Itrs 6070/30000, Loss=0.025220
Epoch 14, Itrs 6080/30000, Loss=0.026338
Epoch 14, Itrs 6090/30000, Loss=0.027645
Epoch 14, Itrs 6100/30000, Loss=0.025250
Epoch 14, Itrs 6110/30000, Loss=0.026323
Epoch 14, Itrs 6120/30000, Loss=0.025703
Epoch 14, Itrs 6130/30000, Loss=0.025318
Epoch 14, Itrs 6140/30000, Loss=0.027700
Epoch 14, Itrs 6150/30000, Loss=0.029627
Epoch 14, Itrs 6160/30000, Loss=0.027228
Epoch 14, Itrs 6170/30000, Loss=0.028814
Epoch 14, Itrs 6180/30000, Loss=0.026906
Epoch 14, Itrs 6190/30000, Loss=0.025458
Epoch 14, Itrs 6200/30000, Loss=0.024755
Epoch 14, Itrs 6210/30000, Loss=0.025089
Epoch 14, Itrs 6220/30000, Loss=0.024620
Epoch 14, Itrs 6230/30000, Loss=0.027743
Epoch 14, Itrs 6240/30000, Loss=0.024155
Epoch 14, Itrs 6250/30000, Loss=0.023971
Epoch 14, Itrs 6260/30000, Loss=0.027535
Epoch 14, Itrs 6270/30000, Loss=0.027060
Epoch 14, Itrs 6280/30000, Loss=0.026947
Epoch 14, Itrs 6290/30000, Loss=0.024874
Epoch 14, Itrs 6300/30000, Loss=0.026362
Epoch 14, Itrs 6310/30000, Loss=0.027847
Epoch 14, Itrs 6320/30000, Loss=0.025093
Epoch 14, Itrs 6330/30000, Loss=0.024762
Epoch 14, Itrs 6340/30000, Loss=0.026140
Epoch 14, Itrs 6350/30000, Loss=0.023541
Epoch 14, Itrs 6360/30000, Loss=0.026872
Epoch 14, Itrs 6370/30000, Loss=0.025098
Epoch 14, Itrs 6380/30000, Loss=0.025152
Epoch 14, Itrs 6390/30000, Loss=0.028431
Epoch 14, Itrs 6400/30000, Loss=0.024366
Epoch 14, Itrs 6410/30000, Loss=0.024247
Epoch 14, Itrs 6420/30000, Loss=0.026571
Epoch 15, Itrs 6430/30000, Loss=0.023112
Epoch 15, Itrs 6440/30000, Loss=0.027118
Epoch 15, Itrs 6450/30000, Loss=0.025376
Epoch 15, Itrs 6460/30000, Loss=0.024664
Epoch 15, Itrs 6470/30000, Loss=0.026996
Epoch 15, Itrs 6480/30000, Loss=0.023962
Epoch 15, Itrs 6490/30000, Loss=0.023848
Epoch 15, Itrs 6500/30000, Loss=0.025622
Model saved as checkpoints/latest_deeplabv3plus_resnet50_map_os16.pth
validation...
