Device: cuda
Calculated Mean: tensor([0.7715, 0.8988, 0.9856])
Calculated Std: tensor([0.2449, 0.1588, 0.0835])
Dataset: map, Train set: 7350, Val set: 1575
[!] Training from scratch
Epoch 1, Itrs 10/30000, Loss=0.524453
Epoch 1, Itrs 20/30000, Loss=0.095992
Epoch 1, Itrs 30/30000, Loss=0.070267
Epoch 1, Itrs 40/30000, Loss=0.057365
Epoch 1, Itrs 50/30000, Loss=0.049904
Epoch 1, Itrs 60/30000, Loss=0.049115
Epoch 1, Itrs 70/30000, Loss=0.051418
Epoch 1, Itrs 80/30000, Loss=0.048027
Epoch 1, Itrs 90/30000, Loss=0.043646
Epoch 1, Itrs 100/30000, Loss=0.047133
Epoch 1, Itrs 110/30000, Loss=0.041303
Epoch 1, Itrs 120/30000, Loss=0.045643
Epoch 1, Itrs 130/30000, Loss=0.045671
Epoch 1, Itrs 140/30000, Loss=0.042134
Epoch 1, Itrs 150/30000, Loss=0.038269
Epoch 1, Itrs 160/30000, Loss=0.040707
Epoch 1, Itrs 170/30000, Loss=0.041110
Epoch 1, Itrs 180/30000, Loss=0.041199
Epoch 1, Itrs 190/30000, Loss=0.041519
Epoch 1, Itrs 200/30000, Loss=0.043044
Epoch 1, Itrs 210/30000, Loss=0.042439
Epoch 1, Itrs 220/30000, Loss=0.039050
Epoch 1, Itrs 230/30000, Loss=0.038470
Epoch 1, Itrs 240/30000, Loss=0.042254
Epoch 1, Itrs 250/30000, Loss=0.040585
Epoch 1, Itrs 260/30000, Loss=0.038750
Epoch 1, Itrs 270/30000, Loss=0.040466
Epoch 1, Itrs 280/30000, Loss=0.036171
Epoch 1, Itrs 290/30000, Loss=0.039430
Epoch 1, Itrs 300/30000, Loss=0.040016
Epoch 1, Itrs 310/30000, Loss=0.038255
Epoch 1, Itrs 320/30000, Loss=0.039079
Epoch 1, Itrs 330/30000, Loss=0.037124
Epoch 1, Itrs 340/30000, Loss=0.040481
Epoch 1, Itrs 350/30000, Loss=0.040367
Epoch 1, Itrs 360/30000, Loss=0.038434
Epoch 1, Itrs 370/30000, Loss=0.038668
Epoch 1, Itrs 380/30000, Loss=0.037041
Epoch 1, Itrs 390/30000, Loss=0.037587
Epoch 1, Itrs 400/30000, Loss=0.036879
Epoch 1, Itrs 410/30000, Loss=0.033908
Epoch 1, Itrs 420/30000, Loss=0.040332
Epoch 1, Itrs 430/30000, Loss=0.038852
Epoch 1, Itrs 440/30000, Loss=0.038808
Epoch 1, Itrs 450/30000, Loss=0.036548
Epoch 2, Itrs 460/30000, Loss=0.037975
Epoch 2, Itrs 470/30000, Loss=0.038283
Epoch 2, Itrs 480/30000, Loss=0.039131
Epoch 2, Itrs 490/30000, Loss=0.036178
Epoch 2, Itrs 500/30000, Loss=0.036682
Epoch 2, Itrs 510/30000, Loss=0.034634
Epoch 2, Itrs 520/30000, Loss=0.037613
Epoch 2, Itrs 530/30000, Loss=0.037112
Epoch 2, Itrs 540/30000, Loss=0.034095
Epoch 2, Itrs 550/30000, Loss=0.036962
Epoch 2, Itrs 560/30000, Loss=0.033664
Epoch 2, Itrs 570/30000, Loss=0.035821
Epoch 2, Itrs 580/30000, Loss=0.035685
Epoch 2, Itrs 590/30000, Loss=0.034924
Epoch 2, Itrs 600/30000, Loss=0.034299
Epoch 2, Itrs 610/30000, Loss=0.033847
Epoch 2, Itrs 620/30000, Loss=0.034582
Epoch 2, Itrs 630/30000, Loss=0.036038
Epoch 2, Itrs 640/30000, Loss=0.035958
Epoch 2, Itrs 650/30000, Loss=0.033492
Epoch 2, Itrs 660/30000, Loss=0.035229
Epoch 2, Itrs 670/30000, Loss=0.037393
Epoch 2, Itrs 680/30000, Loss=0.035361
Epoch 2, Itrs 690/30000, Loss=0.034875
Epoch 2, Itrs 700/30000, Loss=0.031452
Epoch 2, Itrs 710/30000, Loss=0.035816
Epoch 2, Itrs 720/30000, Loss=0.033682
Epoch 2, Itrs 730/30000, Loss=0.033792
Epoch 2, Itrs 740/30000, Loss=0.033752
Epoch 2, Itrs 750/30000, Loss=0.034885
Epoch 2, Itrs 760/30000, Loss=0.033767
Epoch 2, Itrs 770/30000, Loss=0.033482
Epoch 2, Itrs 780/30000, Loss=0.034746
Epoch 2, Itrs 790/30000, Loss=0.035468
Epoch 2, Itrs 800/30000, Loss=0.032288
Epoch 2, Itrs 810/30000, Loss=0.032638
Epoch 2, Itrs 820/30000, Loss=0.034029
Epoch 2, Itrs 830/30000, Loss=0.034599
Epoch 2, Itrs 840/30000, Loss=0.032576
Epoch 2, Itrs 850/30000, Loss=0.034991
Epoch 2, Itrs 860/30000, Loss=0.033108
Epoch 2, Itrs 870/30000, Loss=0.030786
Epoch 2, Itrs 880/30000, Loss=0.032462
Epoch 2, Itrs 890/30000, Loss=0.032116
Epoch 2, Itrs 900/30000, Loss=0.034135
Epoch 2, Itrs 910/30000, Loss=0.034955
Epoch 3, Itrs 920/30000, Loss=0.031999
Epoch 3, Itrs 930/30000, Loss=0.034128
Epoch 3, Itrs 940/30000, Loss=0.031910
Epoch 3, Itrs 950/30000, Loss=0.034783
Epoch 3, Itrs 960/30000, Loss=0.032505
Epoch 3, Itrs 970/30000, Loss=0.033593
Epoch 3, Itrs 980/30000, Loss=0.029965
Epoch 3, Itrs 990/30000, Loss=0.033572
Epoch 3, Itrs 1000/30000, Loss=0.032557
Epoch 3, Itrs 1010/30000, Loss=0.033061
Epoch 3, Itrs 1020/30000, Loss=0.032026
Epoch 3, Itrs 1030/30000, Loss=0.029576
Epoch 3, Itrs 1040/30000, Loss=0.035494
Epoch 3, Itrs 1050/30000, Loss=0.032427
Epoch 3, Itrs 1060/30000, Loss=0.031813
Epoch 3, Itrs 1070/30000, Loss=0.034696
Epoch 3, Itrs 1080/30000, Loss=0.034102
Epoch 3, Itrs 1090/30000, Loss=0.030946
Epoch 3, Itrs 1100/30000, Loss=0.033219
Epoch 3, Itrs 1110/30000, Loss=0.033158
Epoch 3, Itrs 1120/30000, Loss=0.033453
Epoch 3, Itrs 1130/30000, Loss=0.031704
Epoch 3, Itrs 1140/30000, Loss=0.031204
Epoch 3, Itrs 1150/30000, Loss=0.033016
Epoch 3, Itrs 1160/30000, Loss=0.034220
Epoch 3, Itrs 1170/30000, Loss=0.032437
Epoch 3, Itrs 1180/30000, Loss=0.031896
Epoch 3, Itrs 1190/30000, Loss=0.029489
Epoch 3, Itrs 1200/30000, Loss=0.031680
Epoch 3, Itrs 1210/30000, Loss=0.031302
Epoch 3, Itrs 1220/30000, Loss=0.031644
Epoch 3, Itrs 1230/30000, Loss=0.032511
Epoch 3, Itrs 1240/30000, Loss=0.033091
Epoch 3, Itrs 1250/30000, Loss=0.033974
Epoch 3, Itrs 1260/30000, Loss=0.031808
Epoch 3, Itrs 1270/30000, Loss=0.031943
Epoch 3, Itrs 1280/30000, Loss=0.031988
Epoch 3, Itrs 1290/30000, Loss=0.032234
Epoch 3, Itrs 1300/30000, Loss=0.033577
Epoch 3, Itrs 1310/30000, Loss=0.032765
Epoch 3, Itrs 1320/30000, Loss=0.031410
Epoch 3, Itrs 1330/30000, Loss=0.030666
Epoch 3, Itrs 1340/30000, Loss=0.031093
Epoch 3, Itrs 1350/30000, Loss=0.031747
Epoch 3, Itrs 1360/30000, Loss=0.031532
Epoch 3, Itrs 1370/30000, Loss=0.032542
Epoch 4, Itrs 1380/30000, Loss=0.032142
Epoch 4, Itrs 1390/30000, Loss=0.033181
Epoch 4, Itrs 1400/30000, Loss=0.029721
Epoch 4, Itrs 1410/30000, Loss=0.032784
Epoch 4, Itrs 1420/30000, Loss=0.033865
Epoch 4, Itrs 1430/30000, Loss=0.030428
Epoch 4, Itrs 1440/30000, Loss=0.032140
Epoch 4, Itrs 1450/30000, Loss=0.028644
Epoch 4, Itrs 1460/30000, Loss=0.029207
Epoch 4, Itrs 1470/30000, Loss=0.032639
Epoch 4, Itrs 1480/30000, Loss=0.030825
Epoch 4, Itrs 1490/30000, Loss=0.032238
Epoch 4, Itrs 1500/30000, Loss=0.030226
Epoch 4, Itrs 1510/30000, Loss=0.030349
Epoch 4, Itrs 1520/30000, Loss=0.033384
Epoch 4, Itrs 1530/30000, Loss=0.030228
Epoch 4, Itrs 1540/30000, Loss=0.032981
Epoch 4, Itrs 1550/30000, Loss=0.031662
Epoch 4, Itrs 1560/30000, Loss=0.032652
Epoch 4, Itrs 1570/30000, Loss=0.031696
Epoch 4, Itrs 1580/30000, Loss=0.032828
Epoch 4, Itrs 1590/30000, Loss=0.031129
Epoch 4, Itrs 1600/30000, Loss=0.030684
Epoch 4, Itrs 1610/30000, Loss=0.032015
Epoch 4, Itrs 1620/30000, Loss=0.034529
Epoch 4, Itrs 1630/30000, Loss=0.030452
Epoch 4, Itrs 1640/30000, Loss=0.031438
Epoch 4, Itrs 1650/30000, Loss=0.030615
Epoch 4, Itrs 1660/30000, Loss=0.029544
Epoch 4, Itrs 1670/30000, Loss=0.028002
Epoch 4, Itrs 1680/30000, Loss=0.031834
Epoch 4, Itrs 1690/30000, Loss=0.034143
Epoch 4, Itrs 1700/30000, Loss=0.028208
Epoch 4, Itrs 1710/30000, Loss=0.032089
Epoch 4, Itrs 1720/30000, Loss=0.032784
Epoch 4, Itrs 1730/30000, Loss=0.029408
Epoch 4, Itrs 1740/30000, Loss=0.029986
Epoch 4, Itrs 1750/30000, Loss=0.032398
Epoch 4, Itrs 1760/30000, Loss=0.029233
Epoch 4, Itrs 1770/30000, Loss=0.029550
Epoch 4, Itrs 1780/30000, Loss=0.031032
Epoch 4, Itrs 1790/30000, Loss=0.028595
Epoch 4, Itrs 1800/30000, Loss=0.031720
Epoch 4, Itrs 1810/30000, Loss=0.027669
Epoch 4, Itrs 1820/30000, Loss=0.031050
Epoch 4, Itrs 1830/30000, Loss=0.028517
Epoch 5, Itrs 1840/30000, Loss=0.028448
Epoch 5, Itrs 1850/30000, Loss=0.028629
Epoch 5, Itrs 1860/30000, Loss=0.030353
Epoch 5, Itrs 1870/30000, Loss=0.029405
Epoch 5, Itrs 1880/30000, Loss=0.029572
Epoch 5, Itrs 1890/30000, Loss=0.031905
Epoch 5, Itrs 1900/30000, Loss=0.029206
Epoch 5, Itrs 1910/30000, Loss=0.027515
Epoch 5, Itrs 1920/30000, Loss=0.030118
Epoch 5, Itrs 1930/30000, Loss=0.030567
Epoch 5, Itrs 1940/30000, Loss=0.029236
Epoch 5, Itrs 1950/30000, Loss=0.030732
Epoch 5, Itrs 1960/30000, Loss=0.029725
Epoch 5, Itrs 1970/30000, Loss=0.029987
Epoch 5, Itrs 1980/30000, Loss=0.031171
Epoch 5, Itrs 1990/30000, Loss=0.031757
Epoch 5, Itrs 2000/30000, Loss=0.030055
Model saved as checkpoints/latest_deeplabv3plus_resnet50_map_os16.pth
validation...

Overall Acc: 0.986365
Mean Acc: 0.721096
FreqW Acc: 0.975151
Mean IoU: 0.677424

Model saved as checkpoints/best_deeplabv3plus_resnet50_map_os16.pth
Epoch 5, Itrs 2010/30000, Loss=0.026810
Epoch 5, Itrs 2020/30000, Loss=0.029160
Epoch 5, Itrs 2030/30000, Loss=0.032516
Epoch 5, Itrs 2040/30000, Loss=0.029539
Epoch 5, Itrs 2050/30000, Loss=0.031373
Epoch 5, Itrs 2060/30000, Loss=0.029144
Epoch 5, Itrs 2070/30000, Loss=0.028119
Epoch 5, Itrs 2080/30000, Loss=0.030597
Epoch 5, Itrs 2090/30000, Loss=0.029504
Epoch 5, Itrs 2100/30000, Loss=0.029143
Epoch 5, Itrs 2110/30000, Loss=0.033376
Epoch 5, Itrs 2120/30000, Loss=0.031176
Epoch 5, Itrs 2130/30000, Loss=0.031107
Epoch 5, Itrs 2140/30000, Loss=0.027968
Epoch 5, Itrs 2150/30000, Loss=0.032420
Epoch 5, Itrs 2160/30000, Loss=0.030893
Epoch 5, Itrs 2170/30000, Loss=0.031194
Epoch 5, Itrs 2180/30000, Loss=0.030106
Epoch 5, Itrs 2190/30000, Loss=0.030178
Epoch 5, Itrs 2200/30000, Loss=0.031229
Epoch 5, Itrs 2210/30000, Loss=0.031696
Epoch 5, Itrs 2220/30000, Loss=0.028001
Epoch 5, Itrs 2230/30000, Loss=0.028571
Epoch 5, Itrs 2240/30000, Loss=0.027426
Epoch 5, Itrs 2250/30000, Loss=0.030165
Epoch 5, Itrs 2260/30000, Loss=0.029960
Epoch 5, Itrs 2270/30000, Loss=0.029088
Epoch 5, Itrs 2280/30000, Loss=0.030314
Epoch 5, Itrs 2290/30000, Loss=0.030100
Epoch 6, Itrs 2300/30000, Loss=0.030313
Epoch 6, Itrs 2310/30000, Loss=0.029957
Epoch 6, Itrs 2320/30000, Loss=0.030429
Epoch 6, Itrs 2330/30000, Loss=0.029404
Epoch 6, Itrs 2340/30000, Loss=0.029494
Epoch 6, Itrs 2350/30000, Loss=0.029289
Epoch 6, Itrs 2360/30000, Loss=0.032415
Epoch 6, Itrs 2370/30000, Loss=0.029521
Epoch 6, Itrs 2380/30000, Loss=0.029677
Epoch 6, Itrs 2390/30000, Loss=0.029861
Epoch 6, Itrs 2400/30000, Loss=0.028916
Epoch 6, Itrs 2410/30000, Loss=0.028787
Epoch 6, Itrs 2420/30000, Loss=0.027299
Epoch 6, Itrs 2430/30000, Loss=0.028746
Epoch 6, Itrs 2440/30000, Loss=0.028678
Epoch 6, Itrs 2450/30000, Loss=0.030804
Epoch 6, Itrs 2460/30000, Loss=0.028952
Epoch 6, Itrs 2470/30000, Loss=0.029388
Epoch 6, Itrs 2480/30000, Loss=0.027347
Epoch 6, Itrs 2490/30000, Loss=0.027604
Epoch 6, Itrs 2500/30000, Loss=0.030453
Epoch 6, Itrs 2510/30000, Loss=0.027772
Epoch 6, Itrs 2520/30000, Loss=0.030962
Epoch 6, Itrs 2530/30000, Loss=0.029212
Epoch 6, Itrs 2540/30000, Loss=0.028878
Epoch 6, Itrs 2550/30000, Loss=0.028046
Epoch 6, Itrs 2560/30000, Loss=0.028994
Epoch 6, Itrs 2570/30000, Loss=0.030386
Epoch 6, Itrs 2580/30000, Loss=0.027863
Epoch 6, Itrs 2590/30000, Loss=0.029574
Epoch 6, Itrs 2600/30000, Loss=0.026796
Epoch 6, Itrs 2610/30000, Loss=0.028067
Epoch 6, Itrs 2620/30000, Loss=0.026102
Epoch 6, Itrs 2630/30000, Loss=0.026540
Epoch 6, Itrs 2640/30000, Loss=0.029563
Epoch 6, Itrs 2650/30000, Loss=0.031410
Epoch 6, Itrs 2660/30000, Loss=0.030017
Epoch 6, Itrs 2670/30000, Loss=0.031064
Epoch 6, Itrs 2680/30000, Loss=0.028876
Epoch 6, Itrs 2690/30000, Loss=0.030193
Epoch 6, Itrs 2700/30000, Loss=0.030436
Epoch 6, Itrs 2710/30000, Loss=0.028633
Epoch 6, Itrs 2720/30000, Loss=0.029805
Epoch 6, Itrs 2730/30000, Loss=0.030242
Epoch 6, Itrs 2740/30000, Loss=0.029460
Epoch 6, Itrs 2750/30000, Loss=0.028649
Epoch 7, Itrs 2760/30000, Loss=0.025026
Epoch 7, Itrs 2770/30000, Loss=0.027972
Epoch 7, Itrs 2780/30000, Loss=0.026871
Epoch 7, Itrs 2790/30000, Loss=0.030113
Epoch 7, Itrs 2800/30000, Loss=0.026686
Epoch 7, Itrs 2810/30000, Loss=0.030244
Epoch 7, Itrs 2820/30000, Loss=0.031177
Epoch 7, Itrs 2830/30000, Loss=0.029614
Epoch 7, Itrs 2840/30000, Loss=0.026547
Epoch 7, Itrs 2850/30000, Loss=0.026474
Epoch 7, Itrs 2860/30000, Loss=0.028896
Epoch 7, Itrs 2870/30000, Loss=0.027429
Epoch 7, Itrs 2880/30000, Loss=0.031311
Epoch 7, Itrs 2890/30000, Loss=0.028682
Epoch 7, Itrs 2900/30000, Loss=0.029866
Epoch 7, Itrs 2910/30000, Loss=0.030506
Epoch 7, Itrs 2920/30000, Loss=0.029732
Epoch 7, Itrs 2930/30000, Loss=0.027384
Epoch 7, Itrs 2940/30000, Loss=0.030838
Epoch 7, Itrs 2950/30000, Loss=0.026840
Epoch 7, Itrs 2960/30000, Loss=0.027776
Epoch 7, Itrs 2970/30000, Loss=0.027556
Epoch 7, Itrs 2980/30000, Loss=0.027453
Epoch 7, Itrs 2990/30000, Loss=0.027377
Epoch 7, Itrs 3000/30000, Loss=0.030203
Epoch 7, Itrs 3010/30000, Loss=0.028182
Epoch 7, Itrs 3020/30000, Loss=0.029214
Epoch 7, Itrs 3030/30000, Loss=0.027765
Epoch 7, Itrs 3040/30000, Loss=0.028916
Epoch 7, Itrs 3050/30000, Loss=0.024609
Epoch 7, Itrs 3060/30000, Loss=0.028385
Epoch 7, Itrs 3070/30000, Loss=0.029112
Epoch 7, Itrs 3080/30000, Loss=0.028347
Epoch 7, Itrs 3090/30000, Loss=0.030875
Epoch 7, Itrs 3100/30000, Loss=0.028380
Epoch 7, Itrs 3110/30000, Loss=0.028688
Epoch 7, Itrs 3120/30000, Loss=0.029302
Epoch 7, Itrs 3130/30000, Loss=0.029295
Epoch 7, Itrs 3140/30000, Loss=0.026168
Epoch 7, Itrs 3150/30000, Loss=0.029400
Epoch 7, Itrs 3160/30000, Loss=0.027599
Epoch 7, Itrs 3170/30000, Loss=0.029055
Epoch 7, Itrs 3180/30000, Loss=0.028434
Epoch 7, Itrs 3190/30000, Loss=0.029152
Epoch 7, Itrs 3200/30000, Loss=0.029309
Epoch 7, Itrs 3210/30000, Loss=0.027393
Epoch 8, Itrs 3220/30000, Loss=0.028087
Epoch 8, Itrs 3230/30000, Loss=0.027891
Epoch 8, Itrs 3240/30000, Loss=0.028902
Epoch 8, Itrs 3250/30000, Loss=0.028672
Epoch 8, Itrs 3260/30000, Loss=0.029570
Epoch 8, Itrs 3270/30000, Loss=0.027253
Epoch 8, Itrs 3280/30000, Loss=0.029003
Epoch 8, Itrs 3290/30000, Loss=0.026345
Epoch 8, Itrs 3300/30000, Loss=0.025936
Epoch 8, Itrs 3310/30000, Loss=0.030677
Epoch 8, Itrs 3320/30000, Loss=0.031135
Epoch 8, Itrs 3330/30000, Loss=0.027984
Epoch 8, Itrs 3340/30000, Loss=0.027771
Epoch 8, Itrs 3350/30000, Loss=0.029440
Epoch 8, Itrs 3360/30000, Loss=0.028325
Epoch 8, Itrs 3370/30000, Loss=0.028515
Epoch 8, Itrs 3380/30000, Loss=0.026586
Epoch 8, Itrs 3390/30000, Loss=0.027601
Epoch 8, Itrs 3400/30000, Loss=0.026556
Epoch 8, Itrs 3410/30000, Loss=0.029086
Epoch 8, Itrs 3420/30000, Loss=0.024437
Epoch 8, Itrs 3430/30000, Loss=0.026228
Epoch 8, Itrs 3440/30000, Loss=0.027868
Epoch 8, Itrs 3450/30000, Loss=0.031046
Epoch 8, Itrs 3460/30000, Loss=0.028779
Epoch 8, Itrs 3470/30000, Loss=0.029570
Epoch 8, Itrs 3480/30000, Loss=0.027341
Epoch 8, Itrs 3490/30000, Loss=0.029593
Epoch 8, Itrs 3500/30000, Loss=0.026196
Epoch 8, Itrs 3510/30000, Loss=0.027427
Epoch 8, Itrs 3520/30000, Loss=0.027721
Epoch 8, Itrs 3530/30000, Loss=0.029635
Epoch 8, Itrs 3540/30000, Loss=0.027663
Epoch 8, Itrs 3550/30000, Loss=0.027625
Epoch 8, Itrs 3560/30000, Loss=0.027717
Epoch 8, Itrs 3570/30000, Loss=0.027157
Epoch 8, Itrs 3580/30000, Loss=0.026093
Epoch 8, Itrs 3590/30000, Loss=0.026926
Epoch 8, Itrs 3600/30000, Loss=0.029489
Epoch 8, Itrs 3610/30000, Loss=0.027637
Epoch 8, Itrs 3620/30000, Loss=0.027914
Epoch 8, Itrs 3630/30000, Loss=0.025762
Epoch 8, Itrs 3640/30000, Loss=0.028585
Epoch 8, Itrs 3650/30000, Loss=0.026612
Epoch 8, Itrs 3660/30000, Loss=0.027474
Epoch 8, Itrs 3670/30000, Loss=0.026461
Epoch 9, Itrs 3680/30000, Loss=0.029077
Epoch 9, Itrs 3690/30000, Loss=0.026391
Epoch 9, Itrs 3700/30000, Loss=0.026953
Epoch 9, Itrs 3710/30000, Loss=0.029212
Epoch 9, Itrs 3720/30000, Loss=0.027903
Epoch 9, Itrs 3730/30000, Loss=0.026941
Epoch 9, Itrs 3740/30000, Loss=0.031087
Epoch 9, Itrs 3750/30000, Loss=0.028168
Epoch 9, Itrs 3760/30000, Loss=0.026816
Epoch 9, Itrs 3770/30000, Loss=0.027540
Epoch 9, Itrs 3780/30000, Loss=0.027665
Epoch 9, Itrs 3790/30000, Loss=0.025713
Epoch 9, Itrs 3800/30000, Loss=0.027082
Epoch 9, Itrs 3810/30000, Loss=0.027557
Epoch 9, Itrs 3820/30000, Loss=0.028380
Epoch 9, Itrs 3830/30000, Loss=0.029995
Epoch 9, Itrs 3840/30000, Loss=0.026945
Epoch 9, Itrs 3850/30000, Loss=0.028632
Epoch 9, Itrs 3860/30000, Loss=0.025257
Epoch 9, Itrs 3870/30000, Loss=0.025604
Epoch 9, Itrs 3880/30000, Loss=0.027438
Epoch 9, Itrs 3890/30000, Loss=0.027212
Epoch 9, Itrs 3900/30000, Loss=0.027903
Epoch 9, Itrs 3910/30000, Loss=0.029618
Epoch 9, Itrs 3920/30000, Loss=0.028273
Epoch 9, Itrs 3930/30000, Loss=0.025767
Epoch 9, Itrs 3940/30000, Loss=0.026832
Epoch 9, Itrs 3950/30000, Loss=0.028052
Epoch 9, Itrs 3960/30000, Loss=0.026164
Epoch 9, Itrs 3970/30000, Loss=0.027081
Epoch 9, Itrs 3980/30000, Loss=0.026661
Epoch 9, Itrs 3990/30000, Loss=0.027490
Epoch 9, Itrs 4000/30000, Loss=0.027372
Model saved as checkpoints/latest_deeplabv3plus_resnet50_map_os16.pth
validation...

Overall Acc: 0.987064
Mean Acc: 0.754290
FreqW Acc: 0.976694
Mean IoU: 0.705028

Model saved as checkpoints/best_deeplabv3plus_resnet50_map_os16.pth
Epoch 9, Itrs 4010/30000, Loss=0.026963
Epoch 9, Itrs 4020/30000, Loss=0.029920
Epoch 9, Itrs 4030/30000, Loss=0.025256
Epoch 9, Itrs 4040/30000, Loss=0.027128
Epoch 9, Itrs 4050/30000, Loss=0.026960
Epoch 9, Itrs 4060/30000, Loss=0.028795
Epoch 9, Itrs 4070/30000, Loss=0.025745
Epoch 9, Itrs 4080/30000, Loss=0.027223
Epoch 9, Itrs 4090/30000, Loss=0.029138
Epoch 9, Itrs 4100/30000, Loss=0.027872
Epoch 9, Itrs 4110/30000, Loss=0.026904
Epoch 9, Itrs 4120/30000, Loss=0.026152
Epoch 9, Itrs 4130/30000, Loss=0.028338
Epoch 10, Itrs 4140/30000, Loss=0.027753
Epoch 10, Itrs 4150/30000, Loss=0.026030
Epoch 10, Itrs 4160/30000, Loss=0.027372
Epoch 10, Itrs 4170/30000, Loss=0.026213
Epoch 10, Itrs 4180/30000, Loss=0.030225
Epoch 10, Itrs 4190/30000, Loss=0.025740
Epoch 10, Itrs 4200/30000, Loss=0.028163
Epoch 10, Itrs 4210/30000, Loss=0.024643
Epoch 10, Itrs 4220/30000, Loss=0.028245
Epoch 10, Itrs 4230/30000, Loss=0.026414
Epoch 10, Itrs 4240/30000, Loss=0.026036
Epoch 10, Itrs 4250/30000, Loss=0.026870
Epoch 10, Itrs 4260/30000, Loss=0.025950
Epoch 10, Itrs 4270/30000, Loss=0.029247
Epoch 10, Itrs 4280/30000, Loss=0.026190
Epoch 10, Itrs 4290/30000, Loss=0.029300
Epoch 10, Itrs 4300/30000, Loss=0.029916
Epoch 10, Itrs 4310/30000, Loss=0.028931
Epoch 10, Itrs 4320/30000, Loss=0.024687
Epoch 10, Itrs 4330/30000, Loss=0.028861
Epoch 10, Itrs 4340/30000, Loss=0.026716
Epoch 10, Itrs 4350/30000, Loss=0.029750
Epoch 10, Itrs 4360/30000, Loss=0.025302
Epoch 10, Itrs 4370/30000, Loss=0.026639
Epoch 10, Itrs 4380/30000, Loss=0.029529
Epoch 10, Itrs 4390/30000, Loss=0.027376
Epoch 10, Itrs 4400/30000, Loss=0.025521
Epoch 10, Itrs 4410/30000, Loss=0.027414
Epoch 10, Itrs 4420/30000, Loss=0.025883
Epoch 10, Itrs 4430/30000, Loss=0.028706
Epoch 10, Itrs 4440/30000, Loss=0.026854
Epoch 10, Itrs 4450/30000, Loss=0.027068
Epoch 10, Itrs 4460/30000, Loss=0.027766
Epoch 10, Itrs 4470/30000, Loss=0.026352
Epoch 10, Itrs 4480/30000, Loss=0.029187
Epoch 10, Itrs 4490/30000, Loss=0.026165
Epoch 10, Itrs 4500/30000, Loss=0.026151
Epoch 10, Itrs 4510/30000, Loss=0.027378
Epoch 10, Itrs 4520/30000, Loss=0.027753
Epoch 10, Itrs 4530/30000, Loss=0.024986
Epoch 10, Itrs 4540/30000, Loss=0.026069
Epoch 10, Itrs 4550/30000, Loss=0.025474
Epoch 10, Itrs 4560/30000, Loss=0.027772
Epoch 10, Itrs 4570/30000, Loss=0.029445
Epoch 10, Itrs 4580/30000, Loss=0.024871
Epoch 10, Itrs 4590/30000, Loss=0.025671
Epoch 11, Itrs 4600/30000, Loss=0.027183
Epoch 11, Itrs 4610/30000, Loss=0.026527
Epoch 11, Itrs 4620/30000, Loss=0.025655
Epoch 11, Itrs 4630/30000, Loss=0.027544
Epoch 11, Itrs 4640/30000, Loss=0.026334
Epoch 11, Itrs 4650/30000, Loss=0.028202
Epoch 11, Itrs 4660/30000, Loss=0.027119
Epoch 11, Itrs 4670/30000, Loss=0.026250
Epoch 11, Itrs 4680/30000, Loss=0.026589
Epoch 11, Itrs 4690/30000, Loss=0.025578
Epoch 11, Itrs 4700/30000, Loss=0.028002
Epoch 11, Itrs 4710/30000, Loss=0.026161
Epoch 11, Itrs 4720/30000, Loss=0.025914
Epoch 11, Itrs 4730/30000, Loss=0.025261
Epoch 11, Itrs 4740/30000, Loss=0.028611
Epoch 11, Itrs 4750/30000, Loss=0.027401
Epoch 11, Itrs 4760/30000, Loss=0.025756
Epoch 11, Itrs 4770/30000, Loss=0.026091
Epoch 11, Itrs 4780/30000, Loss=0.024725
Epoch 11, Itrs 4790/30000, Loss=0.026313
Epoch 11, Itrs 4800/30000, Loss=0.026492
Epoch 11, Itrs 4810/30000, Loss=0.027875
Epoch 11, Itrs 4820/30000, Loss=0.025193
Epoch 11, Itrs 4830/30000, Loss=0.027421
Epoch 11, Itrs 4840/30000, Loss=0.027115
Epoch 11, Itrs 4850/30000, Loss=0.027806
Epoch 11, Itrs 4860/30000, Loss=0.025033
Epoch 11, Itrs 4870/30000, Loss=0.028454
Epoch 11, Itrs 4880/30000, Loss=0.026347
Epoch 11, Itrs 4890/30000, Loss=0.026362
Epoch 11, Itrs 4900/30000, Loss=0.027723
Epoch 11, Itrs 4910/30000, Loss=0.027139
Epoch 11, Itrs 4920/30000, Loss=0.024890
Epoch 11, Itrs 4930/30000, Loss=0.026595
Epoch 11, Itrs 4940/30000, Loss=0.027006
Epoch 11, Itrs 4950/30000, Loss=0.025978
Epoch 11, Itrs 4960/30000, Loss=0.029205
Epoch 11, Itrs 4970/30000, Loss=0.025464
Epoch 11, Itrs 4980/30000, Loss=0.026296
Epoch 11, Itrs 4990/30000, Loss=0.028156
Epoch 11, Itrs 5000/30000, Loss=0.023864
Epoch 11, Itrs 5010/30000, Loss=0.027522
Epoch 11, Itrs 5020/30000, Loss=0.029036
Epoch 11, Itrs 5030/30000, Loss=0.027776
Epoch 11, Itrs 5040/30000, Loss=0.028692
Epoch 12, Itrs 5050/30000, Loss=0.027250
Epoch 12, Itrs 5060/30000, Loss=0.028645
Epoch 12, Itrs 5070/30000, Loss=0.027915
Epoch 12, Itrs 5080/30000, Loss=0.026843
Epoch 12, Itrs 5090/30000, Loss=0.024127
Epoch 12, Itrs 5100/30000, Loss=0.023978
Epoch 12, Itrs 5110/30000, Loss=0.027651
Epoch 12, Itrs 5120/30000, Loss=0.026977
Epoch 12, Itrs 5130/30000, Loss=0.024544
Epoch 12, Itrs 5140/30000, Loss=0.025507
Epoch 12, Itrs 5150/30000, Loss=0.030050
Epoch 12, Itrs 5160/30000, Loss=0.027114
Epoch 12, Itrs 5170/30000, Loss=0.026793
Epoch 12, Itrs 5180/30000, Loss=0.027497
Epoch 12, Itrs 5190/30000, Loss=0.027898
Epoch 12, Itrs 5200/30000, Loss=0.026364
Epoch 12, Itrs 5210/30000, Loss=0.026609
Epoch 12, Itrs 5220/30000, Loss=0.027881
Epoch 12, Itrs 5230/30000, Loss=0.027374
Epoch 12, Itrs 5240/30000, Loss=0.023698
Epoch 12, Itrs 5250/30000, Loss=0.029475
Epoch 12, Itrs 5260/30000, Loss=0.027242
Epoch 12, Itrs 5270/30000, Loss=0.027521
Epoch 12, Itrs 5280/30000, Loss=0.027030
Epoch 12, Itrs 5290/30000, Loss=0.026830
Epoch 12, Itrs 5300/30000, Loss=0.024764
Epoch 12, Itrs 5310/30000, Loss=0.026122
Epoch 12, Itrs 5320/30000, Loss=0.026119
Epoch 12, Itrs 5330/30000, Loss=0.024797
Epoch 12, Itrs 5340/30000, Loss=0.027606
Epoch 12, Itrs 5350/30000, Loss=0.027011
Epoch 12, Itrs 5360/30000, Loss=0.026507
Epoch 12, Itrs 5370/30000, Loss=0.025298
Epoch 12, Itrs 5380/30000, Loss=0.026610
Epoch 12, Itrs 5390/30000, Loss=0.028632
Epoch 12, Itrs 5400/30000, Loss=0.025623
Epoch 12, Itrs 5410/30000, Loss=0.027122
Epoch 12, Itrs 5420/30000, Loss=0.024830
Epoch 12, Itrs 5430/30000, Loss=0.024082
Epoch 12, Itrs 5440/30000, Loss=0.026450
Epoch 12, Itrs 5450/30000, Loss=0.027393
Epoch 12, Itrs 5460/30000, Loss=0.025256
Epoch 12, Itrs 5470/30000, Loss=0.024154
Epoch 12, Itrs 5480/30000, Loss=0.027229
Epoch 12, Itrs 5490/30000, Loss=0.024930
Epoch 12, Itrs 5500/30000, Loss=0.026011
Epoch 13, Itrs 5510/30000, Loss=0.025083
Epoch 13, Itrs 5520/30000, Loss=0.026231
Epoch 13, Itrs 5530/30000, Loss=0.027661
Epoch 13, Itrs 5540/30000, Loss=0.025888
Epoch 13, Itrs 5550/30000, Loss=0.025695
Epoch 13, Itrs 5560/30000, Loss=0.027230
Epoch 13, Itrs 5570/30000, Loss=0.025895
Epoch 13, Itrs 5580/30000, Loss=0.026437
Epoch 13, Itrs 5590/30000, Loss=0.025553
Epoch 13, Itrs 5600/30000, Loss=0.027087
Epoch 13, Itrs 5610/30000, Loss=0.025372
Epoch 13, Itrs 5620/30000, Loss=0.024613
Epoch 13, Itrs 5630/30000, Loss=0.025913
Epoch 13, Itrs 5640/30000, Loss=0.026454
Epoch 13, Itrs 5650/30000, Loss=0.028366
Epoch 13, Itrs 5660/30000, Loss=0.026031
Epoch 13, Itrs 5670/30000, Loss=0.025552
Epoch 13, Itrs 5680/30000, Loss=0.025432
Epoch 13, Itrs 5690/30000, Loss=0.027011
Epoch 13, Itrs 5700/30000, Loss=0.028948
Epoch 13, Itrs 5710/30000, Loss=0.025716
Epoch 13, Itrs 5720/30000, Loss=0.025837
Epoch 13, Itrs 5730/30000, Loss=0.027169
Epoch 13, Itrs 5740/30000, Loss=0.024877
Epoch 13, Itrs 5750/30000, Loss=0.026471
Epoch 13, Itrs 5760/30000, Loss=0.026755
Epoch 13, Itrs 5770/30000, Loss=0.026017
Epoch 13, Itrs 5780/30000, Loss=0.027943
Epoch 13, Itrs 5790/30000, Loss=0.025153
Epoch 13, Itrs 5800/30000, Loss=0.026299
Epoch 13, Itrs 5810/30000, Loss=0.026647
Epoch 13, Itrs 5820/30000, Loss=0.028385
Epoch 13, Itrs 5830/30000, Loss=0.026182
Epoch 13, Itrs 5840/30000, Loss=0.026793
Epoch 13, Itrs 5850/30000, Loss=0.025854
Epoch 13, Itrs 5860/30000, Loss=0.027542
Epoch 13, Itrs 5870/30000, Loss=0.026047
Epoch 13, Itrs 5880/30000, Loss=0.024581
Epoch 13, Itrs 5890/30000, Loss=0.026892
Epoch 13, Itrs 5900/30000, Loss=0.023448
Epoch 13, Itrs 5910/30000, Loss=0.024337
Epoch 13, Itrs 5920/30000, Loss=0.026885
Epoch 13, Itrs 5930/30000, Loss=0.026139
Epoch 13, Itrs 5940/30000, Loss=0.025658
Epoch 13, Itrs 5950/30000, Loss=0.027346
Epoch 13, Itrs 5960/30000, Loss=0.025981
Epoch 14, Itrs 5970/30000, Loss=0.024300
Epoch 14, Itrs 5980/30000, Loss=0.026852
Epoch 14, Itrs 5990/30000, Loss=0.025842
Epoch 14, Itrs 6000/30000, Loss=0.025777
Model saved as checkpoints/latest_deeplabv3plus_resnet50_map_os16.pth
validation...

Overall Acc: 0.987513
Mean Acc: 0.764738
FreqW Acc: 0.977460
Mean IoU: 0.715943

Model saved as checkpoints/best_deeplabv3plus_resnet50_map_os16.pth
Epoch 14, Itrs 6010/30000, Loss=0.026716
Epoch 14, Itrs 6020/30000, Loss=0.025767
Epoch 14, Itrs 6030/30000, Loss=0.027480
Epoch 14, Itrs 6040/30000, Loss=0.025371
Epoch 14, Itrs 6050/30000, Loss=0.025062
Epoch 14, Itrs 6060/30000, Loss=0.025635
Epoch 14, Itrs 6070/30000, Loss=0.026415
Epoch 14, Itrs 6080/30000, Loss=0.024832
Epoch 14, Itrs 6090/30000, Loss=0.026491
Epoch 14, Itrs 6100/30000, Loss=0.023937
Epoch 14, Itrs 6110/30000, Loss=0.026002
Epoch 14, Itrs 6120/30000, Loss=0.028042
Epoch 14, Itrs 6130/30000, Loss=0.025982
Epoch 14, Itrs 6140/30000, Loss=0.024245
Epoch 14, Itrs 6150/30000, Loss=0.025749
Epoch 14, Itrs 6160/30000, Loss=0.023468
Epoch 14, Itrs 6170/30000, Loss=0.024379
Epoch 14, Itrs 6180/30000, Loss=0.027981
Epoch 14, Itrs 6190/30000, Loss=0.027412
Epoch 14, Itrs 6200/30000, Loss=0.026853
Epoch 14, Itrs 6210/30000, Loss=0.025972
Epoch 14, Itrs 6220/30000, Loss=0.025428
Epoch 14, Itrs 6230/30000, Loss=0.026181
Epoch 14, Itrs 6240/30000, Loss=0.026890
Epoch 14, Itrs 6250/30000, Loss=0.024433
Epoch 14, Itrs 6260/30000, Loss=0.025029
Epoch 14, Itrs 6270/30000, Loss=0.024793
Epoch 14, Itrs 6280/30000, Loss=0.026817
Epoch 14, Itrs 6290/30000, Loss=0.026904
Epoch 14, Itrs 6300/30000, Loss=0.026460
Epoch 14, Itrs 6310/30000, Loss=0.025378
Epoch 14, Itrs 6320/30000, Loss=0.028734
Epoch 14, Itrs 6330/30000, Loss=0.025942
Epoch 14, Itrs 6340/30000, Loss=0.026118
Epoch 14, Itrs 6350/30000, Loss=0.028102
Epoch 14, Itrs 6360/30000, Loss=0.025663
Epoch 14, Itrs 6370/30000, Loss=0.024215
Epoch 14, Itrs 6380/30000, Loss=0.025256
Epoch 14, Itrs 6390/30000, Loss=0.025476
Epoch 14, Itrs 6400/30000, Loss=0.025533
Epoch 14, Itrs 6410/30000, Loss=0.026166
Epoch 14, Itrs 6420/30000, Loss=0.025522
Epoch 15, Itrs 6430/30000, Loss=0.026302
Epoch 15, Itrs 6440/30000, Loss=0.025617
Epoch 15, Itrs 6450/30000, Loss=0.024918
Epoch 15, Itrs 6460/30000, Loss=0.025506
Epoch 15, Itrs 6470/30000, Loss=0.027447
Epoch 15, Itrs 6480/30000, Loss=0.023520
Epoch 15, Itrs 6490/30000, Loss=0.024124
Epoch 15, Itrs 6500/30000, Loss=0.025452
Epoch 15, Itrs 6510/30000, Loss=0.027090
Epoch 15, Itrs 6520/30000, Loss=0.024850
Epoch 15, Itrs 6530/30000, Loss=0.026798
Epoch 15, Itrs 6540/30000, Loss=0.025547
Epoch 15, Itrs 6550/30000, Loss=0.023538
Epoch 15, Itrs 6560/30000, Loss=0.026197
Epoch 15, Itrs 6570/30000, Loss=0.022365
Epoch 15, Itrs 6580/30000, Loss=0.026659
Epoch 15, Itrs 6590/30000, Loss=0.026010
Epoch 15, Itrs 6600/30000, Loss=0.026118
Epoch 15, Itrs 6610/30000, Loss=0.025649
Epoch 15, Itrs 6620/30000, Loss=0.025272
Epoch 15, Itrs 6630/30000, Loss=0.026281
Epoch 15, Itrs 6640/30000, Loss=0.025804
Epoch 15, Itrs 6650/30000, Loss=0.026508
Epoch 15, Itrs 6660/30000, Loss=0.024770
Epoch 15, Itrs 6670/30000, Loss=0.023837
Epoch 15, Itrs 6680/30000, Loss=0.026685
Epoch 15, Itrs 6690/30000, Loss=0.027472
Epoch 15, Itrs 6700/30000, Loss=0.026003
Epoch 15, Itrs 6710/30000, Loss=0.025202
Epoch 15, Itrs 6720/30000, Loss=0.027956
Epoch 15, Itrs 6730/30000, Loss=0.026879
Epoch 15, Itrs 6740/30000, Loss=0.025460
Epoch 15, Itrs 6750/30000, Loss=0.023999
Epoch 15, Itrs 6760/30000, Loss=0.025262
Epoch 15, Itrs 6770/30000, Loss=0.027635
Epoch 15, Itrs 6780/30000, Loss=0.026676
Epoch 15, Itrs 6790/30000, Loss=0.025500
Epoch 15, Itrs 6800/30000, Loss=0.025254
Epoch 15, Itrs 6810/30000, Loss=0.025535
Epoch 15, Itrs 6820/30000, Loss=0.026735
Epoch 15, Itrs 6830/30000, Loss=0.025397
Epoch 15, Itrs 6840/30000, Loss=0.024861
Epoch 15, Itrs 6850/30000, Loss=0.026132
Epoch 15, Itrs 6860/30000, Loss=0.026508
Epoch 15, Itrs 6870/30000, Loss=0.030140
Epoch 15, Itrs 6880/30000, Loss=0.025127
Epoch 16, Itrs 6890/30000, Loss=0.025012
Epoch 16, Itrs 6900/30000, Loss=0.025738
Epoch 16, Itrs 6910/30000, Loss=0.025260
Epoch 16, Itrs 6920/30000, Loss=0.026446
Epoch 16, Itrs 6930/30000, Loss=0.025055
Epoch 16, Itrs 6940/30000, Loss=0.025519
Epoch 16, Itrs 6950/30000, Loss=0.023386
Epoch 16, Itrs 6960/30000, Loss=0.026550
Epoch 16, Itrs 6970/30000, Loss=0.026394
Epoch 16, Itrs 6980/30000, Loss=0.025166
Epoch 16, Itrs 6990/30000, Loss=0.024704
Epoch 16, Itrs 7000/30000, Loss=0.025217
Epoch 16, Itrs 7010/30000, Loss=0.026227
Epoch 16, Itrs 7020/30000, Loss=0.027089
Epoch 16, Itrs 7030/30000, Loss=0.025619
Epoch 16, Itrs 7040/30000, Loss=0.025043
Epoch 16, Itrs 7050/30000, Loss=0.024319
Epoch 16, Itrs 7060/30000, Loss=0.025347
Epoch 16, Itrs 7070/30000, Loss=0.027387
Epoch 16, Itrs 7080/30000, Loss=0.027640
Epoch 16, Itrs 7090/30000, Loss=0.025669
Epoch 16, Itrs 7100/30000, Loss=0.024238
Epoch 16, Itrs 7110/30000, Loss=0.028474
Epoch 16, Itrs 7120/30000, Loss=0.025086
Epoch 16, Itrs 7130/30000, Loss=0.024044
Epoch 16, Itrs 7140/30000, Loss=0.026857
Epoch 16, Itrs 7150/30000, Loss=0.025407
Epoch 16, Itrs 7160/30000, Loss=0.027063
Epoch 16, Itrs 7170/30000, Loss=0.025590
Epoch 16, Itrs 7180/30000, Loss=0.026069
Epoch 16, Itrs 7190/30000, Loss=0.024963
Epoch 16, Itrs 7200/30000, Loss=0.024200
Epoch 16, Itrs 7210/30000, Loss=0.024560
Epoch 16, Itrs 7220/30000, Loss=0.024186
Epoch 16, Itrs 7230/30000, Loss=0.026302
Epoch 16, Itrs 7240/30000, Loss=0.027110
Epoch 16, Itrs 7250/30000, Loss=0.025858
Epoch 16, Itrs 7260/30000, Loss=0.025980
Epoch 16, Itrs 7270/30000, Loss=0.023001
Epoch 16, Itrs 7280/30000, Loss=0.024918
Epoch 16, Itrs 7290/30000, Loss=0.024900
Epoch 16, Itrs 7300/30000, Loss=0.024963
Epoch 16, Itrs 7310/30000, Loss=0.026406
Epoch 16, Itrs 7320/30000, Loss=0.026718
Epoch 16, Itrs 7330/30000, Loss=0.024945
Epoch 16, Itrs 7340/30000, Loss=0.023635
Epoch 17, Itrs 7350/30000, Loss=0.023084
Epoch 17, Itrs 7360/30000, Loss=0.027340
Epoch 17, Itrs 7370/30000, Loss=0.027158
Epoch 17, Itrs 7380/30000, Loss=0.026825
Epoch 17, Itrs 7390/30000, Loss=0.026231
Epoch 17, Itrs 7400/30000, Loss=0.024627
Epoch 17, Itrs 7410/30000, Loss=0.025928
Epoch 17, Itrs 7420/30000, Loss=0.024531
Epoch 17, Itrs 7430/30000, Loss=0.025105
Epoch 17, Itrs 7440/30000, Loss=0.025040
Epoch 17, Itrs 7450/30000, Loss=0.026772
Epoch 17, Itrs 7460/30000, Loss=0.024737
Epoch 17, Itrs 7470/30000, Loss=0.024668
Epoch 17, Itrs 7480/30000, Loss=0.026539
Epoch 17, Itrs 7490/30000, Loss=0.026057
Epoch 17, Itrs 7500/30000, Loss=0.025244
Epoch 17, Itrs 7510/30000, Loss=0.023962
Epoch 17, Itrs 7520/30000, Loss=0.027637
Epoch 17, Itrs 7530/30000, Loss=0.026057
Epoch 17, Itrs 7540/30000, Loss=0.024636
Epoch 17, Itrs 7550/30000, Loss=0.026430
Epoch 17, Itrs 7560/30000, Loss=0.027708
Epoch 17, Itrs 7570/30000, Loss=0.025150
Epoch 17, Itrs 7580/30000, Loss=0.024572
Epoch 17, Itrs 7590/30000, Loss=0.023404
Epoch 17, Itrs 7600/30000, Loss=0.024572
Epoch 17, Itrs 7610/30000, Loss=0.025426
Epoch 17, Itrs 7620/30000, Loss=0.024335
Epoch 17, Itrs 7630/30000, Loss=0.025938
Epoch 17, Itrs 7640/30000, Loss=0.026279
Epoch 17, Itrs 7650/30000, Loss=0.026249
Epoch 17, Itrs 7660/30000, Loss=0.026232
Epoch 17, Itrs 7670/30000, Loss=0.023993
Epoch 17, Itrs 7680/30000, Loss=0.024481
Epoch 17, Itrs 7690/30000, Loss=0.024589
Epoch 17, Itrs 7700/30000, Loss=0.023220
Epoch 17, Itrs 7710/30000, Loss=0.023488
Epoch 17, Itrs 7720/30000, Loss=0.027815
Epoch 17, Itrs 7730/30000, Loss=0.024826
Epoch 17, Itrs 7740/30000, Loss=0.025131
Epoch 17, Itrs 7750/30000, Loss=0.026033
Epoch 17, Itrs 7760/30000, Loss=0.023641
Epoch 17, Itrs 7770/30000, Loss=0.025636
Epoch 17, Itrs 7780/30000, Loss=0.023726
Epoch 17, Itrs 7790/30000, Loss=0.024564
Epoch 17, Itrs 7800/30000, Loss=0.024926
Epoch 18, Itrs 7810/30000, Loss=0.027126
Epoch 18, Itrs 7820/30000, Loss=0.026049
Epoch 18, Itrs 7830/30000, Loss=0.024083
Epoch 18, Itrs 7840/30000, Loss=0.025576
Epoch 18, Itrs 7850/30000, Loss=0.025161
Epoch 18, Itrs 7860/30000, Loss=0.024025
Epoch 18, Itrs 7870/30000, Loss=0.025823
Epoch 18, Itrs 7880/30000, Loss=0.026061
Epoch 18, Itrs 7890/30000, Loss=0.024466
Epoch 18, Itrs 7900/30000, Loss=0.025886
Epoch 18, Itrs 7910/30000, Loss=0.026637
Epoch 18, Itrs 7920/30000, Loss=0.024952
Epoch 18, Itrs 7930/30000, Loss=0.023394
Epoch 18, Itrs 7940/30000, Loss=0.026079
Epoch 18, Itrs 7950/30000, Loss=0.023885
Epoch 18, Itrs 7960/30000, Loss=0.025153
Epoch 18, Itrs 7970/30000, Loss=0.025913
Epoch 18, Itrs 7980/30000, Loss=0.026537
Epoch 18, Itrs 7990/30000, Loss=0.023128
Epoch 18, Itrs 8000/30000, Loss=0.025652
Model saved as checkpoints/latest_deeplabv3plus_resnet50_map_os16.pth
validation...

Overall Acc: 0.987879
Mean Acc: 0.784662
FreqW Acc: 0.978345
Mean IoU: 0.730540

Model saved as checkpoints/best_deeplabv3plus_resnet50_map_os16.pth
Epoch 18, Itrs 8010/30000, Loss=0.025877
Epoch 18, Itrs 8020/30000, Loss=0.026619
Epoch 18, Itrs 8030/30000, Loss=0.025401
Epoch 18, Itrs 8040/30000, Loss=0.025567
Epoch 18, Itrs 8050/30000, Loss=0.026737
Epoch 18, Itrs 8060/30000, Loss=0.025731
Epoch 18, Itrs 8070/30000, Loss=0.025281
Epoch 18, Itrs 8080/30000, Loss=0.026286
Epoch 18, Itrs 8090/30000, Loss=0.026000
Epoch 18, Itrs 8100/30000, Loss=0.024034
Epoch 18, Itrs 8110/30000, Loss=0.022509
Epoch 18, Itrs 8120/30000, Loss=0.027502
Epoch 18, Itrs 8130/30000, Loss=0.023411
Epoch 18, Itrs 8140/30000, Loss=0.025015
Epoch 18, Itrs 8150/30000, Loss=0.024763
Epoch 18, Itrs 8160/30000, Loss=0.027551
Epoch 18, Itrs 8170/30000, Loss=0.025134
Epoch 18, Itrs 8180/30000, Loss=0.024427
Epoch 18, Itrs 8190/30000, Loss=0.024163
Epoch 18, Itrs 8200/30000, Loss=0.024117
Epoch 18, Itrs 8210/30000, Loss=0.025968
Epoch 18, Itrs 8220/30000, Loss=0.024908
Epoch 18, Itrs 8230/30000, Loss=0.026047
Epoch 18, Itrs 8240/30000, Loss=0.023652
Epoch 18, Itrs 8250/30000, Loss=0.024295
Epoch 18, Itrs 8260/30000, Loss=0.023391
Epoch 19, Itrs 8270/30000, Loss=0.024511
Epoch 19, Itrs 8280/30000, Loss=0.024456
Epoch 19, Itrs 8290/30000, Loss=0.024257
Epoch 19, Itrs 8300/30000, Loss=0.026804
Epoch 19, Itrs 8310/30000, Loss=0.024865
Epoch 19, Itrs 8320/30000, Loss=0.025208
Epoch 19, Itrs 8330/30000, Loss=0.023898
Epoch 19, Itrs 8340/30000, Loss=0.025020
Epoch 19, Itrs 8350/30000, Loss=0.024435
Epoch 19, Itrs 8360/30000, Loss=0.022864
Epoch 19, Itrs 8370/30000, Loss=0.025363
Epoch 19, Itrs 8380/30000, Loss=0.025816
Epoch 19, Itrs 8390/30000, Loss=0.024689
Epoch 19, Itrs 8400/30000, Loss=0.025680
Epoch 19, Itrs 8410/30000, Loss=0.024558
Epoch 19, Itrs 8420/30000, Loss=0.026036
Epoch 19, Itrs 8430/30000, Loss=0.025374
Epoch 19, Itrs 8440/30000, Loss=0.024511
Epoch 19, Itrs 8450/30000, Loss=0.025396
Epoch 19, Itrs 8460/30000, Loss=0.024310
Epoch 19, Itrs 8470/30000, Loss=0.027767
Epoch 19, Itrs 8480/30000, Loss=0.024948
Epoch 19, Itrs 8490/30000, Loss=0.024743
Epoch 19, Itrs 8500/30000, Loss=0.025973
Epoch 19, Itrs 8510/30000, Loss=0.023859
Epoch 19, Itrs 8520/30000, Loss=0.026115
Epoch 19, Itrs 8530/30000, Loss=0.024176
Epoch 19, Itrs 8540/30000, Loss=0.024288
Epoch 19, Itrs 8550/30000, Loss=0.023544
Epoch 19, Itrs 8560/30000, Loss=0.025217
Epoch 19, Itrs 8570/30000, Loss=0.025110
Epoch 19, Itrs 8580/30000, Loss=0.025538
Epoch 19, Itrs 8590/30000, Loss=0.025365
Epoch 19, Itrs 8600/30000, Loss=0.025292
Epoch 19, Itrs 8610/30000, Loss=0.028127
Epoch 19, Itrs 8620/30000, Loss=0.026937
Epoch 19, Itrs 8630/30000, Loss=0.024373
Epoch 19, Itrs 8640/30000, Loss=0.026538
Epoch 19, Itrs 8650/30000, Loss=0.023294
Epoch 19, Itrs 8660/30000, Loss=0.024083
Epoch 19, Itrs 8670/30000, Loss=0.023147
Epoch 19, Itrs 8680/30000, Loss=0.022348
Epoch 19, Itrs 8690/30000, Loss=0.025880
Epoch 19, Itrs 8700/30000, Loss=0.026089
Epoch 19, Itrs 8710/30000, Loss=0.023675
Epoch 19, Itrs 8720/30000, Loss=0.025020
Epoch 20, Itrs 8730/30000, Loss=0.024174
Epoch 20, Itrs 8740/30000, Loss=0.025153
Epoch 20, Itrs 8750/30000, Loss=0.025307
Epoch 20, Itrs 8760/30000, Loss=0.024519
Epoch 20, Itrs 8770/30000, Loss=0.023094
Epoch 20, Itrs 8780/30000, Loss=0.024321
Epoch 20, Itrs 8790/30000, Loss=0.025214
Epoch 20, Itrs 8800/30000, Loss=0.023303
Epoch 20, Itrs 8810/30000, Loss=0.026535
Epoch 20, Itrs 8820/30000, Loss=0.024810
Epoch 20, Itrs 8830/30000, Loss=0.025065
Epoch 20, Itrs 8840/30000, Loss=0.024214
Epoch 20, Itrs 8850/30000, Loss=0.026259
Epoch 20, Itrs 8860/30000, Loss=0.022958
Epoch 20, Itrs 8870/30000, Loss=0.026488
Epoch 20, Itrs 8880/30000, Loss=0.027560
Epoch 20, Itrs 8890/30000, Loss=0.024663
Epoch 20, Itrs 8900/30000, Loss=0.023956
Epoch 20, Itrs 8910/30000, Loss=0.027532
Epoch 20, Itrs 8920/30000, Loss=0.021582
Epoch 20, Itrs 8930/30000, Loss=0.026768
Epoch 20, Itrs 8940/30000, Loss=0.024506
Epoch 20, Itrs 8950/30000, Loss=0.024654
Epoch 20, Itrs 8960/30000, Loss=0.025756
Epoch 20, Itrs 8970/30000, Loss=0.024120
Epoch 20, Itrs 8980/30000, Loss=0.024679
Epoch 20, Itrs 8990/30000, Loss=0.024360
Epoch 20, Itrs 9000/30000, Loss=0.024506
Epoch 20, Itrs 9010/30000, Loss=0.025376
Epoch 20, Itrs 9020/30000, Loss=0.022225
Epoch 20, Itrs 9030/30000, Loss=0.024565
Epoch 20, Itrs 9040/30000, Loss=0.027350
Epoch 20, Itrs 9050/30000, Loss=0.023352
Epoch 20, Itrs 9060/30000, Loss=0.021905
Epoch 20, Itrs 9070/30000, Loss=0.026221
Epoch 20, Itrs 9080/30000, Loss=0.022956
Epoch 20, Itrs 9090/30000, Loss=0.025554
Epoch 20, Itrs 9100/30000, Loss=0.023119
Epoch 20, Itrs 9110/30000, Loss=0.027550
Epoch 20, Itrs 9120/30000, Loss=0.024623
Epoch 20, Itrs 9130/30000, Loss=0.027367
Epoch 20, Itrs 9140/30000, Loss=0.022289
Epoch 20, Itrs 9150/30000, Loss=0.026220
Epoch 20, Itrs 9160/30000, Loss=0.026176
Epoch 20, Itrs 9170/30000, Loss=0.027262
Epoch 20, Itrs 9180/30000, Loss=0.024032
Epoch 21, Itrs 9190/30000, Loss=0.026380
Epoch 21, Itrs 9200/30000, Loss=0.022950
Epoch 21, Itrs 9210/30000, Loss=0.023038
Epoch 21, Itrs 9220/30000, Loss=0.023234
Epoch 21, Itrs 9230/30000, Loss=0.024690
Epoch 21, Itrs 9240/30000, Loss=0.024456
Epoch 21, Itrs 9250/30000, Loss=0.023788
Epoch 21, Itrs 9260/30000, Loss=0.027225
Epoch 21, Itrs 9270/30000, Loss=0.024274
Epoch 21, Itrs 9280/30000, Loss=0.025237
Epoch 21, Itrs 9290/30000, Loss=0.023943
Epoch 21, Itrs 9300/30000, Loss=0.027610
Epoch 21, Itrs 9310/30000, Loss=0.023077
Epoch 21, Itrs 9320/30000, Loss=0.024405
Epoch 21, Itrs 9330/30000, Loss=0.025721
Epoch 21, Itrs 9340/30000, Loss=0.023306
Epoch 21, Itrs 9350/30000, Loss=0.026130
Epoch 21, Itrs 9360/30000, Loss=0.027460
Epoch 21, Itrs 9370/30000, Loss=0.026803
Epoch 21, Itrs 9380/30000, Loss=0.027348
Epoch 21, Itrs 9390/30000, Loss=0.025757
Epoch 21, Itrs 9400/30000, Loss=0.023747
Epoch 21, Itrs 9410/30000, Loss=0.024597
Epoch 21, Itrs 9420/30000, Loss=0.024124
Epoch 21, Itrs 9430/30000, Loss=0.021992
Epoch 21, Itrs 9440/30000, Loss=0.027519
Epoch 21, Itrs 9450/30000, Loss=0.022927
Epoch 21, Itrs 9460/30000, Loss=0.023074
Epoch 21, Itrs 9470/30000, Loss=0.024606
Epoch 21, Itrs 9480/30000, Loss=0.026162
Epoch 21, Itrs 9490/30000, Loss=0.026110
Epoch 21, Itrs 9500/30000, Loss=0.024817
Epoch 21, Itrs 9510/30000, Loss=0.025077
Epoch 21, Itrs 9520/30000, Loss=0.025886
Epoch 21, Itrs 9530/30000, Loss=0.022761
Epoch 21, Itrs 9540/30000, Loss=0.024708
Epoch 21, Itrs 9550/30000, Loss=0.024280
Epoch 21, Itrs 9560/30000, Loss=0.023827
Epoch 21, Itrs 9570/30000, Loss=0.024754
Epoch 21, Itrs 9580/30000, Loss=0.023849
Epoch 21, Itrs 9590/30000, Loss=0.023768
Epoch 21, Itrs 9600/30000, Loss=0.026154
Epoch 21, Itrs 9610/30000, Loss=0.024400
Epoch 21, Itrs 9620/30000, Loss=0.023024
Epoch 21, Itrs 9630/30000, Loss=0.026529
Epoch 22, Itrs 9640/30000, Loss=0.021375
Epoch 22, Itrs 9650/30000, Loss=0.025559
Epoch 22, Itrs 9660/30000, Loss=0.023897
Epoch 22, Itrs 9670/30000, Loss=0.024403
Epoch 22, Itrs 9680/30000, Loss=0.025616
Epoch 22, Itrs 9690/30000, Loss=0.026229
Epoch 22, Itrs 9700/30000, Loss=0.023374
Epoch 22, Itrs 9710/30000, Loss=0.025702
Epoch 22, Itrs 9720/30000, Loss=0.025067
Epoch 22, Itrs 9730/30000, Loss=0.022236
Epoch 22, Itrs 9740/30000, Loss=0.024915
Epoch 22, Itrs 9750/30000, Loss=0.024048
Epoch 22, Itrs 9760/30000, Loss=0.023669
Epoch 22, Itrs 9770/30000, Loss=0.021593
Epoch 22, Itrs 9780/30000, Loss=0.024819
Epoch 22, Itrs 9790/30000, Loss=0.026116
Epoch 22, Itrs 9800/30000, Loss=0.026374
Epoch 22, Itrs 9810/30000, Loss=0.025357
Epoch 22, Itrs 9820/30000, Loss=0.026896
Epoch 22, Itrs 9830/30000, Loss=0.023629
Epoch 22, Itrs 9840/30000, Loss=0.022666
Epoch 22, Itrs 9850/30000, Loss=0.023871
Epoch 22, Itrs 9860/30000, Loss=0.024662
Epoch 22, Itrs 9870/30000, Loss=0.022905
Epoch 22, Itrs 9880/30000, Loss=0.024673
Epoch 22, Itrs 9890/30000, Loss=0.022858
Epoch 22, Itrs 9900/30000, Loss=0.024801
Epoch 22, Itrs 9910/30000, Loss=0.025028
Epoch 22, Itrs 9920/30000, Loss=0.026190
Epoch 22, Itrs 9930/30000, Loss=0.022921
Epoch 22, Itrs 9940/30000, Loss=0.023067
Epoch 22, Itrs 9950/30000, Loss=0.024113
Epoch 22, Itrs 9960/30000, Loss=0.022229
Epoch 22, Itrs 9970/30000, Loss=0.026509
Epoch 22, Itrs 9980/30000, Loss=0.024594
Epoch 22, Itrs 9990/30000, Loss=0.024647
Epoch 22, Itrs 10000/30000, Loss=0.025458
Model saved as checkpoints/latest_deeplabv3plus_resnet50_map_os16.pth
validation...

Overall Acc: 0.988151
Mean Acc: 0.793917
FreqW Acc: 0.978854
Mean IoU: 0.737586

Model saved as checkpoints/best_deeplabv3plus_resnet50_map_os16.pth
Epoch 22, Itrs 10010/30000, Loss=0.025443
Epoch 22, Itrs 10020/30000, Loss=0.024017
Epoch 22, Itrs 10030/30000, Loss=0.024734
Epoch 22, Itrs 10040/30000, Loss=0.025937
Epoch 22, Itrs 10050/30000, Loss=0.025687
Epoch 22, Itrs 10060/30000, Loss=0.026208
Epoch 22, Itrs 10070/30000, Loss=0.026062
Epoch 22, Itrs 10080/30000, Loss=0.022549
Epoch 22, Itrs 10090/30000, Loss=0.024170
Epoch 23, Itrs 10100/30000, Loss=0.025232
Epoch 23, Itrs 10110/30000, Loss=0.024569
Epoch 23, Itrs 10120/30000, Loss=0.024468
Epoch 23, Itrs 10130/30000, Loss=0.023150
Epoch 23, Itrs 10140/30000, Loss=0.026009
Epoch 23, Itrs 10150/30000, Loss=0.023473
Epoch 23, Itrs 10160/30000, Loss=0.025420
Epoch 23, Itrs 10170/30000, Loss=0.023221
Epoch 23, Itrs 10180/30000, Loss=0.027333
Epoch 23, Itrs 10190/30000, Loss=0.025930
Epoch 23, Itrs 10200/30000, Loss=0.026325
Epoch 23, Itrs 10210/30000, Loss=0.023768
Epoch 23, Itrs 10220/30000, Loss=0.023883
Epoch 23, Itrs 10230/30000, Loss=0.025466
Epoch 23, Itrs 10240/30000, Loss=0.025147
Epoch 23, Itrs 10250/30000, Loss=0.024711
Epoch 23, Itrs 10260/30000, Loss=0.024008
Epoch 23, Itrs 10270/30000, Loss=0.024182
Epoch 23, Itrs 10280/30000, Loss=0.023575
Epoch 23, Itrs 10290/30000, Loss=0.024816
Epoch 23, Itrs 10300/30000, Loss=0.023890
Epoch 23, Itrs 10310/30000, Loss=0.026164
Epoch 23, Itrs 10320/30000, Loss=0.022622
Epoch 23, Itrs 10330/30000, Loss=0.025334
Epoch 23, Itrs 10340/30000, Loss=0.024379
Epoch 23, Itrs 10350/30000, Loss=0.023586
Epoch 23, Itrs 10360/30000, Loss=0.022396
Epoch 23, Itrs 10370/30000, Loss=0.024630
Epoch 23, Itrs 10380/30000, Loss=0.021500
Epoch 23, Itrs 10390/30000, Loss=0.022222
Epoch 23, Itrs 10400/30000, Loss=0.022879
Epoch 23, Itrs 10410/30000, Loss=0.024587
Epoch 23, Itrs 10420/30000, Loss=0.023733
Epoch 23, Itrs 10430/30000, Loss=0.024402
Epoch 23, Itrs 10440/30000, Loss=0.023703
Epoch 23, Itrs 10450/30000, Loss=0.023839
Epoch 23, Itrs 10460/30000, Loss=0.025147
Epoch 23, Itrs 10470/30000, Loss=0.024603
Epoch 23, Itrs 10480/30000, Loss=0.025324
Epoch 23, Itrs 10490/30000, Loss=0.024497
Epoch 23, Itrs 10500/30000, Loss=0.024614
Epoch 23, Itrs 10510/30000, Loss=0.023493
Epoch 23, Itrs 10520/30000, Loss=0.023302
Epoch 23, Itrs 10530/30000, Loss=0.026658
Epoch 23, Itrs 10540/30000, Loss=0.026751
Epoch 23, Itrs 10550/30000, Loss=0.026209
Epoch 24, Itrs 10560/30000, Loss=0.026693
Epoch 24, Itrs 10570/30000, Loss=0.022583
Epoch 24, Itrs 10580/30000, Loss=0.023500
Epoch 24, Itrs 10590/30000, Loss=0.024372
Epoch 24, Itrs 10600/30000, Loss=0.025853
Epoch 24, Itrs 10610/30000, Loss=0.024489
Epoch 24, Itrs 10620/30000, Loss=0.023993
Epoch 24, Itrs 10630/30000, Loss=0.023399
Epoch 24, Itrs 10640/30000, Loss=0.024992
Epoch 24, Itrs 10650/30000, Loss=0.026447
Epoch 24, Itrs 10660/30000, Loss=0.027330
Epoch 24, Itrs 10670/30000, Loss=0.025215
Epoch 24, Itrs 10680/30000, Loss=0.023845
Epoch 24, Itrs 10690/30000, Loss=0.023796
Epoch 24, Itrs 10700/30000, Loss=0.022756
Epoch 24, Itrs 10710/30000, Loss=0.022613
Epoch 24, Itrs 10720/30000, Loss=0.025165
Epoch 24, Itrs 10730/30000, Loss=0.023458
Epoch 24, Itrs 10740/30000, Loss=0.025737
Epoch 24, Itrs 10750/30000, Loss=0.025151
Epoch 24, Itrs 10760/30000, Loss=0.024745
Epoch 24, Itrs 10770/30000, Loss=0.023178
Epoch 24, Itrs 10780/30000, Loss=0.023070
Epoch 24, Itrs 10790/30000, Loss=0.026786
Epoch 24, Itrs 10800/30000, Loss=0.023804
Epoch 24, Itrs 10810/30000, Loss=0.025781
Epoch 24, Itrs 10820/30000, Loss=0.022258
Epoch 24, Itrs 10830/30000, Loss=0.023137
Epoch 24, Itrs 10840/30000, Loss=0.024726
Epoch 24, Itrs 10850/30000, Loss=0.024048
Epoch 24, Itrs 10860/30000, Loss=0.020988
Epoch 24, Itrs 10870/30000, Loss=0.023259
Epoch 24, Itrs 10880/30000, Loss=0.025402
Epoch 24, Itrs 10890/30000, Loss=0.024775
Epoch 24, Itrs 10900/30000, Loss=0.025020
Epoch 24, Itrs 10910/30000, Loss=0.025801
Epoch 24, Itrs 10920/30000, Loss=0.025064
Epoch 24, Itrs 10930/30000, Loss=0.022840
Epoch 24, Itrs 10940/30000, Loss=0.024142
Epoch 24, Itrs 10950/30000, Loss=0.025340
Epoch 24, Itrs 10960/30000, Loss=0.022967
Epoch 24, Itrs 10970/30000, Loss=0.023340
Epoch 24, Itrs 10980/30000, Loss=0.023411
Epoch 24, Itrs 10990/30000, Loss=0.024428
Epoch 24, Itrs 11000/30000, Loss=0.025178
Epoch 24, Itrs 11010/30000, Loss=0.025734
Epoch 25, Itrs 11020/30000, Loss=0.025355
Epoch 25, Itrs 11030/30000, Loss=0.022848
Epoch 25, Itrs 11040/30000, Loss=0.024562
Epoch 25, Itrs 11050/30000, Loss=0.023225
Epoch 25, Itrs 11060/30000, Loss=0.023870
Epoch 25, Itrs 11070/30000, Loss=0.024542
Epoch 25, Itrs 11080/30000, Loss=0.024814
Epoch 25, Itrs 11090/30000, Loss=0.024917
Epoch 25, Itrs 11100/30000, Loss=0.024959
Epoch 25, Itrs 11110/30000, Loss=0.024932
Epoch 25, Itrs 11120/30000, Loss=0.026138
Epoch 25, Itrs 11130/30000, Loss=0.022978
Epoch 25, Itrs 11140/30000, Loss=0.024259
Epoch 25, Itrs 11150/30000, Loss=0.023177
Epoch 25, Itrs 11160/30000, Loss=0.024917
Epoch 25, Itrs 11170/30000, Loss=0.024090
Epoch 25, Itrs 11180/30000, Loss=0.024001
Epoch 25, Itrs 11190/30000, Loss=0.022344
Epoch 25, Itrs 11200/30000, Loss=0.024329
Epoch 25, Itrs 11210/30000, Loss=0.024347
Epoch 25, Itrs 11220/30000, Loss=0.022479
Epoch 25, Itrs 11230/30000, Loss=0.025972
Epoch 25, Itrs 11240/30000, Loss=0.024883
Epoch 25, Itrs 11250/30000, Loss=0.021511
Epoch 25, Itrs 11260/30000, Loss=0.024829
Epoch 25, Itrs 11270/30000, Loss=0.023910
Epoch 25, Itrs 11280/30000, Loss=0.023378
Epoch 25, Itrs 11290/30000, Loss=0.023924
Epoch 25, Itrs 11300/30000, Loss=0.022980
Epoch 25, Itrs 11310/30000, Loss=0.024806
Epoch 25, Itrs 11320/30000, Loss=0.024299
Epoch 25, Itrs 11330/30000, Loss=0.024041
Epoch 25, Itrs 11340/30000, Loss=0.023391
Epoch 25, Itrs 11350/30000, Loss=0.025506
Epoch 25, Itrs 11360/30000, Loss=0.026574
Epoch 25, Itrs 11370/30000, Loss=0.025782
Epoch 25, Itrs 11380/30000, Loss=0.026459
Epoch 25, Itrs 11390/30000, Loss=0.024330
Epoch 25, Itrs 11400/30000, Loss=0.023538
Epoch 25, Itrs 11410/30000, Loss=0.024057
Epoch 25, Itrs 11420/30000, Loss=0.024312
Epoch 25, Itrs 11430/30000, Loss=0.022994
Epoch 25, Itrs 11440/30000, Loss=0.024502
Epoch 25, Itrs 11450/30000, Loss=0.022342
Epoch 25, Itrs 11460/30000, Loss=0.025341
Epoch 25, Itrs 11470/30000, Loss=0.024468
Epoch 26, Itrs 11480/30000, Loss=0.024190
Epoch 26, Itrs 11490/30000, Loss=0.023661
Epoch 26, Itrs 11500/30000, Loss=0.023073
Epoch 26, Itrs 11510/30000, Loss=0.023638
Epoch 26, Itrs 11520/30000, Loss=0.024825
Epoch 26, Itrs 11530/30000, Loss=0.024314
Epoch 26, Itrs 11540/30000, Loss=0.022075
Epoch 26, Itrs 11550/30000, Loss=0.024213
Epoch 26, Itrs 11560/30000, Loss=0.023197
Epoch 26, Itrs 11570/30000, Loss=0.025975
Epoch 26, Itrs 11580/30000, Loss=0.024990
Epoch 26, Itrs 11590/30000, Loss=0.023703
Epoch 26, Itrs 11600/30000, Loss=0.025326
Epoch 26, Itrs 11610/30000, Loss=0.024386
Epoch 26, Itrs 11620/30000, Loss=0.023926
Epoch 26, Itrs 11630/30000, Loss=0.023654
Epoch 26, Itrs 11640/30000, Loss=0.023873
Epoch 26, Itrs 11650/30000, Loss=0.022773
Epoch 26, Itrs 11660/30000, Loss=0.021813
Epoch 26, Itrs 11670/30000, Loss=0.024267
Epoch 26, Itrs 11680/30000, Loss=0.023745
Epoch 26, Itrs 11690/30000, Loss=0.023150
Epoch 26, Itrs 11700/30000, Loss=0.025621
Epoch 26, Itrs 11710/30000, Loss=0.023612
Epoch 26, Itrs 11720/30000, Loss=0.025620
Epoch 26, Itrs 11730/30000, Loss=0.025460
Epoch 26, Itrs 11740/30000, Loss=0.026505
Epoch 26, Itrs 11750/30000, Loss=0.024803
Epoch 26, Itrs 11760/30000, Loss=0.026627
Epoch 26, Itrs 11770/30000, Loss=0.022293
Epoch 26, Itrs 11780/30000, Loss=0.024955
Epoch 26, Itrs 11790/30000, Loss=0.023513
Epoch 26, Itrs 11800/30000, Loss=0.024538
Epoch 26, Itrs 11810/30000, Loss=0.027564
Epoch 26, Itrs 11820/30000, Loss=0.022416
Epoch 26, Itrs 11830/30000, Loss=0.023287
Epoch 26, Itrs 11840/30000, Loss=0.024946
Epoch 26, Itrs 11850/30000, Loss=0.025097
Epoch 26, Itrs 11860/30000, Loss=0.025718
Epoch 26, Itrs 11870/30000, Loss=0.023346
Epoch 26, Itrs 11880/30000, Loss=0.025977
Epoch 26, Itrs 11890/30000, Loss=0.022593
Epoch 26, Itrs 11900/30000, Loss=0.022579
Epoch 26, Itrs 11910/30000, Loss=0.024228
Epoch 26, Itrs 11920/30000, Loss=0.020808
Epoch 26, Itrs 11930/30000, Loss=0.023295
Epoch 27, Itrs 11940/30000, Loss=0.024102
Epoch 27, Itrs 11950/30000, Loss=0.027025
Epoch 27, Itrs 11960/30000, Loss=0.024902
Epoch 27, Itrs 11970/30000, Loss=0.023878
Epoch 27, Itrs 11980/30000, Loss=0.021101
Epoch 27, Itrs 11990/30000, Loss=0.025513
Epoch 27, Itrs 12000/30000, Loss=0.026293
Model saved as checkpoints/latest_deeplabv3plus_resnet50_map_os16.pth
validation...

Overall Acc: 0.988365
Mean Acc: 0.812316
FreqW Acc: 0.979508
Mean IoU: 0.749215

Model saved as checkpoints/best_deeplabv3plus_resnet50_map_os16.pth
Epoch 27, Itrs 12010/30000, Loss=0.025673
Epoch 27, Itrs 12020/30000, Loss=0.021265
Epoch 27, Itrs 12030/30000, Loss=0.022915
Epoch 27, Itrs 12040/30000, Loss=0.025360
Epoch 27, Itrs 12050/30000, Loss=0.023916
Epoch 27, Itrs 12060/30000, Loss=0.023965
Epoch 27, Itrs 12070/30000, Loss=0.023703
Epoch 27, Itrs 12080/30000, Loss=0.024627
Epoch 27, Itrs 12090/30000, Loss=0.020642
Epoch 27, Itrs 12100/30000, Loss=0.024297
Epoch 27, Itrs 12110/30000, Loss=0.022443
Epoch 27, Itrs 12120/30000, Loss=0.025168
Epoch 27, Itrs 12130/30000, Loss=0.024483
Epoch 27, Itrs 12140/30000, Loss=0.025351
Epoch 27, Itrs 12150/30000, Loss=0.023370
Epoch 27, Itrs 12160/30000, Loss=0.024708
Epoch 27, Itrs 12170/30000, Loss=0.024177
Epoch 27, Itrs 12180/30000, Loss=0.024086
Epoch 27, Itrs 12190/30000, Loss=0.024229
Epoch 27, Itrs 12200/30000, Loss=0.024418
Epoch 27, Itrs 12210/30000, Loss=0.024083
Epoch 27, Itrs 12220/30000, Loss=0.023564
Epoch 27, Itrs 12230/30000, Loss=0.024064
Epoch 27, Itrs 12240/30000, Loss=0.023332
Epoch 27, Itrs 12250/30000, Loss=0.022756
Epoch 27, Itrs 12260/30000, Loss=0.024847
Epoch 27, Itrs 12270/30000, Loss=0.024521
Epoch 27, Itrs 12280/30000, Loss=0.023267
Epoch 27, Itrs 12290/30000, Loss=0.022327
Epoch 27, Itrs 12300/30000, Loss=0.024480
Epoch 27, Itrs 12310/30000, Loss=0.024906
Epoch 27, Itrs 12320/30000, Loss=0.023358
Epoch 27, Itrs 12330/30000, Loss=0.024378
Epoch 27, Itrs 12340/30000, Loss=0.023950
Epoch 27, Itrs 12350/30000, Loss=0.026106
Epoch 27, Itrs 12360/30000, Loss=0.020828
Epoch 27, Itrs 12370/30000, Loss=0.026883
Epoch 27, Itrs 12380/30000, Loss=0.022456
Epoch 27, Itrs 12390/30000, Loss=0.023999
Epoch 28, Itrs 12400/30000, Loss=0.024948
Epoch 28, Itrs 12410/30000, Loss=0.024441
Epoch 28, Itrs 12420/30000, Loss=0.026564
Epoch 28, Itrs 12430/30000, Loss=0.023651
Epoch 28, Itrs 12440/30000, Loss=0.022558
Epoch 28, Itrs 12450/30000, Loss=0.025140
Epoch 28, Itrs 12460/30000, Loss=0.023193
Epoch 28, Itrs 12470/30000, Loss=0.025710
Epoch 28, Itrs 12480/30000, Loss=0.023890
Epoch 28, Itrs 12490/30000, Loss=0.022983
Epoch 28, Itrs 12500/30000, Loss=0.025039
Epoch 28, Itrs 12510/30000, Loss=0.023621
Epoch 28, Itrs 12520/30000, Loss=0.025377
Epoch 28, Itrs 12530/30000, Loss=0.023160
Epoch 28, Itrs 12540/30000, Loss=0.024787
Epoch 28, Itrs 12550/30000, Loss=0.023850
Epoch 28, Itrs 12560/30000, Loss=0.023470
Epoch 28, Itrs 12570/30000, Loss=0.024216
Epoch 28, Itrs 12580/30000, Loss=0.024863
Epoch 28, Itrs 12590/30000, Loss=0.024197
Epoch 28, Itrs 12600/30000, Loss=0.024766
Epoch 28, Itrs 12610/30000, Loss=0.022453
Epoch 28, Itrs 12620/30000, Loss=0.022470
Epoch 28, Itrs 12630/30000, Loss=0.023712
Epoch 28, Itrs 12640/30000, Loss=0.021619
Epoch 28, Itrs 12650/30000, Loss=0.023305
Epoch 28, Itrs 12660/30000, Loss=0.024622
Epoch 28, Itrs 12670/30000, Loss=0.023612
Epoch 28, Itrs 12680/30000, Loss=0.024135
Epoch 28, Itrs 12690/30000, Loss=0.023064
Epoch 28, Itrs 12700/30000, Loss=0.024430
Epoch 28, Itrs 12710/30000, Loss=0.022480
Epoch 28, Itrs 12720/30000, Loss=0.024827
Epoch 28, Itrs 12730/30000, Loss=0.021927
Epoch 28, Itrs 12740/30000, Loss=0.023396
Epoch 28, Itrs 12750/30000, Loss=0.023378
Epoch 28, Itrs 12760/30000, Loss=0.024562
Epoch 28, Itrs 12770/30000, Loss=0.022851
Epoch 28, Itrs 12780/30000, Loss=0.023889
Epoch 28, Itrs 12790/30000, Loss=0.023552
Epoch 28, Itrs 12800/30000, Loss=0.023663
Epoch 28, Itrs 12810/30000, Loss=0.025189
Epoch 28, Itrs 12820/30000, Loss=0.023550
Epoch 28, Itrs 12830/30000, Loss=0.023092
Epoch 28, Itrs 12840/30000, Loss=0.026050
Epoch 28, Itrs 12850/30000, Loss=0.023509
