Device: cuda
Calculated Mean: tensor([0.7715, 0.8988, 0.9856])
Calculated Std: tensor([0.2449, 0.1588, 0.0835])
Dataset: map, Train set: 7350, Val set: 1575
[!] Training from scratch
Epoch 1, Itrs 10/30000, Loss=0.628045
Epoch 1, Itrs 20/30000, Loss=0.174978
Epoch 1, Itrs 30/30000, Loss=0.127773
Epoch 1, Itrs 40/30000, Loss=0.120811
Epoch 1, Itrs 50/30000, Loss=0.105120
Epoch 1, Itrs 60/30000, Loss=0.104059
Epoch 1, Itrs 70/30000, Loss=0.108430
Epoch 1, Itrs 80/30000, Loss=0.102142
Epoch 1, Itrs 90/30000, Loss=0.092862
Epoch 1, Itrs 100/30000, Loss=0.100936
Epoch 1, Itrs 110/30000, Loss=0.086966
Epoch 1, Itrs 120/30000, Loss=0.095550
Epoch 1, Itrs 130/30000, Loss=0.095634
Epoch 1, Itrs 140/30000, Loss=0.088183
Epoch 1, Itrs 150/30000, Loss=0.080601
Epoch 1, Itrs 160/30000, Loss=0.084504
Epoch 1, Itrs 170/30000, Loss=0.085626
Epoch 1, Itrs 180/30000, Loss=0.085379
Epoch 1, Itrs 190/30000, Loss=0.084414
Epoch 1, Itrs 200/30000, Loss=0.088771
Epoch 1, Itrs 210/30000, Loss=0.086638
Epoch 1, Itrs 220/30000, Loss=0.080821
Epoch 1, Itrs 230/30000, Loss=0.079125
Epoch 1, Itrs 240/30000, Loss=0.085702
Epoch 1, Itrs 250/30000, Loss=0.082764
Epoch 1, Itrs 260/30000, Loss=0.078738
Epoch 1, Itrs 270/30000, Loss=0.082510
Epoch 1, Itrs 280/30000, Loss=0.072920
Epoch 1, Itrs 290/30000, Loss=0.079544
Epoch 1, Itrs 300/30000, Loss=0.080890
Epoch 1, Itrs 310/30000, Loss=0.077358
Epoch 1, Itrs 320/30000, Loss=0.079517
Epoch 1, Itrs 330/30000, Loss=0.076979
Epoch 1, Itrs 340/30000, Loss=0.081885
Epoch 1, Itrs 350/30000, Loss=0.080420
Epoch 1, Itrs 360/30000, Loss=0.078352
Epoch 1, Itrs 370/30000, Loss=0.076936
Epoch 1, Itrs 380/30000, Loss=0.074974
Epoch 1, Itrs 390/30000, Loss=0.075592
Epoch 1, Itrs 400/30000, Loss=0.074089
Epoch 1, Itrs 410/30000, Loss=0.068490
Epoch 1, Itrs 420/30000, Loss=0.081130
Epoch 1, Itrs 430/30000, Loss=0.077990
Epoch 1, Itrs 440/30000, Loss=0.078237
Epoch 1, Itrs 450/30000, Loss=0.073673
Epoch 2, Itrs 460/30000, Loss=0.075817
Epoch 2, Itrs 470/30000, Loss=0.076078
Epoch 2, Itrs 480/30000, Loss=0.078388
Epoch 2, Itrs 490/30000, Loss=0.072993
Epoch 2, Itrs 500/30000, Loss=0.073689
Epoch 2, Itrs 510/30000, Loss=0.069568
Epoch 2, Itrs 520/30000, Loss=0.075580
Epoch 2, Itrs 530/30000, Loss=0.074572
Epoch 2, Itrs 540/30000, Loss=0.068283
Epoch 2, Itrs 550/30000, Loss=0.074305
Epoch 2, Itrs 560/30000, Loss=0.066996
Epoch 2, Itrs 570/30000, Loss=0.070764
Epoch 2, Itrs 580/30000, Loss=0.071573
Epoch 2, Itrs 590/30000, Loss=0.070227
Epoch 2, Itrs 600/30000, Loss=0.068298
Epoch 2, Itrs 610/30000, Loss=0.067932
Epoch 2, Itrs 620/30000, Loss=0.068954
Epoch 2, Itrs 630/30000, Loss=0.070877
Epoch 2, Itrs 640/30000, Loss=0.071135
Epoch 2, Itrs 650/30000, Loss=0.066380
Epoch 2, Itrs 660/30000, Loss=0.069263
Epoch 2, Itrs 670/30000, Loss=0.073992
Epoch 2, Itrs 680/30000, Loss=0.070346
Epoch 2, Itrs 690/30000, Loss=0.069154
Epoch 2, Itrs 700/30000, Loss=0.062712
Epoch 2, Itrs 710/30000, Loss=0.071091
Epoch 2, Itrs 720/30000, Loss=0.066880
Epoch 2, Itrs 730/30000, Loss=0.067459
Epoch 2, Itrs 740/30000, Loss=0.067044
Epoch 2, Itrs 750/30000, Loss=0.068285
Epoch 2, Itrs 760/30000, Loss=0.067186
Epoch 2, Itrs 770/30000, Loss=0.065857
Epoch 2, Itrs 780/30000, Loss=0.068823
Epoch 2, Itrs 790/30000, Loss=0.069566
Epoch 2, Itrs 800/30000, Loss=0.063220
Epoch 2, Itrs 810/30000, Loss=0.064261
Epoch 2, Itrs 820/30000, Loss=0.067130
Epoch 2, Itrs 830/30000, Loss=0.067052
Epoch 2, Itrs 840/30000, Loss=0.063923
Epoch 2, Itrs 850/30000, Loss=0.068246
Epoch 2, Itrs 860/30000, Loss=0.065044
Epoch 2, Itrs 870/30000, Loss=0.060309
Epoch 2, Itrs 880/30000, Loss=0.063150
Epoch 2, Itrs 890/30000, Loss=0.063032
Epoch 2, Itrs 900/30000, Loss=0.066784
Epoch 2, Itrs 910/30000, Loss=0.068194
Epoch 3, Itrs 920/30000, Loss=0.062644
Epoch 3, Itrs 930/30000, Loss=0.066183
Epoch 3, Itrs 940/30000, Loss=0.062042
Epoch 3, Itrs 950/30000, Loss=0.067782
Epoch 3, Itrs 960/30000, Loss=0.063018
Epoch 3, Itrs 970/30000, Loss=0.065305
Epoch 3, Itrs 980/30000, Loss=0.058066
Epoch 3, Itrs 990/30000, Loss=0.065148
Epoch 3, Itrs 1000/30000, Loss=0.063343
Epoch 3, Itrs 1010/30000, Loss=0.063837
Epoch 3, Itrs 1020/30000, Loss=0.062329
Epoch 3, Itrs 1030/30000, Loss=0.057285
Epoch 3, Itrs 1040/30000, Loss=0.068603
Epoch 3, Itrs 1050/30000, Loss=0.062553
Epoch 3, Itrs 1060/30000, Loss=0.061513
Epoch 3, Itrs 1070/30000, Loss=0.067241
Epoch 3, Itrs 1080/30000, Loss=0.065884
Epoch 3, Itrs 1090/30000, Loss=0.060026
Epoch 3, Itrs 1100/30000, Loss=0.064186
Epoch 3, Itrs 1110/30000, Loss=0.063681
Epoch 3, Itrs 1120/30000, Loss=0.065117
Epoch 3, Itrs 1130/30000, Loss=0.061525
Epoch 3, Itrs 1140/30000, Loss=0.059521
Epoch 3, Itrs 1150/30000, Loss=0.063910
Epoch 3, Itrs 1160/30000, Loss=0.066154
Epoch 3, Itrs 1170/30000, Loss=0.062317
Epoch 3, Itrs 1180/30000, Loss=0.061403
Epoch 3, Itrs 1190/30000, Loss=0.056332
Epoch 3, Itrs 1200/30000, Loss=0.060875
Epoch 3, Itrs 1210/30000, Loss=0.060423
Epoch 3, Itrs 1220/30000, Loss=0.060198
Epoch 3, Itrs 1230/30000, Loss=0.062356
Epoch 3, Itrs 1240/30000, Loss=0.062943
Epoch 3, Itrs 1250/30000, Loss=0.064542
Epoch 3, Itrs 1260/30000, Loss=0.061330
Epoch 3, Itrs 1270/30000, Loss=0.060946
Epoch 3, Itrs 1280/30000, Loss=0.061421
Epoch 3, Itrs 1290/30000, Loss=0.061978
Epoch 3, Itrs 1300/30000, Loss=0.063959
Epoch 3, Itrs 1310/30000, Loss=0.062412
Epoch 3, Itrs 1320/30000, Loss=0.059844
Epoch 3, Itrs 1330/30000, Loss=0.058071
Epoch 3, Itrs 1340/30000, Loss=0.060003
Epoch 3, Itrs 1350/30000, Loss=0.060784
Epoch 3, Itrs 1360/30000, Loss=0.060057
Epoch 3, Itrs 1370/30000, Loss=0.061801
Epoch 4, Itrs 1380/30000, Loss=0.060563
Epoch 4, Itrs 1390/30000, Loss=0.063396
Epoch 4, Itrs 1400/30000, Loss=0.056406
Epoch 4, Itrs 1410/30000, Loss=0.062717
Epoch 4, Itrs 1420/30000, Loss=0.064618
Epoch 4, Itrs 1430/30000, Loss=0.057676
Epoch 4, Itrs 1440/30000, Loss=0.060909
Epoch 4, Itrs 1450/30000, Loss=0.054424
Epoch 4, Itrs 1460/30000, Loss=0.055271
Epoch 4, Itrs 1470/30000, Loss=0.062403
Epoch 4, Itrs 1480/30000, Loss=0.058747
Epoch 4, Itrs 1490/30000, Loss=0.061260
Epoch 4, Itrs 1500/30000, Loss=0.057171
Epoch 4, Itrs 1510/30000, Loss=0.057272
Epoch 4, Itrs 1520/30000, Loss=0.062823
Epoch 4, Itrs 1530/30000, Loss=0.057015
Epoch 4, Itrs 1540/30000, Loss=0.062274
Epoch 4, Itrs 1550/30000, Loss=0.060114
Epoch 4, Itrs 1560/30000, Loss=0.062283
Epoch 4, Itrs 1570/30000, Loss=0.060243
Epoch 4, Itrs 1580/30000, Loss=0.061828
Epoch 4, Itrs 1590/30000, Loss=0.058854
Epoch 4, Itrs 1600/30000, Loss=0.057847
Epoch 4, Itrs 1610/30000, Loss=0.060838
Epoch 4, Itrs 1620/30000, Loss=0.064766
Epoch 4, Itrs 1630/30000, Loss=0.057209
Epoch 4, Itrs 1640/30000, Loss=0.059498
Epoch 4, Itrs 1650/30000, Loss=0.057786
Epoch 4, Itrs 1660/30000, Loss=0.055701
Epoch 4, Itrs 1670/30000, Loss=0.053127
Epoch 4, Itrs 1680/30000, Loss=0.061150
Epoch 4, Itrs 1690/30000, Loss=0.064289
Epoch 4, Itrs 1700/30000, Loss=0.053089
Epoch 4, Itrs 1710/30000, Loss=0.060996
Epoch 4, Itrs 1720/30000, Loss=0.062321
Epoch 4, Itrs 1730/30000, Loss=0.055743
Epoch 4, Itrs 1740/30000, Loss=0.056676
Epoch 4, Itrs 1750/30000, Loss=0.060914
Epoch 4, Itrs 1760/30000, Loss=0.054888
Epoch 4, Itrs 1770/30000, Loss=0.055768
Epoch 4, Itrs 1780/30000, Loss=0.058820
Epoch 4, Itrs 1790/30000, Loss=0.054592
Epoch 4, Itrs 1800/30000, Loss=0.060119
Epoch 4, Itrs 1810/30000, Loss=0.052465
Epoch 4, Itrs 1820/30000, Loss=0.058358
Epoch 4, Itrs 1830/30000, Loss=0.053655
Epoch 5, Itrs 1840/30000, Loss=0.053669
Epoch 5, Itrs 1850/30000, Loss=0.054193
Epoch 5, Itrs 1860/30000, Loss=0.056836
Epoch 5, Itrs 1870/30000, Loss=0.055270
Epoch 5, Itrs 1880/30000, Loss=0.056254
Epoch 5, Itrs 1890/30000, Loss=0.059594
Epoch 5, Itrs 1900/30000, Loss=0.054606
Epoch 5, Itrs 1910/30000, Loss=0.051763
Epoch 5, Itrs 1920/30000, Loss=0.056415
Epoch 5, Itrs 1930/30000, Loss=0.057030
Epoch 5, Itrs 1940/30000, Loss=0.054994
Epoch 5, Itrs 1950/30000, Loss=0.057110
Epoch 5, Itrs 1960/30000, Loss=0.055927
Epoch 5, Itrs 1970/30000, Loss=0.056138
Epoch 5, Itrs 1980/30000, Loss=0.058780
Epoch 5, Itrs 1990/30000, Loss=0.059411
Epoch 5, Itrs 2000/30000, Loss=0.056578
Model saved as checkpoints/latest_deeplabv3plus_resnet50_map_os16.pth
validation...

Overall Acc: 0.980667
Mean Acc: 0.946003
FreqW Acc: 0.971800
Mean IoU: 0.738345

Model saved as checkpoints/best_deeplabv3plus_resnet50_map_os16.pth
Epoch 5, Itrs 2010/30000, Loss=0.050372
Epoch 5, Itrs 2020/30000, Loss=0.054968
Epoch 5, Itrs 2030/30000, Loss=0.061288
Epoch 5, Itrs 2040/30000, Loss=0.055159
Epoch 5, Itrs 2050/30000, Loss=0.059107
Epoch 5, Itrs 2060/30000, Loss=0.054752
Epoch 5, Itrs 2070/30000, Loss=0.052990
Epoch 5, Itrs 2080/30000, Loss=0.057109
Epoch 5, Itrs 2090/30000, Loss=0.055240
Epoch 5, Itrs 2100/30000, Loss=0.054820
Epoch 5, Itrs 2110/30000, Loss=0.062796
Epoch 5, Itrs 2120/30000, Loss=0.058443
Epoch 5, Itrs 2130/30000, Loss=0.058401
Epoch 5, Itrs 2140/30000, Loss=0.052309
Epoch 5, Itrs 2150/30000, Loss=0.061209
Epoch 5, Itrs 2160/30000, Loss=0.057870
Epoch 5, Itrs 2170/30000, Loss=0.058656
Epoch 5, Itrs 2180/30000, Loss=0.056187
Epoch 5, Itrs 2190/30000, Loss=0.056985
Epoch 5, Itrs 2200/30000, Loss=0.058639
Epoch 5, Itrs 2210/30000, Loss=0.059598
Epoch 5, Itrs 2220/30000, Loss=0.052651
Epoch 5, Itrs 2230/30000, Loss=0.053611
Epoch 5, Itrs 2240/30000, Loss=0.051341
Epoch 5, Itrs 2250/30000, Loss=0.056007
Epoch 5, Itrs 2260/30000, Loss=0.055978
Epoch 5, Itrs 2270/30000, Loss=0.054353
Epoch 5, Itrs 2280/30000, Loss=0.056754
Epoch 5, Itrs 2290/30000, Loss=0.056134
Epoch 6, Itrs 2300/30000, Loss=0.056889
Epoch 6, Itrs 2310/30000, Loss=0.055785
Epoch 6, Itrs 2320/30000, Loss=0.057277
Epoch 6, Itrs 2330/30000, Loss=0.055207
Epoch 6, Itrs 2340/30000, Loss=0.054877
Epoch 6, Itrs 2350/30000, Loss=0.054041
Epoch 6, Itrs 2360/30000, Loss=0.060992
Epoch 6, Itrs 2370/30000, Loss=0.055365
Epoch 6, Itrs 2380/30000, Loss=0.055101
Epoch 6, Itrs 2390/30000, Loss=0.055707
Epoch 6, Itrs 2400/30000, Loss=0.054261
Epoch 6, Itrs 2410/30000, Loss=0.053933
Epoch 6, Itrs 2420/30000, Loss=0.051223
Epoch 6, Itrs 2430/30000, Loss=0.054125
Epoch 6, Itrs 2440/30000, Loss=0.053652
Epoch 6, Itrs 2450/30000, Loss=0.057767
Epoch 6, Itrs 2460/30000, Loss=0.054175
Epoch 6, Itrs 2470/30000, Loss=0.055179
Epoch 6, Itrs 2480/30000, Loss=0.051449
Epoch 6, Itrs 2490/30000, Loss=0.051192
Epoch 6, Itrs 2500/30000, Loss=0.056739
Epoch 6, Itrs 2510/30000, Loss=0.051705
Epoch 6, Itrs 2520/30000, Loss=0.058024
Epoch 6, Itrs 2530/30000, Loss=0.054297
Epoch 6, Itrs 2540/30000, Loss=0.053854
Epoch 6, Itrs 2550/30000, Loss=0.052382
Epoch 6, Itrs 2560/30000, Loss=0.054105
Epoch 6, Itrs 2570/30000, Loss=0.057051
Epoch 6, Itrs 2580/30000, Loss=0.052153
Epoch 6, Itrs 2590/30000, Loss=0.054968
Epoch 6, Itrs 2600/30000, Loss=0.050060
Epoch 6, Itrs 2610/30000, Loss=0.052145
Epoch 6, Itrs 2620/30000, Loss=0.049348
Epoch 6, Itrs 2630/30000, Loss=0.049251
Epoch 6, Itrs 2640/30000, Loss=0.055255
Epoch 6, Itrs 2650/30000, Loss=0.058480
Epoch 6, Itrs 2660/30000, Loss=0.055593
Epoch 6, Itrs 2670/30000, Loss=0.058615
Epoch 6, Itrs 2680/30000, Loss=0.053883
Epoch 6, Itrs 2690/30000, Loss=0.055904
Epoch 6, Itrs 2700/30000, Loss=0.057173
Epoch 6, Itrs 2710/30000, Loss=0.053469
Epoch 6, Itrs 2720/30000, Loss=0.055507
Epoch 6, Itrs 2730/30000, Loss=0.056336
Epoch 6, Itrs 2740/30000, Loss=0.054918
Epoch 6, Itrs 2750/30000, Loss=0.053612
Epoch 7, Itrs 2760/30000, Loss=0.046490
Epoch 7, Itrs 2770/30000, Loss=0.052060
Epoch 7, Itrs 2780/30000, Loss=0.050109
Epoch 7, Itrs 2790/30000, Loss=0.056079
Epoch 7, Itrs 2800/30000, Loss=0.049399
Epoch 7, Itrs 2810/30000, Loss=0.056680
Epoch 7, Itrs 2820/30000, Loss=0.058898
Epoch 7, Itrs 2830/30000, Loss=0.055630
Epoch 7, Itrs 2840/30000, Loss=0.049626
Epoch 7, Itrs 2850/30000, Loss=0.049183
Epoch 7, Itrs 2860/30000, Loss=0.054291
Epoch 7, Itrs 2870/30000, Loss=0.051224
Epoch 7, Itrs 2880/30000, Loss=0.058656
Epoch 7, Itrs 2890/30000, Loss=0.053355
Epoch 7, Itrs 2900/30000, Loss=0.056153
Epoch 7, Itrs 2910/30000, Loss=0.057527
Epoch 7, Itrs 2920/30000, Loss=0.055426
Epoch 7, Itrs 2930/30000, Loss=0.050868
Epoch 7, Itrs 2940/30000, Loss=0.057350
Epoch 7, Itrs 2950/30000, Loss=0.049633
Epoch 7, Itrs 2960/30000, Loss=0.051092
Epoch 7, Itrs 2970/30000, Loss=0.051636
Epoch 7, Itrs 2980/30000, Loss=0.051545
Epoch 7, Itrs 2990/30000, Loss=0.050895
Epoch 7, Itrs 3000/30000, Loss=0.055620
Epoch 7, Itrs 3010/30000, Loss=0.052468
Epoch 7, Itrs 3020/30000, Loss=0.054562
Epoch 7, Itrs 3030/30000, Loss=0.051642
Epoch 7, Itrs 3040/30000, Loss=0.053757
Epoch 7, Itrs 3050/30000, Loss=0.045645
Epoch 7, Itrs 3060/30000, Loss=0.052766
Epoch 7, Itrs 3070/30000, Loss=0.053888
Epoch 7, Itrs 3080/30000, Loss=0.052653
Epoch 7, Itrs 3090/30000, Loss=0.057523
Epoch 7, Itrs 3100/30000, Loss=0.052875
Epoch 7, Itrs 3110/30000, Loss=0.053143
Epoch 7, Itrs 3120/30000, Loss=0.054215
Epoch 7, Itrs 3130/30000, Loss=0.054747
Epoch 7, Itrs 3140/30000, Loss=0.048662
Epoch 7, Itrs 3150/30000, Loss=0.054391
Epoch 7, Itrs 3160/30000, Loss=0.051373
Epoch 7, Itrs 3170/30000, Loss=0.054347
Epoch 7, Itrs 3180/30000, Loss=0.053061
Epoch 7, Itrs 3190/30000, Loss=0.054104
Epoch 7, Itrs 3200/30000, Loss=0.054791
Epoch 7, Itrs 3210/30000, Loss=0.050524
Epoch 8, Itrs 3220/30000, Loss=0.052253
Epoch 8, Itrs 3230/30000, Loss=0.052378
Epoch 8, Itrs 3240/30000, Loss=0.053477
Epoch 8, Itrs 3250/30000, Loss=0.053384
Epoch 8, Itrs 3260/30000, Loss=0.054920
Epoch 8, Itrs 3270/30000, Loss=0.050649
Epoch 8, Itrs 3280/30000, Loss=0.053865
Epoch 8, Itrs 3290/30000, Loss=0.048748
Epoch 8, Itrs 3300/30000, Loss=0.048185
Epoch 8, Itrs 3310/30000, Loss=0.057200
Epoch 8, Itrs 3320/30000, Loss=0.058197
Epoch 8, Itrs 3330/30000, Loss=0.052060
Epoch 8, Itrs 3340/30000, Loss=0.051905
Epoch 8, Itrs 3350/30000, Loss=0.054834
Epoch 8, Itrs 3360/30000, Loss=0.052751
Epoch 8, Itrs 3370/30000, Loss=0.052353
Epoch 8, Itrs 3380/30000, Loss=0.049552
Epoch 8, Itrs 3390/30000, Loss=0.050452
Epoch 8, Itrs 3400/30000, Loss=0.048941
Epoch 8, Itrs 3410/30000, Loss=0.053768
Epoch 8, Itrs 3420/30000, Loss=0.045753
Epoch 8, Itrs 3430/30000, Loss=0.048828
Epoch 8, Itrs 3440/30000, Loss=0.051844
Epoch 8, Itrs 3450/30000, Loss=0.057950
Epoch 8, Itrs 3460/30000, Loss=0.053335
Epoch 8, Itrs 3470/30000, Loss=0.055334
Epoch 8, Itrs 3480/30000, Loss=0.051095
Epoch 8, Itrs 3490/30000, Loss=0.054613
Epoch 8, Itrs 3500/30000, Loss=0.048295
Epoch 8, Itrs 3510/30000, Loss=0.050465
Epoch 8, Itrs 3520/30000, Loss=0.051110
Epoch 8, Itrs 3530/30000, Loss=0.055065
Epoch 8, Itrs 3540/30000, Loss=0.051333
Epoch 8, Itrs 3550/30000, Loss=0.051056
Epoch 8, Itrs 3560/30000, Loss=0.051541
Epoch 8, Itrs 3570/30000, Loss=0.050270
Epoch 8, Itrs 3580/30000, Loss=0.048885
Epoch 8, Itrs 3590/30000, Loss=0.049935
Epoch 8, Itrs 3600/30000, Loss=0.054920
Epoch 8, Itrs 3610/30000, Loss=0.051410
Epoch 8, Itrs 3620/30000, Loss=0.051320
Epoch 8, Itrs 3630/30000, Loss=0.047585
Epoch 8, Itrs 3640/30000, Loss=0.053144
Epoch 8, Itrs 3650/30000, Loss=0.049564
Epoch 8, Itrs 3660/30000, Loss=0.050939
Epoch 8, Itrs 3670/30000, Loss=0.049300
Epoch 9, Itrs 3680/30000, Loss=0.053523
Epoch 9, Itrs 3690/30000, Loss=0.048877
Epoch 9, Itrs 3700/30000, Loss=0.050014
Epoch 9, Itrs 3710/30000, Loss=0.054118
Epoch 9, Itrs 3720/30000, Loss=0.051494
Epoch 9, Itrs 3730/30000, Loss=0.049895
Epoch 9, Itrs 3740/30000, Loss=0.057554
Epoch 9, Itrs 3750/30000, Loss=0.052271
Epoch 9, Itrs 3760/30000, Loss=0.049763
Epoch 9, Itrs 3770/30000, Loss=0.050617
Epoch 9, Itrs 3780/30000, Loss=0.051141
Epoch 9, Itrs 3790/30000, Loss=0.047260
Epoch 9, Itrs 3800/30000, Loss=0.049546
Epoch 9, Itrs 3810/30000, Loss=0.051056
Epoch 9, Itrs 3820/30000, Loss=0.052447
Epoch 9, Itrs 3830/30000, Loss=0.055937
Epoch 9, Itrs 3840/30000, Loss=0.050366
Epoch 9, Itrs 3850/30000, Loss=0.053161
Epoch 9, Itrs 3860/30000, Loss=0.046592
Epoch 9, Itrs 3870/30000, Loss=0.047470
Epoch 9, Itrs 3880/30000, Loss=0.050587
Epoch 9, Itrs 3890/30000, Loss=0.050315
Epoch 9, Itrs 3900/30000, Loss=0.051773
Epoch 9, Itrs 3910/30000, Loss=0.055069
Epoch 9, Itrs 3920/30000, Loss=0.052104
Epoch 9, Itrs 3930/30000, Loss=0.047531
Epoch 9, Itrs 3940/30000, Loss=0.049635
Epoch 9, Itrs 3950/30000, Loss=0.052045
Epoch 9, Itrs 3960/30000, Loss=0.048458
Epoch 9, Itrs 3970/30000, Loss=0.050221
Epoch 9, Itrs 3980/30000, Loss=0.049146
Epoch 9, Itrs 3990/30000, Loss=0.051028
Epoch 9, Itrs 4000/30000, Loss=0.050928
Model saved as checkpoints/latest_deeplabv3plus_resnet50_map_os16.pth
validation...

Overall Acc: 0.982772
Mean Acc: 0.954941
FreqW Acc: 0.974378
Mean IoU: 0.754161

Model saved as checkpoints/best_deeplabv3plus_resnet50_map_os16.pth
Epoch 9, Itrs 4010/30000, Loss=0.050099
Epoch 9, Itrs 4020/30000, Loss=0.055067
Epoch 9, Itrs 4030/30000, Loss=0.046734
Epoch 9, Itrs 4040/30000, Loss=0.050334
Epoch 9, Itrs 4050/30000, Loss=0.049914
Epoch 9, Itrs 4060/30000, Loss=0.053276
Epoch 9, Itrs 4070/30000, Loss=0.047621
Epoch 9, Itrs 4080/30000, Loss=0.050438
Epoch 9, Itrs 4090/30000, Loss=0.054023
Epoch 9, Itrs 4100/30000, Loss=0.051185
Epoch 9, Itrs 4110/30000, Loss=0.049700
Epoch 9, Itrs 4120/30000, Loss=0.048315
Epoch 9, Itrs 4130/30000, Loss=0.052120
Epoch 10, Itrs 4140/30000, Loss=0.051087
Epoch 10, Itrs 4150/30000, Loss=0.048126
Epoch 10, Itrs 4160/30000, Loss=0.050511
Epoch 10, Itrs 4170/30000, Loss=0.048520
Epoch 10, Itrs 4180/30000, Loss=0.055638
Epoch 10, Itrs 4190/30000, Loss=0.047482
Epoch 10, Itrs 4200/30000, Loss=0.051986
Epoch 10, Itrs 4210/30000, Loss=0.045421
Epoch 10, Itrs 4220/30000, Loss=0.052315
Epoch 10, Itrs 4230/30000, Loss=0.048886
Epoch 10, Itrs 4240/30000, Loss=0.048168
Epoch 10, Itrs 4250/30000, Loss=0.049591
Epoch 10, Itrs 4260/30000, Loss=0.047820
Epoch 10, Itrs 4270/30000, Loss=0.054120
Epoch 10, Itrs 4280/30000, Loss=0.048015
Epoch 10, Itrs 4290/30000, Loss=0.053965
Epoch 10, Itrs 4300/30000, Loss=0.055256
Epoch 10, Itrs 4310/30000, Loss=0.053478
Epoch 10, Itrs 4320/30000, Loss=0.045494
Epoch 10, Itrs 4330/30000, Loss=0.053195
Epoch 10, Itrs 4340/30000, Loss=0.048898
Epoch 10, Itrs 4350/30000, Loss=0.054874
Epoch 10, Itrs 4360/30000, Loss=0.046550
Epoch 10, Itrs 4370/30000, Loss=0.049122
Epoch 10, Itrs 4380/30000, Loss=0.054337
Epoch 10, Itrs 4390/30000, Loss=0.050524
Epoch 10, Itrs 4400/30000, Loss=0.047217
Epoch 10, Itrs 4410/30000, Loss=0.050123
Epoch 10, Itrs 4420/30000, Loss=0.047783
Epoch 10, Itrs 4430/30000, Loss=0.053003
Epoch 10, Itrs 4440/30000, Loss=0.049559
Epoch 10, Itrs 4450/30000, Loss=0.049795
Epoch 10, Itrs 4460/30000, Loss=0.051393
Epoch 10, Itrs 4470/30000, Loss=0.049153
Epoch 10, Itrs 4480/30000, Loss=0.054065
Epoch 10, Itrs 4490/30000, Loss=0.047787
Epoch 10, Itrs 4500/30000, Loss=0.048066
Epoch 10, Itrs 4510/30000, Loss=0.050811
Epoch 10, Itrs 4520/30000, Loss=0.051458
Epoch 10, Itrs 4530/30000, Loss=0.046189
Epoch 10, Itrs 4540/30000, Loss=0.048225
Epoch 10, Itrs 4550/30000, Loss=0.046926
Epoch 10, Itrs 4560/30000, Loss=0.051427
Epoch 10, Itrs 4570/30000, Loss=0.054022
Epoch 10, Itrs 4580/30000, Loss=0.045695
Epoch 10, Itrs 4590/30000, Loss=0.047742
Epoch 11, Itrs 4600/30000, Loss=0.050236
Epoch 11, Itrs 4610/30000, Loss=0.048797
Epoch 11, Itrs 4620/30000, Loss=0.047514
Epoch 11, Itrs 4630/30000, Loss=0.050999
Epoch 11, Itrs 4640/30000, Loss=0.048039
Epoch 11, Itrs 4650/30000, Loss=0.051602
Epoch 11, Itrs 4660/30000, Loss=0.049724
Epoch 11, Itrs 4670/30000, Loss=0.048213
Epoch 11, Itrs 4680/30000, Loss=0.048744
Epoch 11, Itrs 4690/30000, Loss=0.047522
Epoch 11, Itrs 4700/30000, Loss=0.051592
Epoch 11, Itrs 4710/30000, Loss=0.048621
Epoch 11, Itrs 4720/30000, Loss=0.047595
Epoch 11, Itrs 4730/30000, Loss=0.046173
Epoch 11, Itrs 4740/30000, Loss=0.052509
Epoch 11, Itrs 4750/30000, Loss=0.050384
Epoch 11, Itrs 4760/30000, Loss=0.047289
Epoch 11, Itrs 4770/30000, Loss=0.048138
Epoch 11, Itrs 4780/30000, Loss=0.045288
Epoch 11, Itrs 4790/30000, Loss=0.048839
Epoch 11, Itrs 4800/30000, Loss=0.049199
Epoch 11, Itrs 4810/30000, Loss=0.051215
Epoch 11, Itrs 4820/30000, Loss=0.046726
Epoch 11, Itrs 4830/30000, Loss=0.050273
Epoch 11, Itrs 4840/30000, Loss=0.049763
Epoch 11, Itrs 4850/30000, Loss=0.051100
Epoch 11, Itrs 4860/30000, Loss=0.045906
Epoch 11, Itrs 4870/30000, Loss=0.052375
Epoch 11, Itrs 4880/30000, Loss=0.048343
Epoch 11, Itrs 4890/30000, Loss=0.048756
Epoch 11, Itrs 4900/30000, Loss=0.050752
Epoch 11, Itrs 4910/30000, Loss=0.050056
Epoch 11, Itrs 4920/30000, Loss=0.046059
Epoch 11, Itrs 4930/30000, Loss=0.049017
Epoch 11, Itrs 4940/30000, Loss=0.050228
Epoch 11, Itrs 4950/30000, Loss=0.047592
Epoch 11, Itrs 4960/30000, Loss=0.053270
Epoch 11, Itrs 4970/30000, Loss=0.047135
Epoch 11, Itrs 4980/30000, Loss=0.048256
Epoch 11, Itrs 4990/30000, Loss=0.051853
Epoch 11, Itrs 5000/30000, Loss=0.043735
Epoch 11, Itrs 5010/30000, Loss=0.050669
Epoch 11, Itrs 5020/30000, Loss=0.053920
Epoch 11, Itrs 5030/30000, Loss=0.051092
Epoch 11, Itrs 5040/30000, Loss=0.052425
Epoch 12, Itrs 5050/30000, Loss=0.050050
Epoch 12, Itrs 5060/30000, Loss=0.052328
Epoch 12, Itrs 5070/30000, Loss=0.051230
Epoch 12, Itrs 5080/30000, Loss=0.049124
Epoch 12, Itrs 5090/30000, Loss=0.044152
Epoch 12, Itrs 5100/30000, Loss=0.044186
Epoch 12, Itrs 5110/30000, Loss=0.051010
Epoch 12, Itrs 5120/30000, Loss=0.049551
Epoch 12, Itrs 5130/30000, Loss=0.045129
Epoch 12, Itrs 5140/30000, Loss=0.046858
Epoch 12, Itrs 5150/30000, Loss=0.054806
Epoch 12, Itrs 5160/30000, Loss=0.049981
Epoch 12, Itrs 5170/30000, Loss=0.049314
Epoch 12, Itrs 5180/30000, Loss=0.050545
Epoch 12, Itrs 5190/30000, Loss=0.051036
Epoch 12, Itrs 5200/30000, Loss=0.048653
Epoch 12, Itrs 5210/30000, Loss=0.048914
Epoch 12, Itrs 5220/30000, Loss=0.051114
Epoch 12, Itrs 5230/30000, Loss=0.050016
Epoch 12, Itrs 5240/30000, Loss=0.043580
Epoch 12, Itrs 5250/30000, Loss=0.053864
Epoch 12, Itrs 5260/30000, Loss=0.050057
Epoch 12, Itrs 5270/30000, Loss=0.050741
Epoch 12, Itrs 5280/30000, Loss=0.049465
Epoch 12, Itrs 5290/30000, Loss=0.049337
Epoch 12, Itrs 5300/30000, Loss=0.045587
Epoch 12, Itrs 5310/30000, Loss=0.047940
Epoch 12, Itrs 5320/30000, Loss=0.047753
Epoch 12, Itrs 5330/30000, Loss=0.045627
Epoch 12, Itrs 5340/30000, Loss=0.050775
Epoch 12, Itrs 5350/30000, Loss=0.049579
Epoch 12, Itrs 5360/30000, Loss=0.048831
Epoch 12, Itrs 5370/30000, Loss=0.046246
Epoch 12, Itrs 5380/30000, Loss=0.048732
Epoch 12, Itrs 5390/30000, Loss=0.052588
Epoch 12, Itrs 5400/30000, Loss=0.047056
Epoch 12, Itrs 5410/30000, Loss=0.049531
Epoch 12, Itrs 5420/30000, Loss=0.045731
Epoch 12, Itrs 5430/30000, Loss=0.044051
Epoch 12, Itrs 5440/30000, Loss=0.048703
Epoch 12, Itrs 5450/30000, Loss=0.049953
Epoch 12, Itrs 5460/30000, Loss=0.046062
Epoch 12, Itrs 5470/30000, Loss=0.044271
Epoch 12, Itrs 5480/30000, Loss=0.049480
Epoch 12, Itrs 5490/30000, Loss=0.045650
Epoch 12, Itrs 5500/30000, Loss=0.047797
Epoch 13, Itrs 5510/30000, Loss=0.045975
Epoch 13, Itrs 5520/30000, Loss=0.047982
Epoch 13, Itrs 5530/30000, Loss=0.050888
Epoch 13, Itrs 5540/30000, Loss=0.047224
Epoch 13, Itrs 5550/30000, Loss=0.047036
Epoch 13, Itrs 5560/30000, Loss=0.049852
Epoch 13, Itrs 5570/30000, Loss=0.047252
Epoch 13, Itrs 5580/30000, Loss=0.048007
Epoch 13, Itrs 5590/30000, Loss=0.047234
Epoch 13, Itrs 5600/30000, Loss=0.049790
Epoch 13, Itrs 5610/30000, Loss=0.046482
Epoch 13, Itrs 5620/30000, Loss=0.044953
Epoch 13, Itrs 5630/30000, Loss=0.047120
Epoch 13, Itrs 5640/30000, Loss=0.048712
Epoch 13, Itrs 5650/30000, Loss=0.051983
Epoch 13, Itrs 5660/30000, Loss=0.048218
Epoch 13, Itrs 5670/30000, Loss=0.046942
Epoch 13, Itrs 5680/30000, Loss=0.046695
Epoch 13, Itrs 5690/30000, Loss=0.049216
Epoch 13, Itrs 5700/30000, Loss=0.053333
Epoch 13, Itrs 5710/30000, Loss=0.047060
Epoch 13, Itrs 5720/30000, Loss=0.047416
Epoch 13, Itrs 5730/30000, Loss=0.049455
Epoch 13, Itrs 5740/30000, Loss=0.045892
Epoch 13, Itrs 5750/30000, Loss=0.048473
Epoch 13, Itrs 5760/30000, Loss=0.049157
Epoch 13, Itrs 5770/30000, Loss=0.047398
Epoch 13, Itrs 5780/30000, Loss=0.051164
Epoch 13, Itrs 5790/30000, Loss=0.046255
Epoch 13, Itrs 5800/30000, Loss=0.047964
Epoch 13, Itrs 5810/30000, Loss=0.048977
Epoch 13, Itrs 5820/30000, Loss=0.052001
Epoch 13, Itrs 5830/30000, Loss=0.047734
Epoch 13, Itrs 5840/30000, Loss=0.048956
Epoch 13, Itrs 5850/30000, Loss=0.047189
Epoch 13, Itrs 5860/30000, Loss=0.050004
Epoch 13, Itrs 5870/30000, Loss=0.047539
Epoch 13, Itrs 5880/30000, Loss=0.045020
Epoch 13, Itrs 5890/30000, Loss=0.049382
Epoch 13, Itrs 5900/30000, Loss=0.043017
Epoch 13, Itrs 5910/30000, Loss=0.044726
Epoch 13, Itrs 5920/30000, Loss=0.049410
Epoch 13, Itrs 5930/30000, Loss=0.047519
Epoch 13, Itrs 5940/30000, Loss=0.046958
Epoch 13, Itrs 5950/30000, Loss=0.050119
Epoch 13, Itrs 5960/30000, Loss=0.047392
Epoch 14, Itrs 5970/30000, Loss=0.044708
Epoch 14, Itrs 5980/30000, Loss=0.048844
Epoch 14, Itrs 5990/30000, Loss=0.046991
Epoch 14, Itrs 6000/30000, Loss=0.047152
Model saved as checkpoints/latest_deeplabv3plus_resnet50_map_os16.pth
validation...

Overall Acc: 0.983666
Mean Acc: 0.958027
FreqW Acc: 0.975532
Mean IoU: 0.764528

Model saved as checkpoints/best_deeplabv3plus_resnet50_map_os16.pth
Epoch 14, Itrs 6010/30000, Loss=0.048636
Epoch 14, Itrs 6020/30000, Loss=0.047253
Epoch 14, Itrs 6030/30000, Loss=0.050151
Epoch 14, Itrs 6040/30000, Loss=0.046450
Epoch 14, Itrs 6050/30000, Loss=0.045890
Epoch 14, Itrs 6060/30000, Loss=0.046944
Epoch 14, Itrs 6070/30000, Loss=0.048369
Epoch 14, Itrs 6080/30000, Loss=0.045492
Epoch 14, Itrs 6090/30000, Loss=0.048562
Epoch 14, Itrs 6100/30000, Loss=0.043880
Epoch 14, Itrs 6110/30000, Loss=0.047531
Epoch 14, Itrs 6120/30000, Loss=0.051626
Epoch 14, Itrs 6130/30000, Loss=0.047359
Epoch 14, Itrs 6140/30000, Loss=0.044369
Epoch 14, Itrs 6150/30000, Loss=0.046981
Epoch 14, Itrs 6160/30000, Loss=0.043070
Epoch 14, Itrs 6170/30000, Loss=0.044664
Epoch 14, Itrs 6180/30000, Loss=0.051267
Epoch 14, Itrs 6190/30000, Loss=0.050155
Epoch 14, Itrs 6200/30000, Loss=0.049003
Epoch 14, Itrs 6210/30000, Loss=0.047482
Epoch 14, Itrs 6220/30000, Loss=0.046343
Epoch 14, Itrs 6230/30000, Loss=0.047644
Epoch 14, Itrs 6240/30000, Loss=0.049354
Epoch 14, Itrs 6250/30000, Loss=0.044768
Epoch 14, Itrs 6260/30000, Loss=0.045699
Epoch 14, Itrs 6270/30000, Loss=0.045441
Epoch 14, Itrs 6280/30000, Loss=0.048678
Epoch 14, Itrs 6290/30000, Loss=0.049018
Epoch 14, Itrs 6300/30000, Loss=0.048362
Epoch 14, Itrs 6310/30000, Loss=0.046109
Epoch 14, Itrs 6320/30000, Loss=0.052984
Epoch 14, Itrs 6330/30000, Loss=0.047357
Epoch 14, Itrs 6340/30000, Loss=0.048044
Epoch 14, Itrs 6350/30000, Loss=0.050835
Epoch 14, Itrs 6360/30000, Loss=0.046792
Epoch 14, Itrs 6370/30000, Loss=0.044331
Epoch 14, Itrs 6380/30000, Loss=0.046420
Epoch 14, Itrs 6390/30000, Loss=0.046371
Epoch 14, Itrs 6400/30000, Loss=0.046671
Epoch 14, Itrs 6410/30000, Loss=0.047441
Epoch 14, Itrs 6420/30000, Loss=0.046751
Epoch 15, Itrs 6430/30000, Loss=0.047995
Epoch 15, Itrs 6440/30000, Loss=0.046729
Epoch 15, Itrs 6450/30000, Loss=0.045276
Epoch 15, Itrs 6460/30000, Loss=0.046415
Epoch 15, Itrs 6470/30000, Loss=0.050400
Epoch 15, Itrs 6480/30000, Loss=0.042788
Epoch 15, Itrs 6490/30000, Loss=0.044243
Epoch 15, Itrs 6500/30000, Loss=0.046741
Epoch 15, Itrs 6510/30000, Loss=0.049679
Epoch 15, Itrs 6520/30000, Loss=0.045305
Epoch 15, Itrs 6530/30000, Loss=0.049032
Epoch 15, Itrs 6540/30000, Loss=0.046793
Epoch 15, Itrs 6550/30000, Loss=0.042979
Epoch 15, Itrs 6560/30000, Loss=0.048233
Epoch 15, Itrs 6570/30000, Loss=0.040913
Epoch 15, Itrs 6580/30000, Loss=0.048711
Epoch 15, Itrs 6590/30000, Loss=0.047550
Epoch 15, Itrs 6600/30000, Loss=0.047774
Epoch 15, Itrs 6610/30000, Loss=0.046938
Epoch 15, Itrs 6620/30000, Loss=0.046036
Epoch 15, Itrs 6630/30000, Loss=0.047990
Epoch 15, Itrs 6640/30000, Loss=0.047150
Epoch 15, Itrs 6650/30000, Loss=0.048572
Epoch 15, Itrs 6660/30000, Loss=0.045063
Epoch 15, Itrs 6670/30000, Loss=0.043275
Epoch 15, Itrs 6680/30000, Loss=0.048504
Epoch 15, Itrs 6690/30000, Loss=0.050382
Epoch 15, Itrs 6700/30000, Loss=0.047070
Epoch 15, Itrs 6710/30000, Loss=0.046183
Epoch 15, Itrs 6720/30000, Loss=0.051336
Epoch 15, Itrs 6730/30000, Loss=0.048999
Epoch 15, Itrs 6740/30000, Loss=0.046584
Epoch 15, Itrs 6750/30000, Loss=0.043472
Epoch 15, Itrs 6760/30000, Loss=0.045410
Epoch 15, Itrs 6770/30000, Loss=0.050339
Epoch 15, Itrs 6780/30000, Loss=0.048560
Epoch 15, Itrs 6790/30000, Loss=0.046588
Epoch 15, Itrs 6800/30000, Loss=0.045809
Epoch 15, Itrs 6810/30000, Loss=0.046249
Epoch 15, Itrs 6820/30000, Loss=0.048485
Epoch 15, Itrs 6830/30000, Loss=0.046278
Epoch 15, Itrs 6840/30000, Loss=0.045078
Epoch 15, Itrs 6850/30000, Loss=0.047740
Epoch 15, Itrs 6860/30000, Loss=0.048720
Epoch 15, Itrs 6870/30000, Loss=0.055029
Epoch 15, Itrs 6880/30000, Loss=0.045751
Epoch 16, Itrs 6890/30000, Loss=0.045769
Epoch 16, Itrs 6900/30000, Loss=0.046789
Epoch 16, Itrs 6910/30000, Loss=0.046112
Epoch 16, Itrs 6920/30000, Loss=0.048159
Epoch 16, Itrs 6930/30000, Loss=0.045627
Epoch 16, Itrs 6940/30000, Loss=0.046564
Epoch 16, Itrs 6950/30000, Loss=0.042549
Epoch 16, Itrs 6960/30000, Loss=0.048115
Epoch 16, Itrs 6970/30000, Loss=0.047944
Epoch 16, Itrs 6980/30000, Loss=0.046073
Epoch 16, Itrs 6990/30000, Loss=0.044862
Epoch 16, Itrs 7000/30000, Loss=0.045762
Epoch 16, Itrs 7010/30000, Loss=0.047564
Epoch 16, Itrs 7020/30000, Loss=0.049422
Epoch 16, Itrs 7030/30000, Loss=0.046110
Epoch 16, Itrs 7040/30000, Loss=0.045633
Epoch 16, Itrs 7050/30000, Loss=0.044261
Epoch 16, Itrs 7060/30000, Loss=0.046509
Epoch 16, Itrs 7070/30000, Loss=0.049681
Epoch 16, Itrs 7080/30000, Loss=0.050385
Epoch 16, Itrs 7090/30000, Loss=0.046827
Epoch 16, Itrs 7100/30000, Loss=0.044278
Epoch 16, Itrs 7110/30000, Loss=0.051652
Epoch 16, Itrs 7120/30000, Loss=0.045792
Epoch 16, Itrs 7130/30000, Loss=0.043822
Epoch 16, Itrs 7140/30000, Loss=0.048743
Epoch 16, Itrs 7150/30000, Loss=0.046389
Epoch 16, Itrs 7160/30000, Loss=0.049031
Epoch 16, Itrs 7170/30000, Loss=0.046586
Epoch 16, Itrs 7180/30000, Loss=0.047456
Epoch 16, Itrs 7190/30000, Loss=0.045223
Epoch 16, Itrs 7200/30000, Loss=0.043817
Epoch 16, Itrs 7210/30000, Loss=0.045104
Epoch 16, Itrs 7220/30000, Loss=0.044378
Epoch 16, Itrs 7230/30000, Loss=0.047756
Epoch 16, Itrs 7240/30000, Loss=0.049524
Epoch 16, Itrs 7250/30000, Loss=0.047173
Epoch 16, Itrs 7260/30000, Loss=0.047538
Epoch 16, Itrs 7270/30000, Loss=0.041791
Epoch 16, Itrs 7280/30000, Loss=0.045468
Epoch 16, Itrs 7290/30000, Loss=0.045664
Epoch 16, Itrs 7300/30000, Loss=0.045203
Epoch 16, Itrs 7310/30000, Loss=0.047911
Epoch 16, Itrs 7320/30000, Loss=0.048773
Epoch 16, Itrs 7330/30000, Loss=0.045521
Epoch 16, Itrs 7340/30000, Loss=0.043231
Epoch 17, Itrs 7350/30000, Loss=0.042135
Epoch 17, Itrs 7360/30000, Loss=0.049495
Epoch 17, Itrs 7370/30000, Loss=0.048871
Epoch 17, Itrs 7380/30000, Loss=0.048791
Epoch 17, Itrs 7390/30000, Loss=0.047838
Epoch 17, Itrs 7400/30000, Loss=0.044646
Epoch 17, Itrs 7410/30000, Loss=0.047035
Epoch 17, Itrs 7420/30000, Loss=0.044588
Epoch 17, Itrs 7430/30000, Loss=0.045526
Epoch 17, Itrs 7440/30000, Loss=0.045881
Epoch 17, Itrs 7450/30000, Loss=0.048662
Epoch 17, Itrs 7460/30000, Loss=0.045049
Epoch 17, Itrs 7470/30000, Loss=0.044917
Epoch 17, Itrs 7480/30000, Loss=0.048156
Epoch 17, Itrs 7490/30000, Loss=0.047149
Epoch 17, Itrs 7500/30000, Loss=0.045672
Epoch 17, Itrs 7510/30000, Loss=0.043209
Epoch 17, Itrs 7520/30000, Loss=0.049496
Epoch 17, Itrs 7530/30000, Loss=0.047312
Epoch 17, Itrs 7540/30000, Loss=0.044723
Epoch 17, Itrs 7550/30000, Loss=0.048125
Epoch 17, Itrs 7560/30000, Loss=0.050333
Epoch 17, Itrs 7570/30000, Loss=0.046165
Epoch 17, Itrs 7580/30000, Loss=0.044893
Epoch 17, Itrs 7590/30000, Loss=0.042953
Epoch 17, Itrs 7600/30000, Loss=0.044164
Epoch 17, Itrs 7610/30000, Loss=0.046257
Epoch 17, Itrs 7620/30000, Loss=0.044439
Epoch 17, Itrs 7630/30000, Loss=0.047136
Epoch 17, Itrs 7640/30000, Loss=0.047643
Epoch 17, Itrs 7650/30000, Loss=0.048304
Epoch 17, Itrs 7660/30000, Loss=0.048208
Epoch 17, Itrs 7670/30000, Loss=0.043565
Epoch 17, Itrs 7680/30000, Loss=0.044721
Epoch 17, Itrs 7690/30000, Loss=0.044797
Epoch 17, Itrs 7700/30000, Loss=0.042378
Epoch 17, Itrs 7710/30000, Loss=0.042773
Epoch 17, Itrs 7720/30000, Loss=0.050982
Epoch 17, Itrs 7730/30000, Loss=0.045458
Epoch 17, Itrs 7740/30000, Loss=0.045260
Epoch 17, Itrs 7750/30000, Loss=0.047484
Epoch 17, Itrs 7760/30000, Loss=0.042825
Epoch 17, Itrs 7770/30000, Loss=0.046606
Epoch 17, Itrs 7780/30000, Loss=0.043299
Epoch 17, Itrs 7790/30000, Loss=0.044573
Epoch 17, Itrs 7800/30000, Loss=0.045277
Epoch 18, Itrs 7810/30000, Loss=0.049406
Epoch 18, Itrs 7820/30000, Loss=0.047248
Epoch 18, Itrs 7830/30000, Loss=0.043243
Epoch 18, Itrs 7840/30000, Loss=0.046692
Epoch 18, Itrs 7850/30000, Loss=0.045771
Epoch 18, Itrs 7860/30000, Loss=0.043485
Epoch 18, Itrs 7870/30000, Loss=0.046642
Epoch 18, Itrs 7880/30000, Loss=0.048036
Epoch 18, Itrs 7890/30000, Loss=0.044385
Epoch 18, Itrs 7900/30000, Loss=0.047144
Epoch 18, Itrs 7910/30000, Loss=0.048238
Epoch 18, Itrs 7920/30000, Loss=0.045114
Epoch 18, Itrs 7930/30000, Loss=0.042612
Epoch 18, Itrs 7940/30000, Loss=0.047162
Epoch 18, Itrs 7950/30000, Loss=0.042958
Epoch 18, Itrs 7960/30000, Loss=0.045842
Epoch 18, Itrs 7970/30000, Loss=0.047273
Epoch 18, Itrs 7980/30000, Loss=0.048417
Epoch 18, Itrs 7990/30000, Loss=0.041978
Epoch 18, Itrs 8000/30000, Loss=0.046451
Model saved as checkpoints/latest_deeplabv3plus_resnet50_map_os16.pth
validation...

Overall Acc: 0.983878
Mean Acc: 0.963573
FreqW Acc: 0.975828
Mean IoU: 0.766815

Model saved as checkpoints/best_deeplabv3plus_resnet50_map_os16.pth
Epoch 18, Itrs 8010/30000, Loss=0.047232
Epoch 18, Itrs 8020/30000, Loss=0.048740
Epoch 18, Itrs 8030/30000, Loss=0.046237
Epoch 18, Itrs 8040/30000, Loss=0.046363
Epoch 18, Itrs 8050/30000, Loss=0.048141
Epoch 18, Itrs 8060/30000, Loss=0.046449
Epoch 18, Itrs 8070/30000, Loss=0.045716
Epoch 18, Itrs 8080/30000, Loss=0.047439
Epoch 18, Itrs 8090/30000, Loss=0.046929
Epoch 18, Itrs 8100/30000, Loss=0.043367
Epoch 18, Itrs 8110/30000, Loss=0.040729
Epoch 18, Itrs 8120/30000, Loss=0.049719
Epoch 18, Itrs 8130/30000, Loss=0.042415
Epoch 18, Itrs 8140/30000, Loss=0.045363
Epoch 18, Itrs 8150/30000, Loss=0.044590
Epoch 18, Itrs 8160/30000, Loss=0.050108
Epoch 18, Itrs 8170/30000, Loss=0.045946
Epoch 18, Itrs 8180/30000, Loss=0.044482
Epoch 18, Itrs 8190/30000, Loss=0.044126
Epoch 18, Itrs 8200/30000, Loss=0.044236
Epoch 18, Itrs 8210/30000, Loss=0.047138
Epoch 18, Itrs 8220/30000, Loss=0.045465
Epoch 18, Itrs 8230/30000, Loss=0.047173
Epoch 18, Itrs 8240/30000, Loss=0.043019
Epoch 18, Itrs 8250/30000, Loss=0.044538
Epoch 18, Itrs 8260/30000, Loss=0.042654
Epoch 19, Itrs 8270/30000, Loss=0.044259
Epoch 19, Itrs 8280/30000, Loss=0.044783
Epoch 19, Itrs 8290/30000, Loss=0.044066
Epoch 19, Itrs 8300/30000, Loss=0.048868
Epoch 19, Itrs 8310/30000, Loss=0.045313
Epoch 19, Itrs 8320/30000, Loss=0.045686
Epoch 19, Itrs 8330/30000, Loss=0.043606
Epoch 19, Itrs 8340/30000, Loss=0.045391
Epoch 19, Itrs 8350/30000, Loss=0.044213
Epoch 19, Itrs 8360/30000, Loss=0.041262
Epoch 19, Itrs 8370/30000, Loss=0.045901
Epoch 19, Itrs 8380/30000, Loss=0.047007
Epoch 19, Itrs 8390/30000, Loss=0.044822
Epoch 19, Itrs 8400/30000, Loss=0.046821
Epoch 19, Itrs 8410/30000, Loss=0.044611
Epoch 19, Itrs 8420/30000, Loss=0.047232
Epoch 19, Itrs 8430/30000, Loss=0.045699
Epoch 19, Itrs 8440/30000, Loss=0.044563
Epoch 19, Itrs 8450/30000, Loss=0.046205
Epoch 19, Itrs 8460/30000, Loss=0.044270
Epoch 19, Itrs 8470/30000, Loss=0.049860
Epoch 19, Itrs 8480/30000, Loss=0.044807
Epoch 19, Itrs 8490/30000, Loss=0.044939
Epoch 19, Itrs 8500/30000, Loss=0.046921
Epoch 19, Itrs 8510/30000, Loss=0.043415
Epoch 19, Itrs 8520/30000, Loss=0.047569
Epoch 19, Itrs 8530/30000, Loss=0.043965
Epoch 19, Itrs 8540/30000, Loss=0.043948
Epoch 19, Itrs 8550/30000, Loss=0.042947
Epoch 19, Itrs 8560/30000, Loss=0.045489
Epoch 19, Itrs 8570/30000, Loss=0.045381
Epoch 19, Itrs 8580/30000, Loss=0.046451
Epoch 19, Itrs 8590/30000, Loss=0.045989
Epoch 19, Itrs 8600/30000, Loss=0.045921
Epoch 19, Itrs 8610/30000, Loss=0.051062
Epoch 19, Itrs 8620/30000, Loss=0.049076
Epoch 19, Itrs 8630/30000, Loss=0.044293
Epoch 19, Itrs 8640/30000, Loss=0.048122
Epoch 19, Itrs 8650/30000, Loss=0.042390
Epoch 19, Itrs 8660/30000, Loss=0.043706
Epoch 19, Itrs 8670/30000, Loss=0.041985
Epoch 19, Itrs 8680/30000, Loss=0.040907
Epoch 19, Itrs 8690/30000, Loss=0.046852
Epoch 19, Itrs 8700/30000, Loss=0.047341
Epoch 19, Itrs 8710/30000, Loss=0.042963
Epoch 19, Itrs 8720/30000, Loss=0.045379
Epoch 20, Itrs 8730/30000, Loss=0.043975
Epoch 20, Itrs 8740/30000, Loss=0.045509
Epoch 20, Itrs 8750/30000, Loss=0.045973
Epoch 20, Itrs 8760/30000, Loss=0.044298
Epoch 20, Itrs 8770/30000, Loss=0.041794
Epoch 20, Itrs 8780/30000, Loss=0.043890
Epoch 20, Itrs 8790/30000, Loss=0.046083
Epoch 20, Itrs 8800/30000, Loss=0.042272
Epoch 20, Itrs 8810/30000, Loss=0.048017
Epoch 20, Itrs 8820/30000, Loss=0.045066
Epoch 20, Itrs 8830/30000, Loss=0.045532
Epoch 20, Itrs 8840/30000, Loss=0.043766
Epoch 20, Itrs 8850/30000, Loss=0.047442
Epoch 20, Itrs 8860/30000, Loss=0.041400
Epoch 20, Itrs 8870/30000, Loss=0.048187
Epoch 20, Itrs 8880/30000, Loss=0.049773
Epoch 20, Itrs 8890/30000, Loss=0.045135
Epoch 20, Itrs 8900/30000, Loss=0.043533
Epoch 20, Itrs 8910/30000, Loss=0.049812
Epoch 20, Itrs 8920/30000, Loss=0.039169
Epoch 20, Itrs 8930/30000, Loss=0.048218
Epoch 20, Itrs 8940/30000, Loss=0.044782
Epoch 20, Itrs 8950/30000, Loss=0.044830
Epoch 20, Itrs 8960/30000, Loss=0.046503
Epoch 20, Itrs 8970/30000, Loss=0.043158
Epoch 20, Itrs 8980/30000, Loss=0.044405
Epoch 20, Itrs 8990/30000, Loss=0.044342
Epoch 20, Itrs 9000/30000, Loss=0.044447
Epoch 20, Itrs 9010/30000, Loss=0.045769
Epoch 20, Itrs 9020/30000, Loss=0.040360
Epoch 20, Itrs 9030/30000, Loss=0.044167
Epoch 20, Itrs 9040/30000, Loss=0.049136
Epoch 20, Itrs 9050/30000, Loss=0.042337
Epoch 20, Itrs 9060/30000, Loss=0.039721
Epoch 20, Itrs 9070/30000, Loss=0.047573
Epoch 20, Itrs 9080/30000, Loss=0.041610
Epoch 20, Itrs 9090/30000, Loss=0.046175
Epoch 20, Itrs 9100/30000, Loss=0.042123
Epoch 20, Itrs 9110/30000, Loss=0.050051
Epoch 20, Itrs 9120/30000, Loss=0.044727
Epoch 20, Itrs 9130/30000, Loss=0.049675
Epoch 20, Itrs 9140/30000, Loss=0.040378
Epoch 20, Itrs 9150/30000, Loss=0.047525
Epoch 20, Itrs 9160/30000, Loss=0.047642
Epoch 20, Itrs 9170/30000, Loss=0.049199
Epoch 20, Itrs 9180/30000, Loss=0.043631
Epoch 21, Itrs 9190/30000, Loss=0.047528
Epoch 21, Itrs 9200/30000, Loss=0.041476
Epoch 21, Itrs 9210/30000, Loss=0.041660
Epoch 21, Itrs 9220/30000, Loss=0.042209
Epoch 21, Itrs 9230/30000, Loss=0.044796
Epoch 21, Itrs 9240/30000, Loss=0.044249
Epoch 21, Itrs 9250/30000, Loss=0.043148
Epoch 21, Itrs 9260/30000, Loss=0.049264
Epoch 21, Itrs 9270/30000, Loss=0.044398
Epoch 21, Itrs 9280/30000, Loss=0.045785
Epoch 21, Itrs 9290/30000, Loss=0.043149
Epoch 21, Itrs 9300/30000, Loss=0.049901
Epoch 21, Itrs 9310/30000, Loss=0.041934
Epoch 21, Itrs 9320/30000, Loss=0.044122
Epoch 21, Itrs 9330/30000, Loss=0.046461
Epoch 21, Itrs 9340/30000, Loss=0.042245
Epoch 21, Itrs 9350/30000, Loss=0.047179
Epoch 21, Itrs 9360/30000, Loss=0.049503
Epoch 21, Itrs 9370/30000, Loss=0.048481
Epoch 21, Itrs 9380/30000, Loss=0.049360
Epoch 21, Itrs 9390/30000, Loss=0.046784
Epoch 21, Itrs 9400/30000, Loss=0.042869
Epoch 21, Itrs 9410/30000, Loss=0.044640
Epoch 21, Itrs 9420/30000, Loss=0.043799
Epoch 21, Itrs 9430/30000, Loss=0.039727
Epoch 21, Itrs 9440/30000, Loss=0.049459
Epoch 21, Itrs 9450/30000, Loss=0.041686
Epoch 21, Itrs 9460/30000, Loss=0.041938
Epoch 21, Itrs 9470/30000, Loss=0.044795
Epoch 21, Itrs 9480/30000, Loss=0.047223
Epoch 21, Itrs 9490/30000, Loss=0.047426
Epoch 21, Itrs 9500/30000, Loss=0.044927
Epoch 21, Itrs 9510/30000, Loss=0.045260
Epoch 21, Itrs 9520/30000, Loss=0.046742
Epoch 21, Itrs 9530/30000, Loss=0.041571
Epoch 21, Itrs 9540/30000, Loss=0.044496
Epoch 21, Itrs 9550/30000, Loss=0.043723
Epoch 21, Itrs 9560/30000, Loss=0.043483
Epoch 21, Itrs 9570/30000, Loss=0.044780
Epoch 21, Itrs 9580/30000, Loss=0.043453
Epoch 21, Itrs 9590/30000, Loss=0.042884
Epoch 21, Itrs 9600/30000, Loss=0.047063
Epoch 21, Itrs 9610/30000, Loss=0.044475
Epoch 21, Itrs 9620/30000, Loss=0.041845
Epoch 21, Itrs 9630/30000, Loss=0.047733
Epoch 22, Itrs 9640/30000, Loss=0.038624
Epoch 22, Itrs 9650/30000, Loss=0.046176
Epoch 22, Itrs 9660/30000, Loss=0.043307
Epoch 22, Itrs 9670/30000, Loss=0.043993
Epoch 22, Itrs 9680/30000, Loss=0.046334
Epoch 22, Itrs 9690/30000, Loss=0.047596
Epoch 22, Itrs 9700/30000, Loss=0.042164
Epoch 22, Itrs 9710/30000, Loss=0.046664
Epoch 22, Itrs 9720/30000, Loss=0.045315
Epoch 22, Itrs 9730/30000, Loss=0.040286
Epoch 22, Itrs 9740/30000, Loss=0.045289
Epoch 22, Itrs 9750/30000, Loss=0.043606
Epoch 22, Itrs 9760/30000, Loss=0.042842
Epoch 22, Itrs 9770/30000, Loss=0.038728
Epoch 22, Itrs 9780/30000, Loss=0.044659
Epoch 22, Itrs 9790/30000, Loss=0.046977
Epoch 22, Itrs 9800/30000, Loss=0.047637
Epoch 22, Itrs 9810/30000, Loss=0.046102
Epoch 22, Itrs 9820/30000, Loss=0.048465
Epoch 22, Itrs 9830/30000, Loss=0.042705
Epoch 22, Itrs 9840/30000, Loss=0.040994
Epoch 22, Itrs 9850/30000, Loss=0.043165
Epoch 22, Itrs 9860/30000, Loss=0.044945
Epoch 22, Itrs 9870/30000, Loss=0.041435
Epoch 22, Itrs 9880/30000, Loss=0.044412
Epoch 22, Itrs 9890/30000, Loss=0.041670
Epoch 22, Itrs 9900/30000, Loss=0.044888
Epoch 22, Itrs 9910/30000, Loss=0.045015
Epoch 22, Itrs 9920/30000, Loss=0.047413
Epoch 22, Itrs 9930/30000, Loss=0.041351
Epoch 22, Itrs 9940/30000, Loss=0.041736
Epoch 22, Itrs 9950/30000, Loss=0.043588
Epoch 22, Itrs 9960/30000, Loss=0.039918
Epoch 22, Itrs 9970/30000, Loss=0.047978
Epoch 22, Itrs 9980/30000, Loss=0.044642
Epoch 22, Itrs 9990/30000, Loss=0.044392
Epoch 22, Itrs 10000/30000, Loss=0.045836
Model saved as checkpoints/latest_deeplabv3plus_resnet50_map_os16.pth
validation...

Overall Acc: 0.984240
Mean Acc: 0.966014
FreqW Acc: 0.976282
Mean IoU: 0.769364

Model saved as checkpoints/best_deeplabv3plus_resnet50_map_os16.pth
Epoch 22, Itrs 10010/30000, Loss=0.046313
Epoch 22, Itrs 10020/30000, Loss=0.043117
Epoch 22, Itrs 10030/30000, Loss=0.044677
Epoch 22, Itrs 10040/30000, Loss=0.047008
Epoch 22, Itrs 10050/30000, Loss=0.046365
Epoch 22, Itrs 10060/30000, Loss=0.047417
Epoch 22, Itrs 10070/30000, Loss=0.047144
Epoch 22, Itrs 10080/30000, Loss=0.041007
Epoch 22, Itrs 10090/30000, Loss=0.043972
Epoch 23, Itrs 10100/30000, Loss=0.045652
Epoch 23, Itrs 10110/30000, Loss=0.044138
Epoch 23, Itrs 10120/30000, Loss=0.044165
Epoch 23, Itrs 10130/30000, Loss=0.041798
Epoch 23, Itrs 10140/30000, Loss=0.047013
Epoch 23, Itrs 10150/30000, Loss=0.042305
Epoch 23, Itrs 10160/30000, Loss=0.046132
Epoch 23, Itrs 10170/30000, Loss=0.042239
Epoch 23, Itrs 10180/30000, Loss=0.049409
Epoch 23, Itrs 10190/30000, Loss=0.046544
Epoch 23, Itrs 10200/30000, Loss=0.047476
Epoch 23, Itrs 10210/30000, Loss=0.042858
Epoch 23, Itrs 10220/30000, Loss=0.043218
Epoch 23, Itrs 10230/30000, Loss=0.046024
Epoch 23, Itrs 10240/30000, Loss=0.045238
Epoch 23, Itrs 10250/30000, Loss=0.044878
Epoch 23, Itrs 10260/30000, Loss=0.043575
Epoch 23, Itrs 10270/30000, Loss=0.043617
Epoch 23, Itrs 10280/30000, Loss=0.042847
Epoch 23, Itrs 10290/30000, Loss=0.044670
Epoch 23, Itrs 10300/30000, Loss=0.043185
Epoch 23, Itrs 10310/30000, Loss=0.047184
Epoch 23, Itrs 10320/30000, Loss=0.040760
Epoch 23, Itrs 10330/30000, Loss=0.045820
Epoch 23, Itrs 10340/30000, Loss=0.043959
Epoch 23, Itrs 10350/30000, Loss=0.042535
Epoch 23, Itrs 10360/30000, Loss=0.040546
Epoch 23, Itrs 10370/30000, Loss=0.044717
Epoch 23, Itrs 10380/30000, Loss=0.038899
Epoch 23, Itrs 10390/30000, Loss=0.039922
Epoch 23, Itrs 10400/30000, Loss=0.041768
Epoch 23, Itrs 10410/30000, Loss=0.044266
Epoch 23, Itrs 10420/30000, Loss=0.042956
Epoch 23, Itrs 10430/30000, Loss=0.043619
Epoch 23, Itrs 10440/30000, Loss=0.042786
Epoch 23, Itrs 10450/30000, Loss=0.043132
Epoch 23, Itrs 10460/30000, Loss=0.045525
Epoch 23, Itrs 10470/30000, Loss=0.044601
Epoch 23, Itrs 10480/30000, Loss=0.045552
Epoch 23, Itrs 10490/30000, Loss=0.044138
Epoch 23, Itrs 10500/30000, Loss=0.044587
Epoch 23, Itrs 10510/30000, Loss=0.042524
Epoch 23, Itrs 10520/30000, Loss=0.042434
Epoch 23, Itrs 10530/30000, Loss=0.047985
Epoch 23, Itrs 10540/30000, Loss=0.047974
Epoch 23, Itrs 10550/30000, Loss=0.047130
Epoch 24, Itrs 10560/30000, Loss=0.048010
Epoch 24, Itrs 10570/30000, Loss=0.040634
Epoch 24, Itrs 10580/30000, Loss=0.042693
Epoch 24, Itrs 10590/30000, Loss=0.044437
Epoch 24, Itrs 10600/30000, Loss=0.046796
Epoch 24, Itrs 10610/30000, Loss=0.044307
Epoch 24, Itrs 10620/30000, Loss=0.043483
Epoch 24, Itrs 10630/30000, Loss=0.042146
Epoch 24, Itrs 10640/30000, Loss=0.045113
Epoch 24, Itrs 10650/30000, Loss=0.047796
Epoch 24, Itrs 10660/30000, Loss=0.049095
Epoch 24, Itrs 10670/30000, Loss=0.045560
Epoch 24, Itrs 10680/30000, Loss=0.042920
Epoch 24, Itrs 10690/30000, Loss=0.042825
Epoch 24, Itrs 10700/30000, Loss=0.040839
Epoch 24, Itrs 10710/30000, Loss=0.040689
Epoch 24, Itrs 10720/30000, Loss=0.045572
Epoch 24, Itrs 10730/30000, Loss=0.042204
Epoch 24, Itrs 10740/30000, Loss=0.046386
Epoch 24, Itrs 10750/30000, Loss=0.045234
Epoch 24, Itrs 10760/30000, Loss=0.044490
Epoch 24, Itrs 10770/30000, Loss=0.041724
Epoch 24, Itrs 10780/30000, Loss=0.041524
Epoch 24, Itrs 10790/30000, Loss=0.048428
Epoch 24, Itrs 10800/30000, Loss=0.042775
Epoch 24, Itrs 10810/30000, Loss=0.046561
Epoch 24, Itrs 10820/30000, Loss=0.040350
Epoch 24, Itrs 10830/30000, Loss=0.042001
Epoch 24, Itrs 10840/30000, Loss=0.044488
Epoch 24, Itrs 10850/30000, Loss=0.043534
Epoch 24, Itrs 10860/30000, Loss=0.037912
Epoch 24, Itrs 10870/30000, Loss=0.041930
Epoch 24, Itrs 10880/30000, Loss=0.045335
Epoch 24, Itrs 10890/30000, Loss=0.044835
Epoch 24, Itrs 10900/30000, Loss=0.045264
Epoch 24, Itrs 10910/30000, Loss=0.046653
Epoch 24, Itrs 10920/30000, Loss=0.045175
Epoch 24, Itrs 10930/30000, Loss=0.041655
Epoch 24, Itrs 10940/30000, Loss=0.043526
Epoch 24, Itrs 10950/30000, Loss=0.045863
Epoch 24, Itrs 10960/30000, Loss=0.041577
Epoch 24, Itrs 10970/30000, Loss=0.041914
Epoch 24, Itrs 10980/30000, Loss=0.042583
Epoch 24, Itrs 10990/30000, Loss=0.044367
Epoch 24, Itrs 11000/30000, Loss=0.045357
Epoch 24, Itrs 11010/30000, Loss=0.046286
